{"/Users/tanishqpadwal/Desktop/Luminari/luminari fe/skin-disease-frontend/src/App.js": {"path":"/Users/tanishqpadwal/Desktop/Luminari/luminari fe/skin-disease-frontend/src/App.js","statementMap":{"0":{"start":{"line":26,"column":23},"end":{"line":35,"column":1}},"1":{"start":{"line":27,"column":19},"end":{"line":27,"column":32}},"2":{"start":{"line":30,"column":2},"end":{"line":32,"column":3}},"3":{"start":{"line":31,"column":4},"end":{"line":31,"column":16}},"4":{"start":{"line":34,"column":2},"end":{"line":34,"column":21}},"5":{"start":{"line":37,"column":19},"end":{"line":109,"column":1}},"6":{"start":{"line":38,"column":41},"end":{"line":38,"column":50}},"7":{"start":{"line":40,"column":2},"end":{"line":47,"column":3}},"8":{"start":{"line":41,"column":4},"end":{"line":46,"column":6}},"9":{"start":{"line":49,"column":2},"end":{"line":108,"column":4}},"10":{"start":{"line":112,"column":2},"end":{"line":118,"column":4}}},"fnMap":{"0":{"name":"(anonymous_0)","decl":{"start":{"line":26,"column":23},"end":{"line":26,"column":24}},"loc":{"start":{"line":26,"column":29},"end":{"line":35,"column":1}},"line":26},"1":{"name":"(anonymous_1)","decl":{"start":{"line":37,"column":19},"end":{"line":37,"column":20}},"loc":{"start":{"line":37,"column":25},"end":{"line":109,"column":1}},"line":37},"2":{"name":"App","decl":{"start":{"line":111,"column":9},"end":{"line":111,"column":12}},"loc":{"start":{"line":111,"column":15},"end":{"line":119,"column":1}},"line":111}},"branchMap":{"0":{"loc":{"start":{"line":30,"column":2},"end":{"line":32,"column":3}},"type":"if","locations":[{"start":{"line":30,"column":2},"end":{"line":32,"column":3}},{"start":{},"end":{}}],"line":30},"1":{"loc":{"start":{"line":40,"column":2},"end":{"line":47,"column":3}},"type":"if","locations":[{"start":{"line":40,"column":2},"end":{"line":47,"column":3}},{"start":{},"end":{}}],"line":40}},"s":{"0":0,"1":0,"2":0,"3":0,"4":0,"5":0,"6":0,"7":0,"8":0,"9":0,"10":0},"f":{"0":0,"1":0,"2":0},"b":{"0":[0,0],"1":[0,0]}}
,"/Users/tanishqpadwal/Desktop/Luminari/luminari fe/skin-disease-frontend/src/index.js": {"path":"/Users/tanishqpadwal/Desktop/Luminari/luminari fe/skin-disease-frontend/src/index.js","statementMap":{"0":{"start":{"line":7,"column":13},"end":{"line":7,"column":65}},"1":{"start":{"line":8,"column":0},"end":{"line":12,"column":2}},"2":{"start":{"line":17,"column":0},"end":{"line":17,"column":18}}},"fnMap":{},"branchMap":{},"s":{"0":0,"1":0,"2":0},"f":{},"b":{}}
,"/Users/tanishqpadwal/Desktop/Luminari/luminari fe/skin-disease-frontend/src/reportWebVitals.js": {"path":"/Users/tanishqpadwal/Desktop/Luminari/luminari fe/skin-disease-frontend/src/reportWebVitals.js","statementMap":{"0":{"start":{"line":1,"column":24},"end":{"line":11,"column":1}},"1":{"start":{"line":2,"column":2},"end":{"line":10,"column":3}},"2":{"start":{"line":3,"column":4},"end":{"line":9,"column":7}},"3":{"start":{"line":4,"column":6},"end":{"line":4,"column":26}},"4":{"start":{"line":5,"column":6},"end":{"line":5,"column":26}},"5":{"start":{"line":6,"column":6},"end":{"line":6,"column":26}},"6":{"start":{"line":7,"column":6},"end":{"line":7,"column":26}},"7":{"start":{"line":8,"column":6},"end":{"line":8,"column":27}}},"fnMap":{"0":{"name":"(anonymous_0)","decl":{"start":{"line":1,"column":24},"end":{"line":1,"column":25}},"loc":{"start":{"line":1,"column":39},"end":{"line":11,"column":1}},"line":1},"1":{"name":"(anonymous_1)","decl":{"start":{"line":3,"column":30},"end":{"line":3,"column":31}},"loc":{"start":{"line":3,"column":79},"end":{"line":9,"column":5}},"line":3}},"branchMap":{"0":{"loc":{"start":{"line":2,"column":2},"end":{"line":10,"column":3}},"type":"if","locations":[{"start":{"line":2,"column":2},"end":{"line":10,"column":3}},{"start":{},"end":{}}],"line":2},"1":{"loc":{"start":{"line":2,"column":6},"end":{"line":2,"column":52}},"type":"binary-expr","locations":[{"start":{"line":2,"column":6},"end":{"line":2,"column":17}},{"start":{"line":2,"column":21},"end":{"line":2,"column":52}}],"line":2}},"s":{"0":0,"1":0,"2":0,"3":0,"4":0,"5":0,"6":0,"7":0},"f":{"0":0,"1":0},"b":{"0":[0,0],"1":[0,0]}}
,"/Users/tanishqpadwal/Desktop/Luminari/luminari fe/skin-disease-frontend/src/testUtils.js": {"path":"/Users/tanishqpadwal/Desktop/Luminari/luminari fe/skin-disease-frontend/src/testUtils.js","statementMap":{"0":{"start":{"line":10,"column":32},"end":{"line":20,"column":1}},"1":{"start":{"line":11,"column":55},"end":{"line":11,"column":62}},"2":{"start":{"line":13,"column":18},"end":{"line":17,"column":3}},"3":{"start":{"line":14,"column":4},"end":{"line":16,"column":20}},"4":{"start":{"line":19,"column":2},"end":{"line":19,"column":60}},"5":{"start":{"line":23,"column":31},"end":{"line":30,"column":1}},"6":{"start":{"line":32,"column":36},"end":{"line":38,"column":1}},"7":{"start":{"line":40,"column":38},"end":{"line":45,"column":1}},"8":{"start":{"line":47,"column":33},"end":{"line":57,"column":1}},"9":{"start":{"line":59,"column":32},"end":{"line":70,"column":1}},"10":{"start":{"line":72,"column":34},"end":{"line":74,"column":1}},"11":{"start":{"line":76,"column":36},"end":{"line":81,"column":1}},"12":{"start":{"line":83,"column":32},"end":{"line":96,"column":1}},"13":{"start":{"line":99,"column":30},"end":{"line":101,"column":1}},"14":{"start":{"line":100,"column":2},"end":{"line":100,"column":45}},"15":{"start":{"line":103,"column":34},"end":{"line":112,"column":1}},"16":{"start":{"line":104,"column":2},"end":{"line":111,"column":4}},"17":{"start":{"line":114,"column":38},"end":{"line":136,"column":1}},"18":{"start":{"line":116,"column":28},"end":{"line":124,"column":3}},"19":{"start":{"line":126,"column":2},"end":{"line":135,"column":3}},"20":{"start":{"line":127,"column":4},"end":{"line":134,"column":5}},"21":{"start":{"line":128,"column":22},"end":{"line":128,"column":42}},"22":{"start":{"line":129,"column":6},"end":{"line":131,"column":7}},"23":{"start":{"line":130,"column":8},"end":{"line":130,"column":69}},"24":{"start":{"line":130,"column":28},"end":{"line":130,"column":67}},"25":{"start":{"line":139,"column":32},"end":{"line":170,"column":1}},"26":{"start":{"line":173,"column":33},"end":{"line":191,"column":1}},"27":{"start":{"line":174,"column":16},"end":{"line":174,"column":64}},"28":{"start":{"line":175,"column":20},"end":{"line":175,"column":55}},"29":{"start":{"line":177,"column":18},"end":{"line":183,"column":3}},"30":{"start":{"line":185,"column":2},"end":{"line":188,"column":3}},"31":{"start":{"line":186,"column":4},"end":{"line":186,"column":57}},"32":{"start":{"line":187,"column":4},"end":{"line":187,"column":65}},"33":{"start":{"line":190,"column":2},"end":{"line":190,"column":17}},"34":{"start":{"line":193,"column":39},"end":{"line":221,"column":1}},"35":{"start":{"line":193,"column":45},"end":{"line":221,"column":1}},"36":{"start":{"line":224,"column":30},"end":{"line":247,"column":1}},"37":{"start":{"line":226,"column":27},"end":{"line":226,"column":44}},"38":{"start":{"line":227,"column":30},"end":{"line":227,"column":91}},"39":{"start":{"line":227,"column":60},"end":{"line":227,"column":90}},"40":{"start":{"line":229,"column":4},"end":{"line":232,"column":6}},"41":{"start":{"line":230,"column":21},"end":{"line":230,"column":98}},"42":{"start":{"line":236,"column":21},"end":{"line":236,"column":91}},"43":{"start":{"line":237,"column":26},"end":{"line":240,"column":49}},"44":{"start":{"line":242,"column":4},"end":{"line":245,"column":6}},"45":{"start":{"line":243,"column":21},"end":{"line":243,"column":83}}},"fnMap":{"0":{"name":"(anonymous_0)","decl":{"start":{"line":10,"column":32},"end":{"line":10,"column":33}},"loc":{"start":{"line":10,"column":54},"end":{"line":20,"column":1}},"line":10},"1":{"name":"(anonymous_1)","decl":{"start":{"line":13,"column":18},"end":{"line":13,"column":19}},"loc":{"start":{"line":14,"column":4},"end":{"line":16,"column":20}},"line":14},"2":{"name":"(anonymous_2)","decl":{"start":{"line":99,"column":30},"end":{"line":99,"column":31}},"loc":{"start":{"line":99,"column":100},"end":{"line":101,"column":1}},"line":99},"3":{"name":"(anonymous_3)","decl":{"start":{"line":103,"column":34},"end":{"line":103,"column":35}},"loc":{"start":{"line":103,"column":54},"end":{"line":112,"column":1}},"line":103},"4":{"name":"(anonymous_4)","decl":{"start":{"line":114,"column":38},"end":{"line":114,"column":39}},"loc":{"start":{"line":114,"column":59},"end":{"line":136,"column":1}},"line":114},"5":{"name":"(anonymous_5)","decl":{"start":{"line":130,"column":22},"end":{"line":130,"column":23}},"loc":{"start":{"line":130,"column":28},"end":{"line":130,"column":67}},"line":130},"6":{"name":"(anonymous_6)","decl":{"start":{"line":173,"column":33},"end":{"line":173,"column":34}},"loc":{"start":{"line":173,"column":87},"end":{"line":191,"column":1}},"line":173},"7":{"name":"(anonymous_7)","decl":{"start":{"line":193,"column":39},"end":{"line":193,"column":40}},"loc":{"start":{"line":193,"column":45},"end":{"line":221,"column":1}},"line":193},"8":{"name":"(anonymous_8)","decl":{"start":{"line":225,"column":24},"end":{"line":225,"column":25}},"loc":{"start":{"line":225,"column":38},"end":{"line":233,"column":3}},"line":225},"9":{"name":"(anonymous_9)","decl":{"start":{"line":227,"column":51},"end":{"line":227,"column":52}},"loc":{"start":{"line":227,"column":60},"end":{"line":227,"column":90}},"line":227},"10":{"name":"(anonymous_10)","decl":{"start":{"line":230,"column":15},"end":{"line":230,"column":16}},"loc":{"start":{"line":230,"column":21},"end":{"line":230,"column":98}},"line":230},"11":{"name":"(anonymous_11)","decl":{"start":{"line":235,"column":23},"end":{"line":235,"column":24}},"loc":{"start":{"line":235,"column":37},"end":{"line":246,"column":3}},"line":235},"12":{"name":"(anonymous_12)","decl":{"start":{"line":243,"column":15},"end":{"line":243,"column":16}},"loc":{"start":{"line":243,"column":21},"end":{"line":243,"column":83}},"line":243}},"branchMap":{"0":{"loc":{"start":{"line":10,"column":37},"end":{"line":10,"column":49}},"type":"default-arg","locations":[{"start":{"line":10,"column":47},"end":{"line":10,"column":49}}],"line":10},"1":{"loc":{"start":{"line":11,"column":10},"end":{"line":11,"column":32}},"type":"default-arg","locations":[{"start":{"line":11,"column":27},"end":{"line":11,"column":32}}],"line":11},"2":{"loc":{"start":{"line":99,"column":31},"end":{"line":99,"column":48}},"type":"default-arg","locations":[{"start":{"line":99,"column":38},"end":{"line":99,"column":48}}],"line":99},"3":{"loc":{"start":{"line":99,"column":50},"end":{"line":99,"column":69}},"type":"default-arg","locations":[{"start":{"line":99,"column":57},"end":{"line":99,"column":69}}],"line":99},"4":{"loc":{"start":{"line":99,"column":71},"end":{"line":99,"column":95}},"type":"default-arg","locations":[{"start":{"line":99,"column":81},"end":{"line":99,"column":95}}],"line":99},"5":{"loc":{"start":{"line":103,"column":35},"end":{"line":103,"column":49}},"type":"default-arg","locations":[{"start":{"line":103,"column":47},"end":{"line":103,"column":49}}],"line":103},"6":{"loc":{"start":{"line":129,"column":6},"end":{"line":131,"column":7}},"type":"if","locations":[{"start":{"line":129,"column":6},"end":{"line":131,"column":7}},{"start":{},"end":{}}],"line":129},"7":{"loc":{"start":{"line":173,"column":34},"end":{"line":173,"column":62}},"type":"default-arg","locations":[{"start":{"line":173,"column":41},"end":{"line":173,"column":62}}],"line":173},"8":{"loc":{"start":{"line":173,"column":64},"end":{"line":173,"column":82}},"type":"default-arg","locations":[{"start":{"line":173,"column":73},"end":{"line":173,"column":82}}],"line":173},"9":{"loc":{"start":{"line":182,"column":14},"end":{"line":182,"column":74}},"type":"cond-expr","locations":[{"start":{"line":182,"column":37},"end":{"line":182,"column":68}},{"start":{"line":182,"column":71},"end":{"line":182,"column":74}}],"line":182},"10":{"loc":{"start":{"line":185,"column":2},"end":{"line":188,"column":3}},"type":"if","locations":[{"start":{"line":185,"column":2},"end":{"line":188,"column":3}},{"start":{},"end":{}}],"line":185},"11":{"loc":{"start":{"line":187,"column":21},"end":{"line":187,"column":64}},"type":"binary-expr","locations":[{"start":{"line":187,"column":21},"end":{"line":187,"column":43}},{"start":{"line":187,"column":47},"end":{"line":187,"column":64}}],"line":187},"12":{"loc":{"start":{"line":236,"column":21},"end":{"line":236,"column":91}},"type":"binary-expr","locations":[{"start":{"line":236,"column":21},"end":{"line":236,"column":53}},{"start":{"line":236,"column":57},"end":{"line":236,"column":91}}],"line":236},"13":{"loc":{"start":{"line":237,"column":26},"end":{"line":240,"column":49}},"type":"binary-expr","locations":[{"start":{"line":237,"column":26},"end":{"line":237,"column":63}},{"start":{"line":238,"column":25},"end":{"line":238,"column":64}},{"start":{"line":239,"column":25},"end":{"line":239,"column":49}},{"start":{"line":240,"column":25},"end":{"line":240,"column":49}}],"line":237},"14":{"loc":{"start":{"line":244,"column":12},"end":{"line":244,"column":37}},"type":"binary-expr","locations":[{"start":{"line":244,"column":12},"end":{"line":244,"column":20}},{"start":{"line":244,"column":24},"end":{"line":244,"column":37}}],"line":244}},"s":{"0":1,"1":0,"2":0,"3":0,"4":0,"5":1,"6":1,"7":1,"8":1,"9":1,"10":1,"11":1,"12":1,"13":1,"14":0,"15":1,"16":0,"17":1,"18":0,"19":0,"20":0,"21":0,"22":0,"23":0,"24":0,"25":1,"26":1,"27":0,"28":0,"29":0,"30":0,"31":0,"32":0,"33":0,"34":1,"35":0,"36":1,"37":0,"38":0,"39":0,"40":0,"41":0,"42":0,"43":0,"44":0,"45":0},"f":{"0":0,"1":0,"2":0,"3":0,"4":0,"5":0,"6":0,"7":0,"8":0,"9":0,"10":0,"11":0,"12":0},"b":{"0":[0],"1":[0],"2":[0],"3":[0],"4":[0],"5":[0],"6":[0,0],"7":[0],"8":[0],"9":[0,0],"10":[0,0],"11":[0,0],"12":[0,0],"13":[0,0,0,0],"14":[0,0]},"_coverageSchema":"1a1c01bbd47fc00a2c39e90264f33305004495a9","hash":"bc4026618e559030927045ca0d81eeb80b284ec8"}
,"/Users/tanishqpadwal/Desktop/Luminari/luminari fe/skin-disease-frontend/src/components/BatchRegulatoryGenerator.js": {"path":"/Users/tanishqpadwal/Desktop/Luminari/luminari fe/skin-disease-frontend/src/components/BatchRegulatoryGenerator.js","statementMap":{"0":{"start":{"line":12,"column":33},"end":{"line":1512,"column":1}},"1":{"start":{"line":13,"column":19},"end":{"line":13,"column":32}},"2":{"start":{"line":14,"column":44},"end":{"line":14,"column":59}},"3":{"start":{"line":17,"column":34},"end":{"line":51,"column":4}},"4":{"start":{"line":54,"column":52},"end":{"line":54,"column":64}},"5":{"start":{"line":57,"column":38},"end":{"line":57,"column":50}},"6":{"start":{"line":58,"column":50},"end":{"line":58,"column":66}},"7":{"start":{"line":59,"column":52},"end":{"line":59,"column":66}},"8":{"start":{"line":60,"column":54},"end":{"line":60,"column":66}},"9":{"start":{"line":61,"column":44},"end":{"line":61,"column":55}},"10":{"start":{"line":62,"column":38},"end":{"line":62,"column":50}},"11":{"start":{"line":65,"column":31},"end":{"line":65,"column":68}},"12":{"start":{"line":66,"column":50},"end":{"line":66,"column":62}},"13":{"start":{"line":69,"column":50},"end":{"line":69,"column":65}},"14":{"start":{"line":70,"column":42},"end":{"line":70,"column":54}},"15":{"start":{"line":71,"column":56},"end":{"line":71,"column":71}},"16":{"start":{"line":72,"column":38},"end":{"line":72,"column":50}},"17":{"start":{"line":73,"column":40},"end":{"line":73,"column":51}},"18":{"start":{"line":74,"column":24},"end":{"line":74,"column":35}},"19":{"start":{"line":75,"column":38},"end":{"line":75,"column":50}},"20":{"start":{"line":78,"column":38},"end":{"line":78,"column":53}},"21":{"start":{"line":79,"column":36},"end":{"line":79,"column":50}},"22":{"start":{"line":82,"column":22},"end":{"line":82,"column":70}},"23":{"start":{"line":83,"column":21},"end":{"line":83,"column":75}},"24":{"start":{"line":84,"column":26},"end":{"line":84,"column":72}},"25":{"start":{"line":85,"column":24},"end":{"line":85,"column":49}},"26":{"start":{"line":86,"column":33},"end":{"line":86,"column":139}},"27":{"start":{"line":87,"column":23},"end":{"line":87,"column":134}},"28":{"start":{"line":88,"column":30},"end":{"line":88,"column":118}},"29":{"start":{"line":89,"column":30},"end":{"line":101,"column":3}},"30":{"start":{"line":104,"column":26},"end":{"line":144,"column":3}},"31":{"start":{"line":149,"column":28},"end":{"line":151,"column":3}},"32":{"start":{"line":150,"column":4},"end":{"line":150,"column":55}},"33":{"start":{"line":150,"column":25},"end":{"line":150,"column":52}},"34":{"start":{"line":154,"column":31},"end":{"line":160,"column":3}},"35":{"start":{"line":155,"column":4},"end":{"line":159,"column":5}},"36":{"start":{"line":156,"column":6},"end":{"line":156,"column":56}},"37":{"start":{"line":156,"column":35},"end":{"line":156,"column":54}},"38":{"start":{"line":158,"column":6},"end":{"line":158,"column":79}},"39":{"start":{"line":158,"column":35},"end":{"line":158,"column":77}},"40":{"start":{"line":158,"column":54},"end":{"line":158,"column":76}},"41":{"start":{"line":163,"column":29},"end":{"line":169,"column":3}},"42":{"start":{"line":164,"column":23},"end":{"line":164,"column":46}},"43":{"start":{"line":165,"column":26},"end":{"line":167,"column":5}},"44":{"start":{"line":166,"column":6},"end":{"line":166,"column":65}},"45":{"start":{"line":166,"column":42},"end":{"line":166,"column":64}},"46":{"start":{"line":168,"column":4},"end":{"line":168,"column":62}},"47":{"start":{"line":168,"column":33},"end":{"line":168,"column":60}},"48":{"start":{"line":172,"column":32},"end":{"line":174,"column":3}},"49":{"start":{"line":173,"column":4},"end":{"line":173,"column":29}},"50":{"start":{"line":177,"column":37},"end":{"line":190,"column":3}},"51":{"start":{"line":179,"column":20},"end":{"line":186,"column":5}},"52":{"start":{"line":189,"column":4},"end":{"line":189,"column":55}},"53":{"start":{"line":193,"column":31},"end":{"line":251,"column":3}},"54":{"start":{"line":194,"column":4},"end":{"line":198,"column":5}},"55":{"start":{"line":197,"column":6},"end":{"line":197,"column":13}},"56":{"start":{"line":200,"column":4},"end":{"line":204,"column":5}},"57":{"start":{"line":203,"column":6},"end":{"line":203,"column":13}},"58":{"start":{"line":206,"column":4},"end":{"line":206,"column":38}},"59":{"start":{"line":207,"column":4},"end":{"line":207,"column":24}},"60":{"start":{"line":208,"column":4},"end":{"line":208,"column":22}},"61":{"start":{"line":209,"column":4},"end":{"line":209,"column":30}},"62":{"start":{"line":212,"column":18},"end":{"line":219,"column":7}},"63":{"start":{"line":212,"column":48},"end":{"line":219,"column":5}},"64":{"start":{"line":221,"column":4},"end":{"line":221,"column":25}},"65":{"start":{"line":224,"column":19},"end":{"line":224,"column":21}},"66":{"start":{"line":226,"column":4},"end":{"line":245,"column":5}},"67":{"start":{"line":226,"column":17},"end":{"line":226,"column":18}},"68":{"start":{"line":227,"column":23},"end":{"line":227,"column":31}},"69":{"start":{"line":230,"column":6},"end":{"line":232,"column":9}},"70":{"start":{"line":230,"column":28},"end":{"line":232,"column":7}},"71":{"start":{"line":231,"column":8},"end":{"line":231,"column":85}},"72":{"start":{"line":235,"column":20},"end":{"line":242,"column":8}},"73":{"start":{"line":241,"column":8},"end":{"line":241,"column":78}},"74":{"start":{"line":244,"column":6},"end":{"line":244,"column":25}},"75":{"start":{"line":247,"column":4},"end":{"line":247,"column":32}},"76":{"start":{"line":254,"column":27},"end":{"line":321,"column":3}},"77":{"start":{"line":255,"column":4},"end":{"line":259,"column":5}},"78":{"start":{"line":258,"column":6},"end":{"line":258,"column":13}},"79":{"start":{"line":261,"column":4},"end":{"line":320,"column":5}},"80":{"start":{"line":262,"column":20},"end":{"line":262,"column":22}},"81":{"start":{"line":263,"column":21},"end":{"line":263,"column":132}},"82":{"start":{"line":266,"column":6},"end":{"line":276,"column":7}},"83":{"start":{"line":267,"column":8},"end":{"line":267,"column":51}},"84":{"start":{"line":268,"column":13},"end":{"line":276,"column":7}},"85":{"start":{"line":269,"column":8},"end":{"line":269,"column":127}},"86":{"start":{"line":270,"column":13},"end":{"line":276,"column":7}},"87":{"start":{"line":271,"column":8},"end":{"line":271,"column":67}},"88":{"start":{"line":272,"column":13},"end":{"line":276,"column":7}},"89":{"start":{"line":273,"column":8},"end":{"line":273,"column":77}},"90":{"start":{"line":275,"column":8},"end":{"line":275,"column":59}},"91":{"start":{"line":279,"column":6},"end":{"line":283,"column":7}},"92":{"start":{"line":282,"column":8},"end":{"line":282,"column":15}},"93":{"start":{"line":286,"column":18},"end":{"line":286,"column":29}},"94":{"start":{"line":287,"column":6},"end":{"line":287,"column":31}},"95":{"start":{"line":288,"column":6},"end":{"line":288,"column":26}},"96":{"start":{"line":291,"column":25},"end":{"line":291,"column":53}},"97":{"start":{"line":292,"column":24},"end":{"line":292,"column":51}},"98":{"start":{"line":293,"column":21},"end":{"line":293,"column":23}},"99":{"start":{"line":294,"column":27},"end":{"line":294,"column":51}},"100":{"start":{"line":295,"column":25},"end":{"line":295,"column":26}},"101":{"start":{"line":296,"column":30},"end":{"line":296,"column":80}},"102":{"start":{"line":299,"column":20},"end":{"line":299,"column":62}},"103":{"start":{"line":301,"column":24},"end":{"line":301,"column":25}},"104":{"start":{"line":304,"column":6},"end":{"line":313,"column":7}},"105":{"start":{"line":304,"column":19},"end":{"line":304,"column":20}},"106":{"start":{"line":305,"column":8},"end":{"line":308,"column":9}},"107":{"start":{"line":306,"column":10},"end":{"line":306,"column":24}},"108":{"start":{"line":307,"column":10},"end":{"line":307,"column":26}},"109":{"start":{"line":310,"column":26},"end":{"line":310,"column":61}},"110":{"start":{"line":311,"column":8},"end":{"line":311,"column":46}},"111":{"start":{"line":312,"column":8},"end":{"line":312,"column":22}},"112":{"start":{"line":315,"column":6},"end":{"line":315,"column":25}},"113":{"start":{"line":324,"column":31},"end":{"line":356,"column":3}},"114":{"start":{"line":325,"column":26},"end":{"line":325,"column":92}},"115":{"start":{"line":325,"column":51},"end":{"line":325,"column":91}},"116":{"start":{"line":327,"column":4},"end":{"line":331,"column":5}},"117":{"start":{"line":330,"column":6},"end":{"line":330,"column":13}},"118":{"start":{"line":333,"column":4},"end":{"line":355,"column":5}},"119":{"start":{"line":337,"column":6},"end":{"line":347,"column":7}},"120":{"start":{"line":337,"column":19},"end":{"line":337,"column":20}},"121":{"start":{"line":338,"column":20},"end":{"line":338,"column":36}},"122":{"start":{"line":341,"column":8},"end":{"line":341,"column":30}},"123":{"start":{"line":344,"column":8},"end":{"line":346,"column":9}},"124":{"start":{"line":345,"column":10},"end":{"line":345,"column":65}},"125":{"start":{"line":345,"column":39},"end":{"line":345,"column":63}},"126":{"start":{"line":359,"column":21},"end":{"line":402,"column":3}},"127":{"start":{"line":360,"column":4},"end":{"line":394,"column":7}},"128":{"start":{"line":395,"column":4},"end":{"line":395,"column":29}},"129":{"start":{"line":396,"column":4},"end":{"line":396,"column":22}},"130":{"start":{"line":397,"column":4},"end":{"line":397,"column":32}},"131":{"start":{"line":398,"column":4},"end":{"line":398,"column":31}},"132":{"start":{"line":399,"column":4},"end":{"line":399,"column":30}},"133":{"start":{"line":400,"column":4},"end":{"line":400,"column":24}},"134":{"start":{"line":401,"column":4},"end":{"line":401,"column":22}},"135":{"start":{"line":405,"column":27},"end":{"line":411,"column":3}},"136":{"start":{"line":406,"column":26},"end":{"line":406,"column":28}},"137":{"start":{"line":407,"column":22},"end":{"line":407,"column":62}},"138":{"start":{"line":408,"column":20},"end":{"line":408,"column":46}},"139":{"start":{"line":409,"column":20},"end":{"line":409,"column":34}},"140":{"start":{"line":410,"column":4},"end":{"line":410,"column":37}},"141":{"start":{"line":413,"column":33},"end":{"line":428,"column":3}},"142":{"start":{"line":414,"column":4},"end":{"line":414,"column":43}},"143":{"start":{"line":415,"column":4},"end":{"line":427,"column":5}},"144":{"start":{"line":416,"column":6},"end":{"line":416,"column":35}},"145":{"start":{"line":417,"column":6},"end":{"line":417,"column":24}},"146":{"start":{"line":418,"column":6},"end":{"line":426,"column":7}},"147":{"start":{"line":419,"column":21},"end":{"line":419,"column":43}},"148":{"start":{"line":420,"column":8},"end":{"line":420,"column":71}},"149":{"start":{"line":420,"column":43},"end":{"line":420,"column":68}},"150":{"start":{"line":422,"column":8},"end":{"line":422,"column":28}},"151":{"start":{"line":423,"column":8},"end":{"line":423,"column":95}},"152":{"start":{"line":425,"column":8},"end":{"line":425,"column":38}},"153":{"start":{"line":430,"column":22},"end":{"line":430,"column":39}},"154":{"start":{"line":431,"column":20},"end":{"line":431,"column":30}},"155":{"start":{"line":432,"column":24},"end":{"line":432,"column":34}},"156":{"start":{"line":435,"column":2},"end":{"line":435,"column":81}},"157":{"start":{"line":435,"column":20},"end":{"line":435,"column":57}},"158":{"start":{"line":436,"column":2},"end":{"line":436,"column":73}},"159":{"start":{"line":436,"column":20},"end":{"line":436,"column":55}},"160":{"start":{"line":439,"column":2},"end":{"line":527,"column":56}},"161":{"start":{"line":440,"column":4},"end":{"line":440,"column":50}},"162":{"start":{"line":440,"column":43},"end":{"line":440,"column":50}},"163":{"start":{"line":441,"column":21},"end":{"line":525,"column":12}},"164":{"start":{"line":442,"column":21},"end":{"line":442,"column":38}},"165":{"start":{"line":443,"column":24},"end":{"line":443,"column":45}},"166":{"start":{"line":444,"column":27},"end":{"line":444,"column":29}},"167":{"start":{"line":445,"column":23},"end":{"line":445,"column":28}},"168":{"start":{"line":447,"column":6},"end":{"line":510,"column":7}},"169":{"start":{"line":447,"column":21},"end":{"line":447,"column":22}},"170":{"start":{"line":448,"column":21},"end":{"line":448,"column":35}},"171":{"start":{"line":449,"column":22},"end":{"line":449,"column":33}},"172":{"start":{"line":450,"column":20},"end":{"line":450,"column":33}},"173":{"start":{"line":452,"column":8},"end":{"line":509,"column":9}},"174":{"start":{"line":453,"column":10},"end":{"line":506,"column":11}},"175":{"start":{"line":454,"column":12},"end":{"line":488,"column":13}},"176":{"start":{"line":455,"column":14},"end":{"line":487,"column":15}},"177":{"start":{"line":472,"column":16},"end":{"line":482,"column":19}},"178":{"start":{"line":483,"column":16},"end":{"line":483,"column":47}},"179":{"start":{"line":489,"column":12},"end":{"line":494,"column":15}},"180":{"start":{"line":495,"column":12},"end":{"line":495,"column":30}},"181":{"start":{"line":496,"column":17},"end":{"line":506,"column":11}},"182":{"start":{"line":497,"column":12},"end":{"line":502,"column":15}},"183":{"start":{"line":503,"column":12},"end":{"line":503,"column":30}},"184":{"start":{"line":505,"column":12},"end":{"line":505,"column":36}},"185":{"start":{"line":508,"column":10},"end":{"line":508,"column":34}},"186":{"start":{"line":511,"column":6},"end":{"line":511,"column":50}},"187":{"start":{"line":511,"column":22},"end":{"line":511,"column":50}},"188":{"start":{"line":513,"column":29},"end":{"line":516,"column":15}},"189":{"start":{"line":514,"column":20},"end":{"line":514,"column":33}},"190":{"start":{"line":515,"column":8},"end":{"line":515,"column":49}},"191":{"start":{"line":517,"column":6},"end":{"line":517,"column":70}},"192":{"start":{"line":518,"column":22},"end":{"line":518,"column":104}},"193":{"start":{"line":518,"column":49},"end":{"line":518,"column":103}},"194":{"start":{"line":519,"column":6},"end":{"line":524,"column":7}},"195":{"start":{"line":520,"column":8},"end":{"line":520,"column":41}},"196":{"start":{"line":521,"column":8},"end":{"line":521,"column":35}},"197":{"start":{"line":522,"column":8},"end":{"line":522,"column":32}},"198":{"start":{"line":523,"column":8},"end":{"line":523,"column":32}},"199":{"start":{"line":526,"column":4},"end":{"line":526,"column":41}},"200":{"start":{"line":526,"column":17},"end":{"line":526,"column":40}},"201":{"start":{"line":529,"column":2},"end":{"line":1511,"column":4}},"202":{"start":{"line":534,"column":23},"end":{"line":534,"column":46}},"203":{"start":{"line":540,"column":23},"end":{"line":540,"column":45}},"204":{"start":{"line":559,"column":29},"end":{"line":559,"column":62}},"205":{"start":{"line":583,"column":29},"end":{"line":583,"column":59}},"206":{"start":{"line":583,"column":60},"end":{"line":583,"column":78}},"207":{"start":{"line":588,"column":31},"end":{"line":593,"column":15}},"208":{"start":{"line":589,"column":17},"end":{"line":592,"column":77}},"209":{"start":{"line":594,"column":33},"end":{"line":594,"column":73}},"210":{"start":{"line":595,"column":31},"end":{"line":595,"column":62}},"211":{"start":{"line":596,"column":32},"end":{"line":596,"column":80}},"212":{"start":{"line":597,"column":14},"end":{"line":615,"column":16}},"213":{"start":{"line":601,"column":22},"end":{"line":606,"column":27}},"214":{"start":{"line":603,"column":215},"end":{"line":603,"column":233}},"215":{"start":{"line":603,"column":234},"end":{"line":603,"column":254}},"216":{"start":{"line":610,"column":72},"end":{"line":610,"column":98}},"217":{"start":{"line":610,"column":92},"end":{"line":610,"column":97}},"218":{"start":{"line":612,"column":81},"end":{"line":612,"column":107}},"219":{"start":{"line":612,"column":101},"end":{"line":612,"column":106}},"220":{"start":{"line":618,"column":59},"end":{"line":618,"column":79}},"221":{"start":{"line":647,"column":35},"end":{"line":647,"column":84}},"222":{"start":{"line":660,"column":37},"end":{"line":660,"column":84}},"223":{"start":{"line":677,"column":37},"end":{"line":677,"column":83}},"224":{"start":{"line":709,"column":37},"end":{"line":709,"column":85}},"225":{"start":{"line":719,"column":22},"end":{"line":719,"column":72}},"226":{"start":{"line":729,"column":37},"end":{"line":729,"column":84}},"227":{"start":{"line":739,"column":22},"end":{"line":739,"column":69}},"228":{"start":{"line":752,"column":37},"end":{"line":752,"column":82}},"229":{"start":{"line":762,"column":22},"end":{"line":762,"column":75}},"230":{"start":{"line":777,"column":41},"end":{"line":777,"column":91}},"231":{"start":{"line":788,"column":41},"end":{"line":788,"column":91}},"232":{"start":{"line":818,"column":37},"end":{"line":818,"column":81}},"233":{"start":{"line":836,"column":37},"end":{"line":836,"column":81}},"234":{"start":{"line":856,"column":37},"end":{"line":856,"column":80}},"235":{"start":{"line":866,"column":22},"end":{"line":866,"column":75}},"236":{"start":{"line":877,"column":37},"end":{"line":877,"column":92}},"237":{"start":{"line":897,"column":37},"end":{"line":897,"column":92}},"238":{"start":{"line":915,"column":37},"end":{"line":915,"column":92}},"239":{"start":{"line":949,"column":37},"end":{"line":949,"column":90}},"240":{"start":{"line":959,"column":22},"end":{"line":959,"column":90}},"241":{"start":{"line":969,"column":37},"end":{"line":969,"column":97}},"242":{"start":{"line":979,"column":22},"end":{"line":979,"column":72}},"243":{"start":{"line":993,"column":37},"end":{"line":993,"column":88}},"244":{"start":{"line":1009,"column":37},"end":{"line":1009,"column":87}},"245":{"start":{"line":1019,"column":22},"end":{"line":1019,"column":78}},"246":{"start":{"line":1044,"column":35},"end":{"line":1044,"column":89}},"247":{"start":{"line":1063,"column":35},"end":{"line":1063,"column":91}},"248":{"start":{"line":1082,"column":35},"end":{"line":1082,"column":92}},"249":{"start":{"line":1092,"column":20},"end":{"line":1092,"column":67}},"250":{"start":{"line":1118,"column":37},"end":{"line":1118,"column":91}},"251":{"start":{"line":1137,"column":37},"end":{"line":1137,"column":92}},"252":{"start":{"line":1191,"column":16},"end":{"line":1265,"column":22}},"253":{"start":{"line":1207,"column":37},"end":{"line":1207,"column":63}},"254":{"start":{"line":1232,"column":41},"end":{"line":1232,"column":99}},"255":{"start":{"line":1232,"column":76},"end":{"line":1232,"column":98}},"256":{"start":{"line":1233,"column":22},"end":{"line":1262,"column":24}},"257":{"start":{"line":1250,"column":45},"end":{"line":1250,"column":88}},"258":{"start":{"line":1292,"column":90},"end":{"line":1292,"column":101}},"259":{"start":{"line":1385,"column":20},"end":{"line":1462,"column":26}},"260":{"start":{"line":1422,"column":45},"end":{"line":1422,"column":66}},"261":{"start":{"line":1486,"column":50},"end":{"line":1486,"column":76}},"262":{"start":{"line":1492,"column":50},"end":{"line":1492,"column":72}},"263":{"start":{"line":1498,"column":50},"end":{"line":1498,"column":78}},"264":{"start":{"line":1499,"column":48},"end":{"line":1499,"column":102}}},"fnMap":{"0":{"name":"(anonymous_0)","decl":{"start":{"line":12,"column":33},"end":{"line":12,"column":34}},"loc":{"start":{"line":12,"column":39},"end":{"line":1512,"column":1}},"line":12},"1":{"name":"(anonymous_1)","decl":{"start":{"line":149,"column":28},"end":{"line":149,"column":29}},"loc":{"start":{"line":149,"column":46},"end":{"line":151,"column":3}},"line":149},"2":{"name":"(anonymous_2)","decl":{"start":{"line":150,"column":16},"end":{"line":150,"column":17}},"loc":{"start":{"line":150,"column":25},"end":{"line":150,"column":52}},"line":150},"3":{"name":"(anonymous_3)","decl":{"start":{"line":154,"column":31},"end":{"line":154,"column":32}},"loc":{"start":{"line":154,"column":57},"end":{"line":160,"column":3}},"line":154},"4":{"name":"(anonymous_4)","decl":{"start":{"line":156,"column":27},"end":{"line":156,"column":28}},"loc":{"start":{"line":156,"column":35},"end":{"line":156,"column":54}},"line":156},"5":{"name":"(anonymous_5)","decl":{"start":{"line":158,"column":27},"end":{"line":158,"column":28}},"loc":{"start":{"line":158,"column":35},"end":{"line":158,"column":77}},"line":158},"6":{"name":"(anonymous_6)","decl":{"start":{"line":158,"column":47},"end":{"line":158,"column":48}},"loc":{"start":{"line":158,"column":54},"end":{"line":158,"column":76}},"line":158},"7":{"name":"(anonymous_7)","decl":{"start":{"line":163,"column":29},"end":{"line":163,"column":30}},"loc":{"start":{"line":163,"column":41},"end":{"line":169,"column":3}},"line":163},"8":{"name":"(anonymous_8)","decl":{"start":{"line":165,"column":44},"end":{"line":165,"column":45}},"loc":{"start":{"line":166,"column":6},"end":{"line":166,"column":65}},"line":166},"9":{"name":"(anonymous_9)","decl":{"start":{"line":166,"column":30},"end":{"line":166,"column":31}},"loc":{"start":{"line":166,"column":42},"end":{"line":166,"column":64}},"line":166},"10":{"name":"(anonymous_10)","decl":{"start":{"line":168,"column":25},"end":{"line":168,"column":26}},"loc":{"start":{"line":168,"column":33},"end":{"line":168,"column":60}},"line":168},"11":{"name":"(anonymous_11)","decl":{"start":{"line":172,"column":32},"end":{"line":172,"column":33}},"loc":{"start":{"line":172,"column":38},"end":{"line":174,"column":3}},"line":172},"12":{"name":"(anonymous_12)","decl":{"start":{"line":177,"column":37},"end":{"line":177,"column":38}},"loc":{"start":{"line":177,"column":67},"end":{"line":190,"column":3}},"line":177},"13":{"name":"(anonymous_13)","decl":{"start":{"line":193,"column":31},"end":{"line":193,"column":32}},"loc":{"start":{"line":193,"column":43},"end":{"line":251,"column":3}},"line":193},"14":{"name":"(anonymous_14)","decl":{"start":{"line":212,"column":40},"end":{"line":212,"column":41}},"loc":{"start":{"line":212,"column":48},"end":{"line":219,"column":5}},"line":212},"15":{"name":"(anonymous_15)","decl":{"start":{"line":230,"column":20},"end":{"line":230,"column":21}},"loc":{"start":{"line":230,"column":28},"end":{"line":232,"column":7}},"line":230},"16":{"name":"(anonymous_16)","decl":{"start":{"line":230,"column":37},"end":{"line":230,"column":38}},"loc":{"start":{"line":231,"column":8},"end":{"line":231,"column":85}},"line":231},"17":{"name":"(anonymous_17)","decl":{"start":{"line":240,"column":9},"end":{"line":240,"column":10}},"loc":{"start":{"line":240,"column":25},"end":{"line":242,"column":7}},"line":240},"18":{"name":"(anonymous_18)","decl":{"start":{"line":254,"column":27},"end":{"line":254,"column":28}},"loc":{"start":{"line":254,"column":41},"end":{"line":321,"column":3}},"line":254},"19":{"name":"(anonymous_19)","decl":{"start":{"line":324,"column":31},"end":{"line":324,"column":32}},"loc":{"start":{"line":324,"column":43},"end":{"line":356,"column":3}},"line":324},"20":{"name":"(anonymous_20)","decl":{"start":{"line":325,"column":44},"end":{"line":325,"column":45}},"loc":{"start":{"line":325,"column":51},"end":{"line":325,"column":91}},"line":325},"21":{"name":"(anonymous_21)","decl":{"start":{"line":345,"column":28},"end":{"line":345,"column":29}},"loc":{"start":{"line":345,"column":39},"end":{"line":345,"column":63}},"line":345},"22":{"name":"(anonymous_22)","decl":{"start":{"line":359,"column":21},"end":{"line":359,"column":22}},"loc":{"start":{"line":359,"column":27},"end":{"line":402,"column":3}},"line":359},"23":{"name":"(anonymous_23)","decl":{"start":{"line":405,"column":27},"end":{"line":405,"column":28}},"loc":{"start":{"line":405,"column":33},"end":{"line":411,"column":3}},"line":405},"24":{"name":"(anonymous_24)","decl":{"start":{"line":413,"column":33},"end":{"line":413,"column":34}},"loc":{"start":{"line":413,"column":45},"end":{"line":428,"column":3}},"line":413},"25":{"name":"(anonymous_25)","decl":{"start":{"line":420,"column":36},"end":{"line":420,"column":37}},"loc":{"start":{"line":420,"column":43},"end":{"line":420,"column":68}},"line":420},"26":{"name":"(anonymous_26)","decl":{"start":{"line":435,"column":12},"end":{"line":435,"column":13}},"loc":{"start":{"line":435,"column":18},"end":{"line":435,"column":59}},"line":435},"27":{"name":"(anonymous_27)","decl":{"start":{"line":436,"column":12},"end":{"line":436,"column":13}},"loc":{"start":{"line":436,"column":18},"end":{"line":436,"column":57}},"line":436},"28":{"name":"(anonymous_28)","decl":{"start":{"line":439,"column":12},"end":{"line":439,"column":13}},"loc":{"start":{"line":439,"column":18},"end":{"line":527,"column":3}},"line":439},"29":{"name":"(anonymous_29)","decl":{"start":{"line":441,"column":33},"end":{"line":441,"column":34}},"loc":{"start":{"line":441,"column":45},"end":{"line":525,"column":5}},"line":441},"30":{"name":"(anonymous_30)","decl":{"start":{"line":513,"column":43},"end":{"line":513,"column":44}},"loc":{"start":{"line":513,"column":52},"end":{"line":516,"column":7}},"line":513},"31":{"name":"(anonymous_31)","decl":{"start":{"line":518,"column":41},"end":{"line":518,"column":42}},"loc":{"start":{"line":518,"column":49},"end":{"line":518,"column":103}},"line":518},"32":{"name":"(anonymous_32)","decl":{"start":{"line":526,"column":11},"end":{"line":526,"column":12}},"loc":{"start":{"line":526,"column":17},"end":{"line":526,"column":40}},"line":526},"33":{"name":"(anonymous_33)","decl":{"start":{"line":534,"column":17},"end":{"line":534,"column":18}},"loc":{"start":{"line":534,"column":23},"end":{"line":534,"column":46}},"line":534},"34":{"name":"(anonymous_34)","decl":{"start":{"line":540,"column":17},"end":{"line":540,"column":18}},"loc":{"start":{"line":540,"column":23},"end":{"line":540,"column":45}},"line":540},"35":{"name":"(anonymous_35)","decl":{"start":{"line":559,"column":23},"end":{"line":559,"column":24}},"loc":{"start":{"line":559,"column":29},"end":{"line":559,"column":62}},"line":559},"36":{"name":"(anonymous_36)","decl":{"start":{"line":583,"column":22},"end":{"line":583,"column":23}},"loc":{"start":{"line":583,"column":27},"end":{"line":583,"column":80}},"line":583},"37":{"name":"(anonymous_37)","decl":{"start":{"line":587,"column":13},"end":{"line":587,"column":14}},"loc":{"start":{"line":587,"column":19},"end":{"line":616,"column":13}},"line":587},"38":{"name":"(anonymous_38)","decl":{"start":{"line":588,"column":51},"end":{"line":588,"column":52}},"loc":{"start":{"line":589,"column":17},"end":{"line":592,"column":77}},"line":589},"39":{"name":"(anonymous_39)","decl":{"start":{"line":600,"column":35},"end":{"line":600,"column":36}},"loc":{"start":{"line":601,"column":22},"end":{"line":606,"column":27}},"line":601},"40":{"name":"(anonymous_40)","decl":{"start":{"line":603,"column":207},"end":{"line":603,"column":208}},"loc":{"start":{"line":603,"column":213},"end":{"line":603,"column":256}},"line":603},"41":{"name":"(anonymous_41)","decl":{"start":{"line":610,"column":66},"end":{"line":610,"column":67}},"loc":{"start":{"line":610,"column":72},"end":{"line":610,"column":98}},"line":610},"42":{"name":"(anonymous_42)","decl":{"start":{"line":610,"column":87},"end":{"line":610,"column":88}},"loc":{"start":{"line":610,"column":92},"end":{"line":610,"column":97}},"line":610},"43":{"name":"(anonymous_43)","decl":{"start":{"line":612,"column":75},"end":{"line":612,"column":76}},"loc":{"start":{"line":612,"column":81},"end":{"line":612,"column":107}},"line":612},"44":{"name":"(anonymous_44)","decl":{"start":{"line":612,"column":96},"end":{"line":612,"column":97}},"loc":{"start":{"line":612,"column":101},"end":{"line":612,"column":106}},"line":612},"45":{"name":"(anonymous_45)","decl":{"start":{"line":618,"column":53},"end":{"line":618,"column":54}},"loc":{"start":{"line":618,"column":59},"end":{"line":618,"column":79}},"line":618},"46":{"name":"(anonymous_46)","decl":{"start":{"line":647,"column":28},"end":{"line":647,"column":29}},"loc":{"start":{"line":647,"column":35},"end":{"line":647,"column":84}},"line":647},"47":{"name":"(anonymous_47)","decl":{"start":{"line":660,"column":30},"end":{"line":660,"column":31}},"loc":{"start":{"line":660,"column":37},"end":{"line":660,"column":84}},"line":660},"48":{"name":"(anonymous_48)","decl":{"start":{"line":677,"column":30},"end":{"line":677,"column":31}},"loc":{"start":{"line":677,"column":37},"end":{"line":677,"column":83}},"line":677},"49":{"name":"(anonymous_49)","decl":{"start":{"line":709,"column":30},"end":{"line":709,"column":31}},"loc":{"start":{"line":709,"column":37},"end":{"line":709,"column":85}},"line":709},"50":{"name":"(anonymous_50)","decl":{"start":{"line":718,"column":37},"end":{"line":718,"column":38}},"loc":{"start":{"line":719,"column":22},"end":{"line":719,"column":72}},"line":719},"51":{"name":"(anonymous_51)","decl":{"start":{"line":729,"column":30},"end":{"line":729,"column":31}},"loc":{"start":{"line":729,"column":37},"end":{"line":729,"column":84}},"line":729},"52":{"name":"(anonymous_52)","decl":{"start":{"line":738,"column":36},"end":{"line":738,"column":37}},"loc":{"start":{"line":739,"column":22},"end":{"line":739,"column":69}},"line":739},"53":{"name":"(anonymous_53)","decl":{"start":{"line":752,"column":30},"end":{"line":752,"column":31}},"loc":{"start":{"line":752,"column":37},"end":{"line":752,"column":82}},"line":752},"54":{"name":"(anonymous_54)","decl":{"start":{"line":761,"column":41},"end":{"line":761,"column":42}},"loc":{"start":{"line":762,"column":22},"end":{"line":762,"column":75}},"line":762},"55":{"name":"(anonymous_55)","decl":{"start":{"line":777,"column":34},"end":{"line":777,"column":35}},"loc":{"start":{"line":777,"column":41},"end":{"line":777,"column":91}},"line":777},"56":{"name":"(anonymous_56)","decl":{"start":{"line":788,"column":34},"end":{"line":788,"column":35}},"loc":{"start":{"line":788,"column":41},"end":{"line":788,"column":91}},"line":788},"57":{"name":"(anonymous_57)","decl":{"start":{"line":818,"column":30},"end":{"line":818,"column":31}},"loc":{"start":{"line":818,"column":37},"end":{"line":818,"column":81}},"line":818},"58":{"name":"(anonymous_58)","decl":{"start":{"line":836,"column":30},"end":{"line":836,"column":31}},"loc":{"start":{"line":836,"column":37},"end":{"line":836,"column":81}},"line":836},"59":{"name":"(anonymous_59)","decl":{"start":{"line":856,"column":30},"end":{"line":856,"column":31}},"loc":{"start":{"line":856,"column":37},"end":{"line":856,"column":80}},"line":856},"60":{"name":"(anonymous_60)","decl":{"start":{"line":865,"column":39},"end":{"line":865,"column":40}},"loc":{"start":{"line":866,"column":22},"end":{"line":866,"column":75}},"line":866},"61":{"name":"(anonymous_61)","decl":{"start":{"line":877,"column":30},"end":{"line":877,"column":31}},"loc":{"start":{"line":877,"column":37},"end":{"line":877,"column":92}},"line":877},"62":{"name":"(anonymous_62)","decl":{"start":{"line":897,"column":30},"end":{"line":897,"column":31}},"loc":{"start":{"line":897,"column":37},"end":{"line":897,"column":92}},"line":897},"63":{"name":"(anonymous_63)","decl":{"start":{"line":915,"column":30},"end":{"line":915,"column":31}},"loc":{"start":{"line":915,"column":37},"end":{"line":915,"column":92}},"line":915},"64":{"name":"(anonymous_64)","decl":{"start":{"line":949,"column":30},"end":{"line":949,"column":31}},"loc":{"start":{"line":949,"column":37},"end":{"line":949,"column":90}},"line":949},"65":{"name":"(anonymous_65)","decl":{"start":{"line":958,"column":48},"end":{"line":958,"column":49}},"loc":{"start":{"line":959,"column":22},"end":{"line":959,"column":90}},"line":959},"66":{"name":"(anonymous_66)","decl":{"start":{"line":969,"column":30},"end":{"line":969,"column":31}},"loc":{"start":{"line":969,"column":37},"end":{"line":969,"column":97}},"line":969},"67":{"name":"(anonymous_67)","decl":{"start":{"line":978,"column":38},"end":{"line":978,"column":39}},"loc":{"start":{"line":979,"column":22},"end":{"line":979,"column":72}},"line":979},"68":{"name":"(anonymous_68)","decl":{"start":{"line":993,"column":30},"end":{"line":993,"column":31}},"loc":{"start":{"line":993,"column":37},"end":{"line":993,"column":88}},"line":993},"69":{"name":"(anonymous_69)","decl":{"start":{"line":1009,"column":30},"end":{"line":1009,"column":31}},"loc":{"start":{"line":1009,"column":37},"end":{"line":1009,"column":87}},"line":1009},"70":{"name":"(anonymous_70)","decl":{"start":{"line":1018,"column":45},"end":{"line":1018,"column":46}},"loc":{"start":{"line":1019,"column":22},"end":{"line":1019,"column":78}},"line":1019},"71":{"name":"(anonymous_71)","decl":{"start":{"line":1044,"column":28},"end":{"line":1044,"column":29}},"loc":{"start":{"line":1044,"column":35},"end":{"line":1044,"column":89}},"line":1044},"72":{"name":"(anonymous_72)","decl":{"start":{"line":1063,"column":28},"end":{"line":1063,"column":29}},"loc":{"start":{"line":1063,"column":35},"end":{"line":1063,"column":91}},"line":1063},"73":{"name":"(anonymous_73)","decl":{"start":{"line":1082,"column":28},"end":{"line":1082,"column":29}},"loc":{"start":{"line":1082,"column":35},"end":{"line":1082,"column":92}},"line":1082},"74":{"name":"(anonymous_74)","decl":{"start":{"line":1091,"column":43},"end":{"line":1091,"column":44}},"loc":{"start":{"line":1092,"column":20},"end":{"line":1092,"column":67}},"line":1092},"75":{"name":"(anonymous_75)","decl":{"start":{"line":1118,"column":30},"end":{"line":1118,"column":31}},"loc":{"start":{"line":1118,"column":37},"end":{"line":1118,"column":91}},"line":1118},"76":{"name":"(anonymous_76)","decl":{"start":{"line":1137,"column":30},"end":{"line":1137,"column":31}},"loc":{"start":{"line":1137,"column":37},"end":{"line":1137,"column":92}},"line":1137},"77":{"name":"(anonymous_77)","decl":{"start":{"line":1190,"column":51},"end":{"line":1190,"column":52}},"loc":{"start":{"line":1191,"column":16},"end":{"line":1265,"column":22}},"line":1191},"78":{"name":"(anonymous_78)","decl":{"start":{"line":1207,"column":31},"end":{"line":1207,"column":32}},"loc":{"start":{"line":1207,"column":37},"end":{"line":1207,"column":63}},"line":1207},"79":{"name":"(anonymous_79)","decl":{"start":{"line":1231,"column":35},"end":{"line":1231,"column":36}},"loc":{"start":{"line":1231,"column":44},"end":{"line":1263,"column":21}},"line":1231},"80":{"name":"(anonymous_80)","decl":{"start":{"line":1232,"column":64},"end":{"line":1232,"column":65}},"loc":{"start":{"line":1232,"column":76},"end":{"line":1232,"column":98}},"line":1232},"81":{"name":"(anonymous_81)","decl":{"start":{"line":1250,"column":38},"end":{"line":1250,"column":39}},"loc":{"start":{"line":1250,"column":45},"end":{"line":1250,"column":88}},"line":1250},"82":{"name":"(anonymous_82)","decl":{"start":{"line":1292,"column":83},"end":{"line":1292,"column":84}},"loc":{"start":{"line":1292,"column":90},"end":{"line":1292,"column":101}},"line":1292},"83":{"name":"(anonymous_83)","decl":{"start":{"line":1384,"column":34},"end":{"line":1384,"column":35}},"loc":{"start":{"line":1385,"column":20},"end":{"line":1462,"column":26}},"line":1385},"84":{"name":"(anonymous_84)","decl":{"start":{"line":1422,"column":39},"end":{"line":1422,"column":40}},"loc":{"start":{"line":1422,"column":45},"end":{"line":1422,"column":66}},"line":1422},"85":{"name":"(anonymous_85)","decl":{"start":{"line":1486,"column":43},"end":{"line":1486,"column":44}},"loc":{"start":{"line":1486,"column":50},"end":{"line":1486,"column":76}},"line":1486},"86":{"name":"(anonymous_86)","decl":{"start":{"line":1492,"column":43},"end":{"line":1492,"column":44}},"loc":{"start":{"line":1492,"column":50},"end":{"line":1492,"column":72}},"line":1492},"87":{"name":"(anonymous_87)","decl":{"start":{"line":1498,"column":43},"end":{"line":1498,"column":44}},"loc":{"start":{"line":1498,"column":50},"end":{"line":1498,"column":78}},"line":1498},"88":{"name":"(anonymous_88)","decl":{"start":{"line":1499,"column":34},"end":{"line":1499,"column":35}},"loc":{"start":{"line":1499,"column":48},"end":{"line":1499,"column":102}},"line":1499}},"branchMap":{"0":{"loc":{"start":{"line":155,"column":4},"end":{"line":159,"column":5}},"type":"if","locations":[{"start":{"line":155,"column":4},"end":{"line":159,"column":5}},{"start":{"line":157,"column":11},"end":{"line":159,"column":5}}],"line":155},"1":{"loc":{"start":{"line":194,"column":4},"end":{"line":198,"column":5}},"type":"if","locations":[{"start":{"line":194,"column":4},"end":{"line":198,"column":5}},{"start":{},"end":{}}],"line":194},"2":{"loc":{"start":{"line":200,"column":4},"end":{"line":204,"column":5}},"type":"if","locations":[{"start":{"line":200,"column":4},"end":{"line":204,"column":5}},{"start":{},"end":{}}],"line":200},"3":{"loc":{"start":{"line":231,"column":8},"end":{"line":231,"column":85}},"type":"cond-expr","locations":[{"start":{"line":231,"column":22},"end":{"line":231,"column":78}},{"start":{"line":231,"column":81},"end":{"line":231,"column":85}}],"line":231},"4":{"loc":{"start":{"line":255,"column":4},"end":{"line":259,"column":5}},"type":"if","locations":[{"start":{"line":255,"column":4},"end":{"line":259,"column":5}},{"start":{},"end":{}}],"line":255},"5":{"loc":{"start":{"line":266,"column":6},"end":{"line":276,"column":7}},"type":"if","locations":[{"start":{"line":266,"column":6},"end":{"line":276,"column":7}},{"start":{"line":268,"column":13},"end":{"line":276,"column":7}}],"line":266},"6":{"loc":{"start":{"line":268,"column":13},"end":{"line":276,"column":7}},"type":"if","locations":[{"start":{"line":268,"column":13},"end":{"line":276,"column":7}},{"start":{"line":270,"column":13},"end":{"line":276,"column":7}}],"line":268},"7":{"loc":{"start":{"line":268,"column":17},"end":{"line":268,"column":80}},"type":"binary-expr","locations":[{"start":{"line":268,"column":17},"end":{"line":268,"column":44}},{"start":{"line":268,"column":48},"end":{"line":268,"column":80}}],"line":268},"8":{"loc":{"start":{"line":270,"column":13},"end":{"line":276,"column":7}},"type":"if","locations":[{"start":{"line":270,"column":13},"end":{"line":276,"column":7}},{"start":{"line":272,"column":13},"end":{"line":276,"column":7}}],"line":270},"9":{"loc":{"start":{"line":272,"column":13},"end":{"line":276,"column":7}},"type":"if","locations":[{"start":{"line":272,"column":13},"end":{"line":276,"column":7}},{"start":{"line":274,"column":13},"end":{"line":276,"column":7}}],"line":272},"10":{"loc":{"start":{"line":279,"column":6},"end":{"line":283,"column":7}},"type":"if","locations":[{"start":{"line":279,"column":6},"end":{"line":283,"column":7}},{"start":{},"end":{}}],"line":279},"11":{"loc":{"start":{"line":279,"column":10},"end":{"line":279,"column":43}},"type":"binary-expr","locations":[{"start":{"line":279,"column":10},"end":{"line":279,"column":18}},{"start":{"line":279,"column":22},"end":{"line":279,"column":43}}],"line":279},"12":{"loc":{"start":{"line":305,"column":8},"end":{"line":308,"column":9}},"type":"if","locations":[{"start":{"line":305,"column":8},"end":{"line":308,"column":9}},{"start":{},"end":{}}],"line":305},"13":{"loc":{"start":{"line":325,"column":51},"end":{"line":325,"column":91}},"type":"binary-expr","locations":[{"start":{"line":325,"column":51},"end":{"line":325,"column":77}},{"start":{"line":325,"column":81},"end":{"line":325,"column":91}}],"line":325},"14":{"loc":{"start":{"line":327,"column":4},"end":{"line":331,"column":5}},"type":"if","locations":[{"start":{"line":327,"column":4},"end":{"line":331,"column":5}},{"start":{},"end":{}}],"line":327},"15":{"loc":{"start":{"line":344,"column":8},"end":{"line":346,"column":9}},"type":"if","locations":[{"start":{"line":344,"column":8},"end":{"line":346,"column":9}},{"start":{},"end":{}}],"line":344},"16":{"loc":{"start":{"line":415,"column":4},"end":{"line":427,"column":5}},"type":"if","locations":[{"start":{"line":415,"column":4},"end":{"line":427,"column":5}},{"start":{},"end":{}}],"line":415},"17":{"loc":{"start":{"line":415,"column":8},"end":{"line":415,"column":54}},"type":"binary-expr","locations":[{"start":{"line":415,"column":8},"end":{"line":415,"column":25}},{"start":{"line":415,"column":29},"end":{"line":415,"column":54}}],"line":415},"18":{"loc":{"start":{"line":440,"column":4},"end":{"line":440,"column":50}},"type":"if","locations":[{"start":{"line":440,"column":4},"end":{"line":440,"column":50}},{"start":{},"end":{}}],"line":440},"19":{"loc":{"start":{"line":452,"column":8},"end":{"line":509,"column":9}},"type":"if","locations":[{"start":{"line":452,"column":8},"end":{"line":509,"column":9}},{"start":{"line":507,"column":15},"end":{"line":509,"column":9}}],"line":452},"20":{"loc":{"start":{"line":453,"column":10},"end":{"line":506,"column":11}},"type":"if","locations":[{"start":{"line":453,"column":10},"end":{"line":506,"column":11}},{"start":{"line":496,"column":17},"end":{"line":506,"column":11}}],"line":453},"21":{"loc":{"start":{"line":454,"column":12},"end":{"line":488,"column":13}},"type":"if","locations":[{"start":{"line":454,"column":12},"end":{"line":488,"column":13}},{"start":{},"end":{}}],"line":454},"22":{"loc":{"start":{"line":474,"column":28},"end":{"line":474,"column":83}},"type":"binary-expr","locations":[{"start":{"line":474,"column":28},"end":{"line":474,"column":37}},{"start":{"line":474,"column":41},"end":{"line":474,"column":58}},{"start":{"line":474,"column":62},"end":{"line":474,"column":83}}],"line":474},"23":{"loc":{"start":{"line":476,"column":26},"end":{"line":476,"column":50}},"type":"binary-expr","locations":[{"start":{"line":476,"column":26},"end":{"line":476,"column":37}},{"start":{"line":476,"column":41},"end":{"line":476,"column":50}}],"line":476},"24":{"loc":{"start":{"line":477,"column":27},"end":{"line":477,"column":52}},"type":"binary-expr","locations":[{"start":{"line":477,"column":27},"end":{"line":477,"column":39}},{"start":{"line":477,"column":43},"end":{"line":477,"column":52}}],"line":477},"25":{"loc":{"start":{"line":478,"column":32},"end":{"line":478,"column":75}},"type":"binary-expr","locations":[{"start":{"line":478,"column":32},"end":{"line":478,"column":41}},{"start":{"line":478,"column":45},"end":{"line":478,"column":62}},{"start":{"line":478,"column":66},"end":{"line":478,"column":75}}],"line":478},"26":{"loc":{"start":{"line":479,"column":27},"end":{"line":479,"column":152}},"type":"binary-expr","locations":[{"start":{"line":479,"column":27},"end":{"line":479,"column":54}},{"start":{"line":479,"column":58},"end":{"line":479,"column":152}}],"line":479},"27":{"loc":{"start":{"line":493,"column":23},"end":{"line":493,"column":49}},"type":"binary-expr","locations":[{"start":{"line":493,"column":23},"end":{"line":493,"column":35}},{"start":{"line":493,"column":39},"end":{"line":493,"column":49}}],"line":493},"28":{"loc":{"start":{"line":496,"column":17},"end":{"line":506,"column":11}},"type":"if","locations":[{"start":{"line":496,"column":17},"end":{"line":506,"column":11}},{"start":{"line":504,"column":17},"end":{"line":506,"column":11}}],"line":496},"29":{"loc":{"start":{"line":501,"column":23},"end":{"line":501,"column":49}},"type":"binary-expr","locations":[{"start":{"line":501,"column":23},"end":{"line":501,"column":35}},{"start":{"line":501,"column":39},"end":{"line":501,"column":49}}],"line":501},"30":{"loc":{"start":{"line":511,"column":6},"end":{"line":511,"column":50}},"type":"if","locations":[{"start":{"line":511,"column":6},"end":{"line":511,"column":50}},{"start":{},"end":{}}],"line":511},"31":{"loc":{"start":{"line":515,"column":15},"end":{"line":515,"column":48}},"type":"binary-expr","locations":[{"start":{"line":515,"column":15},"end":{"line":515,"column":18}},{"start":{"line":515,"column":22},"end":{"line":515,"column":48}}],"line":515},"32":{"loc":{"start":{"line":517,"column":42},"end":{"line":517,"column":60}},"type":"binary-expr","locations":[{"start":{"line":517,"column":42},"end":{"line":517,"column":55}},{"start":{"line":517,"column":59},"end":{"line":517,"column":60}}],"line":517},"33":{"loc":{"start":{"line":518,"column":49},"end":{"line":518,"column":103}},"type":"binary-expr","locations":[{"start":{"line":518,"column":49},"end":{"line":518,"column":76}},{"start":{"line":518,"column":80},"end":{"line":518,"column":103}}],"line":518},"34":{"loc":{"start":{"line":519,"column":6},"end":{"line":524,"column":7}},"type":"if","locations":[{"start":{"line":519,"column":6},"end":{"line":524,"column":7}},{"start":{},"end":{}}],"line":519},"35":{"loc":{"start":{"line":570,"column":15},"end":{"line":570,"column":72}},"type":"cond-expr","locations":[{"start":{"line":570,"column":34},"end":{"line":570,"column":54}},{"start":{"line":570,"column":57},"end":{"line":570,"column":72}}],"line":570},"36":{"loc":{"start":{"line":575,"column":7},"end":{"line":620,"column":7}},"type":"binary-expr","locations":[{"start":{"line":575,"column":7},"end":{"line":575,"column":23}},{"start":{"line":576,"column":8},"end":{"line":619,"column":14}}],"line":575},"37":{"loc":{"start":{"line":586,"column":11},"end":{"line":617,"column":11}},"type":"cond-expr","locations":[{"start":{"line":586,"column":33},"end":{"line":586,"column":50}},{"start":{"line":586,"column":53},"end":{"line":617,"column":11}}],"line":586},"38":{"loc":{"start":{"line":586,"column":53},"end":{"line":617,"column":11}},"type":"cond-expr","locations":[{"start":{"line":586,"column":66},"end":{"line":586,"column":110}},{"start":{"line":587,"column":12},"end":{"line":616,"column":16}}],"line":586},"39":{"loc":{"start":{"line":589,"column":17},"end":{"line":592,"column":77}},"type":"binary-expr","locations":[{"start":{"line":589,"column":17},"end":{"line":589,"column":76}},{"start":{"line":590,"column":17},"end":{"line":590,"column":78}},{"start":{"line":591,"column":17},"end":{"line":591,"column":78}},{"start":{"line":592,"column":17},"end":{"line":592,"column":77}}],"line":589},"40":{"loc":{"start":{"line":597,"column":21},"end":{"line":615,"column":15}},"type":"cond-expr","locations":[{"start":{"line":597,"column":45},"end":{"line":597,"column":91}},{"start":{"line":598,"column":16},"end":{"line":614,"column":19}}],"line":597},"41":{"loc":{"start":{"line":602,"column":122},"end":{"line":602,"column":153}},"type":"binary-expr","locations":[{"start":{"line":602,"column":122},"end":{"line":602,"column":132}},{"start":{"line":602,"column":136},"end":{"line":602,"column":153}}],"line":602},"42":{"loc":{"start":{"line":602,"column":156},"end":{"line":602,"column":189}},"type":"binary-expr","locations":[{"start":{"line":602,"column":156},"end":{"line":602,"column":167}},{"start":{"line":602,"column":171},"end":{"line":602,"column":189}}],"line":602},"43":{"loc":{"start":{"line":610,"column":206},"end":{"line":610,"column":247}},"type":"cond-expr","locations":[{"start":{"line":610,"column":226},"end":{"line":610,"column":235}},{"start":{"line":610,"column":238},"end":{"line":610,"column":247}}],"line":610},"44":{"loc":{"start":{"line":610,"column":256},"end":{"line":610,"column":295}},"type":"cond-expr","locations":[{"start":{"line":610,"column":276},"end":{"line":610,"column":285}},{"start":{"line":610,"column":288},"end":{"line":610,"column":295}}],"line":610},"45":{"loc":{"start":{"line":610,"column":305},"end":{"line":610,"column":350}},"type":"cond-expr","locations":[{"start":{"line":610,"column":325},"end":{"line":610,"column":338}},{"start":{"line":610,"column":341},"end":{"line":610,"column":350}}],"line":610},"46":{"loc":{"start":{"line":612,"column":215},"end":{"line":612,"column":265}},"type":"cond-expr","locations":[{"start":{"line":612,"column":244},"end":{"line":612,"column":253}},{"start":{"line":612,"column":256},"end":{"line":612,"column":265}}],"line":612},"47":{"loc":{"start":{"line":612,"column":274},"end":{"line":612,"column":322}},"type":"cond-expr","locations":[{"start":{"line":612,"column":303},"end":{"line":612,"column":312}},{"start":{"line":612,"column":315},"end":{"line":612,"column":322}}],"line":612},"48":{"loc":{"start":{"line":612,"column":332},"end":{"line":612,"column":386}},"type":"cond-expr","locations":[{"start":{"line":612,"column":361},"end":{"line":612,"column":374}},{"start":{"line":612,"column":377},"end":{"line":612,"column":386}}],"line":612},"49":{"loc":{"start":{"line":1240,"column":45},"end":{"line":1240,"column":77}},"type":"cond-expr","locations":[{"start":{"line":1240,"column":58},"end":{"line":1240,"column":67}},{"start":{"line":1240,"column":70},"end":{"line":1240,"column":77}}],"line":1240},"50":{"loc":{"start":{"line":1242,"column":36},"end":{"line":1242,"column":90}},"type":"cond-expr","locations":[{"start":{"line":1242,"column":49},"end":{"line":1242,"column":68}},{"start":{"line":1242,"column":71},"end":{"line":1242,"column":90}}],"line":1242},"51":{"loc":{"start":{"line":1281,"column":15},"end":{"line":1295,"column":15}},"type":"binary-expr","locations":[{"start":{"line":1281,"column":15},"end":{"line":1281,"column":43}},{"start":{"line":1282,"column":16},"end":{"line":1294,"column":22}}],"line":1281},"52":{"loc":{"start":{"line":1300,"column":28},"end":{"line":1300,"column":128}},"type":"binary-expr","locations":[{"start":{"line":1300,"column":28},"end":{"line":1300,"column":61}},{"start":{"line":1300,"column":65},"end":{"line":1300,"column":95}},{"start":{"line":1300,"column":99},"end":{"line":1300,"column":128}}],"line":1300},"53":{"loc":{"start":{"line":1301,"column":55},"end":{"line":1301,"column":109}},"type":"cond-expr","locations":[{"start":{"line":1301,"column":91},"end":{"line":1301,"column":104}},{"start":{"line":1301,"column":107},"end":{"line":1301,"column":109}}],"line":1301},"54":{"loc":{"start":{"line":1304,"column":19},"end":{"line":1304,"column":121}},"type":"cond-expr","locations":[{"start":{"line":1304,"column":55},"end":{"line":1304,"column":70}},{"start":{"line":1304,"column":73},"end":{"line":1304,"column":121}}],"line":1304},"55":{"loc":{"start":{"line":1307,"column":17},"end":{"line":1314,"column":17}},"type":"binary-expr","locations":[{"start":{"line":1307,"column":18},"end":{"line":1307,"column":50}},{"start":{"line":1307,"column":54},"end":{"line":1307,"column":75}},{"start":{"line":1308,"column":18},"end":{"line":1313,"column":27}}],"line":1307},"56":{"loc":{"start":{"line":1317,"column":15},"end":{"line":1342,"column":15}},"type":"binary-expr","locations":[{"start":{"line":1317,"column":15},"end":{"line":1317,"column":48}},{"start":{"line":1318,"column":16},"end":{"line":1341,"column":22}}],"line":1317},"57":{"loc":{"start":{"line":1337,"column":21},"end":{"line":1339,"column":21}},"type":"binary-expr","locations":[{"start":{"line":1337,"column":21},"end":{"line":1337,"column":38}},{"start":{"line":1338,"column":22},"end":{"line":1338,"column":74}}],"line":1337},"58":{"loc":{"start":{"line":1346,"column":13},"end":{"line":1506,"column":13}},"type":"binary-expr","locations":[{"start":{"line":1346,"column":13},"end":{"line":1346,"column":34}},{"start":{"line":1347,"column":14},"end":{"line":1505,"column":20}}],"line":1346},"59":{"loc":{"start":{"line":1362,"column":19},"end":{"line":1377,"column":19}},"type":"binary-expr","locations":[{"start":{"line":1362,"column":19},"end":{"line":1362,"column":48}},{"start":{"line":1363,"column":20},"end":{"line":1376,"column":29}}],"line":1362},"60":{"loc":{"start":{"line":1389,"column":38},"end":{"line":1389,"column":98}},"type":"cond-expr","locations":[{"start":{"line":1389,"column":70},"end":{"line":1389,"column":89}},{"start":{"line":1389,"column":92},"end":{"line":1389,"column":98}}],"line":1389},"61":{"loc":{"start":{"line":1390,"column":41},"end":{"line":1392,"column":82}},"type":"cond-expr","locations":[{"start":{"line":1390,"column":71},"end":{"line":1390,"column":80}},{"start":{"line":1391,"column":38},"end":{"line":1392,"column":82}}],"line":1390},"62":{"loc":{"start":{"line":1391,"column":38},"end":{"line":1392,"column":82}},"type":"cond-expr","locations":[{"start":{"line":1391,"column":67},"end":{"line":1391,"column":76}},{"start":{"line":1392,"column":38},"end":{"line":1392,"column":82}}],"line":1391},"63":{"loc":{"start":{"line":1392,"column":38},"end":{"line":1392,"column":82}},"type":"cond-expr","locations":[{"start":{"line":1392,"column":63},"end":{"line":1392,"column":72}},{"start":{"line":1392,"column":75},"end":{"line":1392,"column":82}}],"line":1392},"64":{"loc":{"start":{"line":1411,"column":45},"end":{"line":1414,"column":89}},"type":"cond-expr","locations":[{"start":{"line":1411,"column":72},"end":{"line":1411,"column":81}},{"start":{"line":1412,"column":43},"end":{"line":1414,"column":89}}],"line":1411},"65":{"loc":{"start":{"line":1412,"column":43},"end":{"line":1414,"column":89}},"type":"cond-expr","locations":[{"start":{"line":1412,"column":73},"end":{"line":1412,"column":82}},{"start":{"line":1413,"column":43},"end":{"line":1414,"column":89}}],"line":1412},"66":{"loc":{"start":{"line":1413,"column":43},"end":{"line":1414,"column":89}},"type":"cond-expr","locations":[{"start":{"line":1413,"column":72},"end":{"line":1413,"column":81}},{"start":{"line":1414,"column":43},"end":{"line":1414,"column":89}}],"line":1413},"67":{"loc":{"start":{"line":1414,"column":43},"end":{"line":1414,"column":89}},"type":"cond-expr","locations":[{"start":{"line":1414,"column":68},"end":{"line":1414,"column":77}},{"start":{"line":1414,"column":80},"end":{"line":1414,"column":89}}],"line":1414},"68":{"loc":{"start":{"line":1415,"column":35},"end":{"line":1415,"column":81}},"type":"cond-expr","locations":[{"start":{"line":1415,"column":62},"end":{"line":1415,"column":71}},{"start":{"line":1415,"column":74},"end":{"line":1415,"column":81}}],"line":1415},"69":{"loc":{"start":{"line":1420,"column":27},"end":{"line":1435,"column":27}},"type":"binary-expr","locations":[{"start":{"line":1420,"column":27},"end":{"line":1420,"column":53}},{"start":{"line":1421,"column":28},"end":{"line":1434,"column":37}}],"line":1420},"70":{"loc":{"start":{"line":1439,"column":23},"end":{"line":1451,"column":23}},"type":"binary-expr","locations":[{"start":{"line":1439,"column":23},"end":{"line":1439,"column":32}},{"start":{"line":1440,"column":24},"end":{"line":1450,"column":30}}],"line":1439},"71":{"loc":{"start":{"line":1453,"column":23},"end":{"line":1461,"column":23}},"type":"binary-expr","locations":[{"start":{"line":1453,"column":23},"end":{"line":1453,"column":34}},{"start":{"line":1453,"column":38},"end":{"line":1453,"column":51}},{"start":{"line":1454,"column":24},"end":{"line":1460,"column":30}}],"line":1453},"72":{"loc":{"start":{"line":1467,"column":17},"end":{"line":1504,"column":17}},"type":"binary-expr","locations":[{"start":{"line":1467,"column":17},"end":{"line":1467,"column":49}},{"start":{"line":1468,"column":18},"end":{"line":1503,"column":24}}],"line":1467},"73":{"loc":{"start":{"line":1498,"column":50},"end":{"line":1498,"column":78}},"type":"binary-expr","locations":[{"start":{"line":1498,"column":50},"end":{"line":1498,"column":61}},{"start":{"line":1498,"column":65},"end":{"line":1498,"column":78}}],"line":1498}},"s":{"0":0,"1":0,"2":0,"3":0,"4":0,"5":0,"6":0,"7":0,"8":0,"9":0,"10":0,"11":0,"12":0,"13":0,"14":0,"15":0,"16":0,"17":0,"18":0,"19":0,"20":0,"21":0,"22":0,"23":0,"24":0,"25":0,"26":0,"27":0,"28":0,"29":0,"30":0,"31":0,"32":0,"33":0,"34":0,"35":0,"36":0,"37":0,"38":0,"39":0,"40":0,"41":0,"42":0,"43":0,"44":0,"45":0,"46":0,"47":0,"48":0,"49":0,"50":0,"51":0,"52":0,"53":0,"54":0,"55":0,"56":0,"57":0,"58":0,"59":0,"60":0,"61":0,"62":0,"63":0,"64":0,"65":0,"66":0,"67":0,"68":0,"69":0,"70":0,"71":0,"72":0,"73":0,"74":0,"75":0,"76":0,"77":0,"78":0,"79":0,"80":0,"81":0,"82":0,"83":0,"84":0,"85":0,"86":0,"87":0,"88":0,"89":0,"90":0,"91":0,"92":0,"93":0,"94":0,"95":0,"96":0,"97":0,"98":0,"99":0,"100":0,"101":0,"102":0,"103":0,"104":0,"105":0,"106":0,"107":0,"108":0,"109":0,"110":0,"111":0,"112":0,"113":0,"114":0,"115":0,"116":0,"117":0,"118":0,"119":0,"120":0,"121":0,"122":0,"123":0,"124":0,"125":0,"126":0,"127":0,"128":0,"129":0,"130":0,"131":0,"132":0,"133":0,"134":0,"135":0,"136":0,"137":0,"138":0,"139":0,"140":0,"141":0,"142":0,"143":0,"144":0,"145":0,"146":0,"147":0,"148":0,"149":0,"150":0,"151":0,"152":0,"153":0,"154":0,"155":0,"156":0,"157":0,"158":0,"159":0,"160":0,"161":0,"162":0,"163":0,"164":0,"165":0,"166":0,"167":0,"168":0,"169":0,"170":0,"171":0,"172":0,"173":0,"174":0,"175":0,"176":0,"177":0,"178":0,"179":0,"180":0,"181":0,"182":0,"183":0,"184":0,"185":0,"186":0,"187":0,"188":0,"189":0,"190":0,"191":0,"192":0,"193":0,"194":0,"195":0,"196":0,"197":0,"198":0,"199":0,"200":0,"201":0,"202":0,"203":0,"204":0,"205":0,"206":0,"207":0,"208":0,"209":0,"210":0,"211":0,"212":0,"213":0,"214":0,"215":0,"216":0,"217":0,"218":0,"219":0,"220":0,"221":0,"222":0,"223":0,"224":0,"225":0,"226":0,"227":0,"228":0,"229":0,"230":0,"231":0,"232":0,"233":0,"234":0,"235":0,"236":0,"237":0,"238":0,"239":0,"240":0,"241":0,"242":0,"243":0,"244":0,"245":0,"246":0,"247":0,"248":0,"249":0,"250":0,"251":0,"252":0,"253":0,"254":0,"255":0,"256":0,"257":0,"258":0,"259":0,"260":0,"261":0,"262":0,"263":0,"264":0},"f":{"0":0,"1":0,"2":0,"3":0,"4":0,"5":0,"6":0,"7":0,"8":0,"9":0,"10":0,"11":0,"12":0,"13":0,"14":0,"15":0,"16":0,"17":0,"18":0,"19":0,"20":0,"21":0,"22":0,"23":0,"24":0,"25":0,"26":0,"27":0,"28":0,"29":0,"30":0,"31":0,"32":0,"33":0,"34":0,"35":0,"36":0,"37":0,"38":0,"39":0,"40":0,"41":0,"42":0,"43":0,"44":0,"45":0,"46":0,"47":0,"48":0,"49":0,"50":0,"51":0,"52":0,"53":0,"54":0,"55":0,"56":0,"57":0,"58":0,"59":0,"60":0,"61":0,"62":0,"63":0,"64":0,"65":0,"66":0,"67":0,"68":0,"69":0,"70":0,"71":0,"72":0,"73":0,"74":0,"75":0,"76":0,"77":0,"78":0,"79":0,"80":0,"81":0,"82":0,"83":0,"84":0,"85":0,"86":0,"87":0,"88":0},"b":{"0":[0,0],"1":[0,0],"2":[0,0],"3":[0,0],"4":[0,0],"5":[0,0],"6":[0,0],"7":[0,0],"8":[0,0],"9":[0,0],"10":[0,0],"11":[0,0],"12":[0,0],"13":[0,0],"14":[0,0],"15":[0,0],"16":[0,0],"17":[0,0],"18":[0,0],"19":[0,0],"20":[0,0],"21":[0,0],"22":[0,0,0],"23":[0,0],"24":[0,0],"25":[0,0,0],"26":[0,0],"27":[0,0],"28":[0,0],"29":[0,0],"30":[0,0],"31":[0,0],"32":[0,0],"33":[0,0],"34":[0,0],"35":[0,0],"36":[0,0],"37":[0,0],"38":[0,0],"39":[0,0,0,0],"40":[0,0],"41":[0,0],"42":[0,0],"43":[0,0],"44":[0,0],"45":[0,0],"46":[0,0],"47":[0,0],"48":[0,0],"49":[0,0],"50":[0,0],"51":[0,0],"52":[0,0,0],"53":[0,0],"54":[0,0],"55":[0,0,0],"56":[0,0],"57":[0,0],"58":[0,0],"59":[0,0],"60":[0,0],"61":[0,0],"62":[0,0],"63":[0,0],"64":[0,0],"65":[0,0],"66":[0,0],"67":[0,0],"68":[0,0],"69":[0,0],"70":[0,0],"71":[0,0,0],"72":[0,0],"73":[0,0]}}
,"/Users/tanishqpadwal/Desktop/Luminari/luminari fe/skin-disease-frontend/src/components/ClinicalDossierCompiler.js": {"path":"/Users/tanishqpadwal/Desktop/Luminari/luminari fe/skin-disease-frontend/src/components/ClinicalDossierCompiler.js","statementMap":{"0":{"start":{"line":5,"column":32},"end":{"line":665,"column":1}},"1":{"start":{"line":6,"column":56},"end":{"line":6,"column":68}},"2":{"start":{"line":7,"column":52},"end":{"line":7,"column":64}},"3":{"start":{"line":8,"column":32},"end":{"line":8,"column":47}},"4":{"start":{"line":9,"column":56},"end":{"line":9,"column":75}},"5":{"start":{"line":10,"column":52},"end":{"line":10,"column":64}},"6":{"start":{"line":11,"column":60},"end":{"line":11,"column":75}},"7":{"start":{"line":13,"column":23},"end":{"line":42,"column":3}},"8":{"start":{"line":44,"column":29},"end":{"line":52,"column":3}},"9":{"start":{"line":55,"column":30},"end":{"line":70,"column":3}},"10":{"start":{"line":56,"column":4},"end":{"line":69,"column":7}},"11":{"start":{"line":57,"column":6},"end":{"line":68,"column":7}},"12":{"start":{"line":60,"column":8},"end":{"line":60,"column":96}},"13":{"start":{"line":61,"column":13},"end":{"line":68,"column":7}},"14":{"start":{"line":62,"column":23},"end":{"line":62,"column":39}},"15":{"start":{"line":63,"column":8},"end":{"line":63,"column":56}},"16":{"start":{"line":63,"column":31},"end":{"line":63,"column":55}},"17":{"start":{"line":64,"column":8},"end":{"line":64,"column":32}},"18":{"start":{"line":67,"column":8},"end":{"line":67,"column":64}},"19":{"start":{"line":73,"column":27},"end":{"line":140,"column":3}},"20":{"start":{"line":74,"column":4},"end":{"line":81,"column":5}},"21":{"start":{"line":75,"column":6},"end":{"line":80,"column":8}},"22":{"start":{"line":83,"column":4},"end":{"line":83,"column":67}},"23":{"start":{"line":83,"column":35},"end":{"line":83,"column":65}},"24":{"start":{"line":85,"column":4},"end":{"line":139,"column":5}},"25":{"start":{"line":87,"column":27},"end":{"line":87,"column":67}},"26":{"start":{"line":89,"column":27},"end":{"line":89,"column":87}},"27":{"start":{"line":89,"column":58},"end":{"line":89,"column":86}},"28":{"start":{"line":91,"column":29},"end":{"line":101,"column":7}},"29":{"start":{"line":103,"column":31},"end":{"line":103,"column":87}},"30":{"start":{"line":106,"column":6},"end":{"line":112,"column":8}},"31":{"start":{"line":107,"column":8},"end":{"line":111,"column":9}},"32":{"start":{"line":108,"column":10},"end":{"line":110,"column":17}},"33":{"start":{"line":114,"column":6},"end":{"line":114,"column":30}},"34":{"start":{"line":116,"column":6},"end":{"line":116,"column":48}},"35":{"start":{"line":117,"column":26},"end":{"line":122,"column":7}},"36":{"start":{"line":124,"column":6},"end":{"line":130,"column":8}},"37":{"start":{"line":125,"column":8},"end":{"line":129,"column":9}},"38":{"start":{"line":126,"column":10},"end":{"line":128,"column":17}},"39":{"start":{"line":132,"column":6},"end":{"line":132,"column":25}},"40":{"start":{"line":134,"column":6},"end":{"line":138,"column":9}},"41":{"start":{"line":135,"column":23},"end":{"line":135,"column":36}},"42":{"start":{"line":136,"column":8},"end":{"line":136,"column":35}},"43":{"start":{"line":137,"column":8},"end":{"line":137,"column":22}},"44":{"start":{"line":142,"column":56},"end":{"line":162,"column":4}},"45":{"start":{"line":152,"column":27},"end":{"line":159,"column":9}},"46":{"start":{"line":152,"column":54},"end":{"line":159,"column":7}},"47":{"start":{"line":160,"column":6},"end":{"line":160,"column":68}},"48":{"start":{"line":164,"column":31},"end":{"line":188,"column":3}},"49":{"start":{"line":165,"column":26},"end":{"line":165,"column":91}},"50":{"start":{"line":165,"column":58},"end":{"line":165,"column":83}},"51":{"start":{"line":166,"column":21},"end":{"line":166,"column":88}},"52":{"start":{"line":166,"column":52},"end":{"line":166,"column":71}},"53":{"start":{"line":168,"column":4},"end":{"line":171,"column":5}},"54":{"start":{"line":169,"column":6},"end":{"line":169,"column":67}},"55":{"start":{"line":170,"column":6},"end":{"line":170,"column":13}},"56":{"start":{"line":174,"column":4},"end":{"line":178,"column":6}},"57":{"start":{"line":175,"column":6},"end":{"line":177,"column":7}},"58":{"start":{"line":176,"column":8},"end":{"line":176,"column":76}},"59":{"start":{"line":181,"column":4},"end":{"line":187,"column":5}},"60":{"start":{"line":182,"column":23},"end":{"line":182,"column":75}},"61":{"start":{"line":182,"column":53},"end":{"line":182,"column":74}},"62":{"start":{"line":183,"column":6},"end":{"line":186,"column":7}},"63":{"start":{"line":184,"column":32},"end":{"line":184,"column":57}},"64":{"start":{"line":185,"column":8},"end":{"line":185,"column":65}},"65":{"start":{"line":185,"column":25},"end":{"line":185,"column":58}},"66":{"start":{"line":190,"column":25},"end":{"line":192,"column":3}},"67":{"start":{"line":191,"column":4},"end":{"line":191,"column":76}},"68":{"start":{"line":191,"column":33},"end":{"line":191,"column":74}},"69":{"start":{"line":191,"column":52},"end":{"line":191,"column":73}},"70":{"start":{"line":194,"column":33},"end":{"line":199,"column":3}},"71":{"start":{"line":195,"column":21},"end":{"line":195,"column":73}},"72":{"start":{"line":195,"column":51},"end":{"line":195,"column":72}},"73":{"start":{"line":196,"column":4},"end":{"line":198,"column":5}},"74":{"start":{"line":197,"column":6},"end":{"line":197,"column":39}},"75":{"start":{"line":201,"column":31},"end":{"line":213,"column":3}},"76":{"start":{"line":202,"column":4},"end":{"line":206,"column":5}},"77":{"start":{"line":205,"column":6},"end":{"line":205,"column":13}},"78":{"start":{"line":208,"column":32},"end":{"line":208,"column":77}},"79":{"start":{"line":208,"column":64},"end":{"line":208,"column":76}},"80":{"start":{"line":210,"column":4},"end":{"line":212,"column":5}},"81":{"start":{"line":211,"column":6},"end":{"line":211,"column":39}},"82":{"start":{"line":215,"column":25},"end":{"line":241,"column":3}},"83":{"start":{"line":216,"column":4},"end":{"line":216,"column":21}},"84":{"start":{"line":218,"column":4},"end":{"line":240,"column":5}},"85":{"start":{"line":223,"column":21},"end":{"line":223,"column":92}},"86":{"start":{"line":227,"column":6},"end":{"line":234,"column":7}},"87":{"start":{"line":231,"column":8},"end":{"line":231,"column":33}},"88":{"start":{"line":232,"column":8},"end":{"line":232,"column":35}},"89":{"start":{"line":233,"column":8},"end":{"line":233,"column":33}},"90":{"start":{"line":236,"column":6},"end":{"line":236,"column":46}},"91":{"start":{"line":239,"column":6},"end":{"line":239,"column":24}},"92":{"start":{"line":243,"column":27},"end":{"line":255,"column":3}},"93":{"start":{"line":244,"column":4},"end":{"line":244,"column":43}},"94":{"start":{"line":244,"column":30},"end":{"line":244,"column":43}},"95":{"start":{"line":246,"column":31},"end":{"line":248,"column":25}},"96":{"start":{"line":247,"column":21},"end":{"line":247,"column":33}},"97":{"start":{"line":248,"column":18},"end":{"line":248,"column":24}},"98":{"start":{"line":250,"column":31},"end":{"line":252,"column":22}},"99":{"start":{"line":251,"column":18},"end":{"line":251,"column":30}},"100":{"start":{"line":254,"column":4},"end":{"line":254,"column":77}},"101":{"start":{"line":254,"column":43},"end":{"line":254,"column":75}},"102":{"start":{"line":257,"column":28},"end":{"line":267,"column":3}},"103":{"start":{"line":258,"column":21},"end":{"line":258,"column":88}},"104":{"start":{"line":258,"column":53},"end":{"line":258,"column":80}},"105":{"start":{"line":259,"column":21},"end":{"line":259,"column":74}},"106":{"start":{"line":259,"column":52},"end":{"line":259,"column":73}},"107":{"start":{"line":260,"column":21},"end":{"line":260,"column":39}},"108":{"start":{"line":261,"column":21},"end":{"line":261,"column":45}},"109":{"start":{"line":263,"column":4},"end":{"line":263,"column":53}},"
[...]
lumn":67}}],"line":3530},"166":{"loc":{"start":{"line":3531,"column":14},"end":{"line":3531,"column":105}},"type":"cond-expr","locations":[{"start":{"line":3531,"column":22},"end":{"line":3531,"column":100}},{"start":{"line":3531,"column":103},"end":{"line":3531,"column":105}}],"line":3531},"167":{"loc":{"start":{"line":3542,"column":50},"end":{"line":3542,"column":87}},"type":"binary-expr","locations":[{"start":{"line":3542,"column":50},"end":{"line":3542,"column":70}},{"start":{"line":3542,"column":74},"end":{"line":3542,"column":87}}],"line":3542},"168":{"loc":{"start":{"line":3575,"column":28},"end":{"line":3575,"column":67}},"type":"binary-expr","locations":[{"start":{"line":3575,"column":28},"end":{"line":3575,"column":61}},{"start":{"line":3575,"column":65},"end":{"line":3575,"column":67}}],"line":3575},"169":{"loc":{"start":{"line":3576,"column":14},"end":{"line":3576,"column":105}},"type":"cond-expr","locations":[{"start":{"line":3576,"column":22},"end":{"line":3576,"column":100}},{"start":{"line":3576,"column":103},"end":{"line":3576,"column":105}}],"line":3576},"170":{"loc":{"start":{"line":3587,"column":50},"end":{"line":3587,"column":87}},"type":"binary-expr","locations":[{"start":{"line":3587,"column":50},"end":{"line":3587,"column":70}},{"start":{"line":3587,"column":74},"end":{"line":3587,"column":87}}],"line":3587},"171":{"loc":{"start":{"line":3620,"column":28},"end":{"line":3620,"column":67}},"type":"binary-expr","locations":[{"start":{"line":3620,"column":28},"end":{"line":3620,"column":61}},{"start":{"line":3620,"column":65},"end":{"line":3620,"column":67}}],"line":3620},"172":{"loc":{"start":{"line":3621,"column":14},"end":{"line":3621,"column":105}},"type":"cond-expr","locations":[{"start":{"line":3621,"column":22},"end":{"line":3621,"column":100}},{"start":{"line":3621,"column":103},"end":{"line":3621,"column":105}}],"line":3621},"173":{"loc":{"start":{"line":3632,"column":49},"end":{"line":3632,"column":86}},"type":"binary-expr","locations":[{"start":{"line":3632,"column":49},"end":{"line":3632,"column":69}},{"start":{"line":3632,"column":73},"end":{"line":3632,"column":86}}],"line":3632},"174":{"loc":{"start":{"line":3665,"column":28},"end":{"line":3665,"column":67}},"type":"binary-expr","locations":[{"start":{"line":3665,"column":28},"end":{"line":3665,"column":61}},{"start":{"line":3665,"column":65},"end":{"line":3665,"column":67}}],"line":3665},"175":{"loc":{"start":{"line":3666,"column":14},"end":{"line":3666,"column":105}},"type":"cond-expr","locations":[{"start":{"line":3666,"column":22},"end":{"line":3666,"column":100}},{"start":{"line":3666,"column":103},"end":{"line":3666,"column":105}}],"line":3666},"176":{"loc":{"start":{"line":3677,"column":53},"end":{"line":3677,"column":90}},"type":"binary-expr","locations":[{"start":{"line":3677,"column":53},"end":{"line":3677,"column":73}},{"start":{"line":3677,"column":77},"end":{"line":3677,"column":90}}],"line":3677},"177":{"loc":{"start":{"line":3689,"column":6},"end":{"line":3691,"column":7}},"type":"if","locations":[{"start":{"line":3689,"column":6},"end":{"line":3691,"column":7}},{"start":{},"end":{}}],"line":3689},"178":{"loc":{"start":{"line":3701,"column":6},"end":{"line":3705,"column":7}},"type":"if","locations":[{"start":{"line":3701,"column":6},"end":{"line":3705,"column":7}},{"start":{},"end":{}}],"line":3701},"179":{"loc":{"start":{"line":3716,"column":57},"end":{"line":3716,"column":137}},"type":"cond-expr","locations":[{"start":{"line":3716,"column":85},"end":{"line":3716,"column":132}},{"start":{"line":3716,"column":135},"end":{"line":3716,"column":137}}],"line":3716},"180":{"loc":{"start":{"line":3724,"column":48},"end":{"line":3724,"column":85}},"type":"binary-expr","locations":[{"start":{"line":3724,"column":48},"end":{"line":3724,"column":68}},{"start":{"line":3724,"column":72},"end":{"line":3724,"column":85}}],"line":3724},"181":{"loc":{"start":{"line":3740,"column":6},"end":{"line":3740,"column":26}},"type":"default-arg","locations":[{"start":{"line":3740,"column":17},"end":{"line":3740,"column":26}}],"line":3740},"182":{"loc":{"start":{"line":3807,"column":25},"end":{"line":3809,"column":20}},"type":"cond-expr","locations":[{"start":{"line":3808,"column":8},"end":{"line":3808,"column":84}},{"start":{"line":3809,"column":8},"end":{"line":3809,"column":20}}],"line":3807},"183":{"loc":{"start":{"line":3813,"column":28},"end":{"line":3813,"column":69}},"type":"binary-expr","locations":[{"start":{"line":3813,"column":28},"end":{"line":3813,"column":37}},{"start":{"line":3813,"column":41},"end":{"line":3813,"column":69}}],"line":3813},"184":{"loc":{"start":{"line":3825,"column":18},"end":{"line":3825,"column":79}},"type":"binary-expr","locations":[{"start":{"line":3825,"column":18},"end":{"line":3825,"column":51}},{"start":{"line":3825,"column":55},"end":{"line":3825,"column":79}}],"line":3825},"185":{"loc":{"start":{"line":3830,"column":18},"end":{"line":3830,"column":48}},"type":"binary-expr","locations":[{"start":{"line":3830,"column":18},"end":{"line":3830,"column":29}},{"start":{"line":3830,"column":33},"end":{"line":3830,"column":48}}],"line":3830},"186":{"loc":{"start":{"line":3831,"column":24},"end":{"line":3831,"column":60}},"type":"binary-expr","locations":[{"start":{"line":3831,"column":24},"end":{"line":3831,"column":41}},{"start":{"line":3831,"column":45},"end":{"line":3831,"column":60}}],"line":3831},"187":{"loc":{"start":{"line":3833,"column":15},"end":{"line":3833,"column":36}},"type":"binary-expr","locations":[{"start":{"line":3833,"column":15},"end":{"line":3833,"column":23}},{"start":{"line":3833,"column":27},"end":{"line":3833,"column":36}}],"line":3833},"188":{"loc":{"start":{"line":3834,"column":15},"end":{"line":3834,"column":81}},"type":"cond-expr","locations":[{"start":{"line":3834,"column":26},"end":{"line":3834,"column":69}},{"start":{"line":3834,"column":72},"end":{"line":3834,"column":81}}],"line":3834},"189":{"loc":{"start":{"line":3858,"column":21},"end":{"line":3858,"column":51}},"type":"cond-expr","locations":[{"start":{"line":3858,"column":39},"end":{"line":3858,"column":44}},{"start":{"line":3858,"column":47},"end":{"line":3858,"column":51}}],"line":3858},"190":{"loc":{"start":{"line":3859,"column":21},"end":{"line":3859,"column":51}},"type":"cond-expr","locations":[{"start":{"line":3859,"column":39},"end":{"line":3859,"column":44}},{"start":{"line":3859,"column":47},"end":{"line":3859,"column":51}}],"line":3859},"191":{"loc":{"start":{"line":3905,"column":31},"end":{"line":3905,"column":94}},"type":"binary-expr","locations":[{"start":{"line":3905,"column":31},"end":{"line":3905,"column":60}},{"start":{"line":3905,"column":64},"end":{"line":3905,"column":94}}],"line":3905},"192":{"loc":{"start":{"line":3907,"column":7},"end":{"line":3907,"column":39}},"type":"binary-expr","locations":[{"start":{"line":3907,"column":7},"end":{"line":3907,"column":34}},{"start":{"line":3907,"column":38},"end":{"line":3907,"column":39}}],"line":3907},"193":{"loc":{"start":{"line":3912,"column":15},"end":{"line":3912,"column":48}},"type":"binary-expr","locations":[{"start":{"line":3912,"column":15},"end":{"line":3912,"column":39}},{"start":{"line":3912,"column":43},"end":{"line":3912,"column":48}}],"line":3912},"194":{"loc":{"start":{"line":3914,"column":22},"end":{"line":3914,"column":62}},"type":"binary-expr","locations":[{"start":{"line":3914,"column":22},"end":{"line":3914,"column":53}},{"start":{"line":3914,"column":57},"end":{"line":3914,"column":62}}],"line":3914},"195":{"loc":{"start":{"line":3915,"column":25},"end":{"line":3915,"column":68}},"type":"binary-expr","locations":[{"start":{"line":3915,"column":25},"end":{"line":3915,"column":59}},{"start":{"line":3915,"column":63},"end":{"line":3915,"column":68}}],"line":3915},"196":{"loc":{"start":{"line":3916,"column":29},"end":{"line":3916,"column":76}},"type":"binary-expr","locations":[{"start":{"line":3916,"column":29},"end":{"line":3916,"column":67}},{"start":{"line":3916,"column":71},"end":{"line":3916,"column":76}}],"line":3916},"197":{"loc":{"start":{"line":3917,"column":29},"end":{"line":3917,"column":86}},"type":"binary-expr","locations":[{"start":{"line":3917,"column":29},"end":{"line":3917,"column":67}},{"start":{"line":3917,"column":71},"end":{"line":3917,"column":86}}],"line":3917},"198":{"loc":{"start":{"line":3918,"column":26},"end":{"line":3918,"column":66}},"type":"binary-expr","locations":[{"start":{"line":3918,"column":26},"end":{"line":3918,"column":61}},{"start":{"line":3918,"column":65},"end":{"line":3918,"column":66}}],"line":3918},"199":{"loc":{"start":{"line":3919,"column":14},"end":{"line":3919,"column":89}},"type":"binary-expr","locations":[{"start":{"line":3919,"column":14},"end":{"line":3919,"column":37}},{"start":{"line":3919,"column":41},"end":{"line":3919,"column":89}}],"line":3919},"200":{"loc":{"start":{"line":3920,"column":22},"end":{"line":3920,"column":114}},"type":"binary-expr","locations":[{"start":{"line":3920,"column":22},"end":{"line":3920,"column":53}},{"start":{"line":3920,"column":57},"end":{"line":3920,"column":114}}],"line":3920},"201":{"loc":{"start":{"line":3921,"column":23},"end":{"line":3921,"column":61}},"type":"binary-expr","locations":[{"start":{"line":3921,"column":23},"end":{"line":3921,"column":55}},{"start":{"line":3921,"column":59},"end":{"line":3921,"column":61}}],"line":3921},"202":{"loc":{"start":{"line":3922,"column":26},"end":{"line":3922,"column":69}},"type":"binary-expr","locations":[{"start":{"line":3922,"column":26},"end":{"line":3922,"column":61}},{"start":{"line":3922,"column":65},"end":{"line":3922,"column":69}}],"line":3922},"203":{"loc":{"start":{"line":3923,"column":22},"end":{"line":3923,"column":86}},"type":"binary-expr","locations":[{"start":{"line":3923,"column":22},"end":{"line":3923,"column":53}},{"start":{"line":3923,"column":57},"end":{"line":3923,"column":86}}],"line":3923},"204":{"loc":{"start":{"line":3924,"column":24},"end":{"line":3924,"column":63}},"type":"binary-expr","locations":[{"start":{"line":3924,"column":24},"end":{"line":3924,"column":57}},{"start":{"line":3924,"column":61},"end":{"line":3924,"column":63}}],"line":3924},"205":{"loc":{"start":{"line":3925,"column":26},"end":{"line":3930,"column":7}},"type":"binary-expr","locations":[{"start":{"line":3925,"column":26},"end":{"line":3925,"column":61}},{"start":{"line":3925,"column":65},"end":{"line":3930,"column":7}}],"line":3925},"206":{"loc":{"start":{"line":3934,"column":22},"end":{"line":3934,"column":75}},"type":"cond-expr","locations":[{"start":{"line":3934,"column":33},"end":{"line":3934,"column":68}},{"start":{"line":3934,"column":71},"end":{"line":3934,"column":75}}],"line":3934},"207":{"loc":{"start":{"line":3941,"column":56},"end":{"line":3941,"column":93}},"type":"binary-expr","locations":[{"start":{"line":3941,"column":56},"end":{"line":3941,"column":76}},{"start":{"line":3941,"column":80},"end":{"line":3941,"column":93}}],"line":3941},"208":{"loc":{"start":{"line":3952,"column":43},"end":{"line":3952,"column":84}},"type":"binary-expr","locations":[{"start":{"line":3952,"column":43},"end":{"line":3952,"column":56}},{"start":{"line":3952,"column":60},"end":{"line":3952,"column":84}}],"line":3952},"209":{"loc":{"start":{"line":3966,"column":18},"end":{"line":3966,"column":54}},"type":"binary-expr","locations":[{"start":{"line":3966,"column":18},"end":{"line":3966,"column":41}},{"start":{"line":3966,"column":45},"end":{"line":3966,"column":54}}],"line":3966},"210":{"loc":{"start":{"line":3967,"column":22},"end":{"line":3967,"column":105}},"type":"cond-expr","locations":[{"start":{"line":3967,"column":48},"end":{"line":3967,"column":98}},{"start":{"line":3967,"column":101},"end":{"line":3967,"column":105}}],"line":3967},"211":{"loc":{"start":{"line":3978,"column":31},"end":{"line":3978,"column":43}},"type":"default-arg","locations":[{"start":{"line":3978,"column":41},"end":{"line":3978,"column":43}}],"line":3978},"212":{"loc":{"start":{"line":3982,"column":12},"end":{"line":3982,"column":56}},"type":"cond-expr","locations":[{"start":{"line":3982,"column":36},"end":{"line":3982,"column":42}},{"start":{"line":3982,"column":45},"end":{"line":3982,"column":56}}],"line":3982}},"s":{"0":2,"1":2,"2":2,"3":2,"4":2,"5":2,"6":0,"7":0,"8":0,"9":0,"10":0,"11":0,"12":0,"13":0,"14":0,"15":0,"16":2,"17":0,"18":0,"19":0,"20":0,"21":0,"22":0,"23":0,"24":0,"25":2,"26":0,"27":0,"28":0,"29":2,"30":0,"31":0,"32":0,"33":2,"34":2,"35":0,"36":0,"37":0,"38":0,"39":0,"40":0,"41":0,"42":0,"43":0,"44":0,"45":0,"46":0,"47":0,"48":0,"49":0,"50":0,"51":0,"52":0,"53":0,"54":0,"55":0,"56":0,"57":0,"58":0,"59":0,"60":0,"61":0,"62":0,"63":0,"64":0,"65":0,"66":0,"67":0,"68":0,"69":0,"70":0,"71":0,"72":0,"73":0,"74":0,"75":0,"76":0,"77":0,"78":0,"79":0,"80":0,"81":0,"82":0,"83":0,"84":0,"85":0,"86":0,"87":0,"88":0,"89":0,"90":0,"91":0,"92":0,"93":0,"94":0,"95":0,"96":0,"97":0,"98":0,"99":0,"100":0,"101":0,"102":0,"103":0,"104":0,"105":0,"106":0,"107":0,"108":0,"109":0,"110":0,"111":0,"112":0,"113":0,"114":0,"115":0,"116":0,"117":0,"118":0,"119":0,"120":0,"121":0,"122":0,"123":0,"124":0,"125":0,"126":0,"127":0,"128":0,"129":0,"130":0,"131":0,"132":0,"133":0,"134":0,"135":0,"136":0,"137":0,"138":0,"139":0,"140":0,"141":0,"142":0,"143":0,"144":0,"145":0,"146":0,"147":0,"148":0,"149":0,"150":0,"151":0,"152":0,"153":0,"154":0,"155":0,"156":0,"157":0,"158":0,"159":0,"160":0,"161":0,"162":0,"163":0,"164":0,"165":0,"166":0,"167":0,"168":0,"169":0,"170":0,"171":0,"172":0,"173":0,"174":0,"175":0,"176":0,"177":0,"178":0,"179":0,"180":0,"181":0,"182":0,"183":0,"184":0,"185":0,"186":0,"187":0,"188":0,"189":0,"190":0,"191":0,"192":0,"193":0,"194":0,"195":0,"196":0,"197":0,"198":0,"199":0,"200":0,"201":0,"202":0,"203":0,"204":0,"205":0,"206":0,"207":0,"208":0,"209":0,"210":0,"211":0,"212":0,"213":0,"214":0,"215":0,"216":0,"217":0,"218":0,"219":0,"220":0,"221":0,"222":0,"223":0,"224":0,"225":0,"226":0,"227":0,"228":0,"229":0,"230":0,"231":0,"232":0,"233":0,"234":0,"235":0,"236":0,"237":0,"238":0,"239":0,"240":0,"241":0,"242":0,"243":0,"244":0,"245":0,"246":0,"247":0,"248":0,"249":0,"250":0,"251":0,"252":0,"253":0,"254":0,"255":0,"256":0,"257":0,"258":0,"259":0,"260":0,"261":0,"262":0,"263":0,"264":0,"265":0,"266":0,"267":0,"268":0,"269":0,"270":0,"271":0,"272":0,"273":0,"274":0,"275":0,"276":0,"277":0,"278":0,"279":0,"280":0,"281":0,"282":0,"283":0,"284":0,"285":0,"286":0,"287":0,"288":0,"289":0,"290":0,"291":0,"292":0,"293":0,"294":0,"295":0,"296":0,"297":0,"298":0,"299":0,"300":0,"301":0,"302":0,"303":0,"304":0,"305":0,"306":0,"307":0,"308":0,"309":0,"310":0,"311":0,"312":0,"313":0,"314":0,"315":0,"316":0,"317":0,"318":0,"319":0,"320":0,"321":0,"322":0,"323":0,"324":0,"325":0,"326":0,"327":0,"328":0,"329":0,"330":0,"331":0,"332":0,"333":0,"334":0,"335":0,"336":0,"337":0,"338":0,"339":0,"340":0,"341":0,"342":0,"343":0,"344":0,"345":0,"346":0,"347":0,"348":0,"349":0,"350":0,"351":0,"352":0,"353":0,"354":0,"355":0,"356":0,"357":0,"358":0,"359":0,"360":0,"361":0,"362":0,"363":0,"364":0,"365":0,"366":0,"367":0,"368":0,"369":0,"370":0,"371":0,"372":0,"373":0,"374":0,"375":0,"376":0,"377":0,"378":0,"379":0,"380":0,"381":0,"382":0,"383":0,"384":0,"385":0,"386":0,"387":0,"388":0,"389":0,"390":0,"391":0,"392":0,"393":0,"394":0,"395":0,"396":0,"397":0,"398":0,"399":0,"400":0,"401":0,"402":0,"403":0,"404":0,"405":0,"406":0,"407":0,"408":0,"409":0,"410":0,"411":0,"412":0,"413":0,"414":0,"415":0,"416":0,"417":0,"418":0,"419":0,"420":0,"421":0,"422":0,"423":0,"424":0,"425":0,"426":0,"427":0,"428":0,"429":0,"430":0,"431":0,"432":0,"433":0,"434":0,"435":0,"436":0,"437":0,"438":0,"439":0,"440":0,"441":0,"442":0,"443":0,"444":0,"445":0,"446":0,"447":0,"448":0,"449":0,"450":0,"451":0,"452":0,"453":0,"454":0,"455":0,"456":0,"457":0,"458":0,"459":0,"460":0,"461":0,"462":0,"463":0,"464":14,"465":14,"466":0,"467":14,"468":14,"469":13,"470":65,"471":65,"472":13,"473":0,"474":13,"475":0,"476":14,"477":14,"478":0,"479":0,"480":0,"481":0,"482":0,"483":0,"484":0,"485":0,"486":0,"487":0,"488":0,"489":0,"490":0,"491":0,"492":0,"493":0,"494":0,"495":0,"496":0,"497":0,"498":0,"499":0,"500":0,"501":0,"502":0,"503":0,"504":0},"f":{"0":0,"1":0,"2":0,"3":0,"4":0,"5":0,"6":0,"7":0,"8":0,"9":0,"10":0,"11":0,"12":0,"13":0,"14":0,"15":0,"16":0,"17":0,"18":0,"19":0,"20":0,"21":0,"22":0,"23":0,"24":0,"25":0,"26":0,"27":0,"28":0,"29":0,"30":0,"31":0,"32":0,"33":0,"34":0,"35":0,"36":0,"37":0,"38":0,"39":0,"40":0,"41":0,"42":0,"43":0,"44":0,"45":0,"46":0,"47":0,"48":0,"49":0,"50":0,"51":0,"52":0,"53":0,"54":0,"55":0,"56":0,"57":0,"58":0,"59":0,"60":0,"61":0,"62":0,"63":0,"64":0,"65":0,"66":0,"67":0,"68":0,"69":0,"70":0,"71":0,"72":0,"73":0,"74":0,"75":0,"76":0,"77":0,"78":0,"79":0,"80":0,"81":0,"82":0,"83":0,"84":0,"85":0,"86":0,"87":0,"88":0,"89":0,"90":0,"91":0,"92":0,"93":0,"94":0,"95":0,"96":0,"97":0,"98":0,"99":0,"100":0,"101":0,"102":0,"103":0,"104":0,"105":0,"106":0,"107":0,"108":0,"109":0,"110":0,"111":0,"112":0,"113":0,"114":0,"115":0,"116":0,"117":0,"118":0,"119":0,"120":0,"121":0,"122":0,"123":0,"124":0,"125":0,"126":0,"127":0,"128":0,"129":0,"130":0,"131":0,"132":0,"133":0,"134":0,"135":0,"136":0,"137":0,"138":0,"139":0,"140":0,"141":0,"142":0,"143":0,"144":0,"145":0,"146":0,"147":0,"148":0,"149":0,"150":0,"151":0,"152":0,"153":0,"154":0,"155":0,"156":0,"157":0,"158":0,"159":0,"160":0,"161":0,"162":0,"163":0,"164":0,"165":0,"166":14,"167":65,"168":0,"169":0,"170":0},"b":{"0":[0,0],"1":[0,0],"2":[0,0],"3":[0,0],"4":[0,0],"5":[0,0],"6":[0,0],"7":[0,0],"8":[0,0],"9":[0,0],"10":[0,0],"11":[0,0],"12":[0,0],"13":[0,0],"14":[0,0],"15":[0,0],"16":[0,0],"17":[0,0],"18":[0,0],"19":[0,0],"20":[0,0],"21":[0,0],"22":[0,0],"23":[0,0],"24":[0,0],"25":[0,0],"26":[0,0],"27":[0,0],"28":[0,0],"29":[0,0],"30":[0,0],"31":[0,0],"32":[0,0],"33":[0,0],"34":[0,0],"35":[0,0],"36":[0,0],"37":[0,0],"38":[0,0],"39":[0,0],"40":[0,0],"41":[0,0],"42":[0,0],"43":[0,0],"44":[0,0],"45":[0,0],"46":[0,0],"47":[0,0],"48":[0,0],"49":[0,0],"50":[0,0],"51":[0,0],"52":[0,0],"53":[0,0],"54":[0,0],"55":[0,0],"56":[0,0],"57":[0,0],"58":[0,0],"59":[0,0],"60":[0,0],"61":[0,0],"62":[0,0],"63":[0,0],"64":[0,0],"65":[0,0],"66":[0,0],"67":[0,0],"68":[0,0],"69":[0,0],"70":[0,0],"71":[0,0],"72":[0,0],"73":[0,0],"74":[0,0],"75":[0,0],"76":[0,0],"77":[0,0],"78":[0,0],"79":[0,0],"80":[0,0],"81":[0,0],"82":[0,0],"83":[0,0],"84":[0,0],"85":[0,0],"86":[0,0],"87":[0,0],"88":[0,0],"89":[0,0],"90":[0,0],"91":[0,0],"92":[0,0],"93":[0,0],"94":[0,0],"95":[0,0],"96":[0,0],"97":[0,0],"98":[0,0],"99":[0,0],"100":[0,0],"101":[0,0],"102":[0,0],"103":[0,0],"104":[0,0],"105":[0,0],"106":[0,0],"107":[0,0],"108":[0,0],"109":[0,0],"110":[0,0],"111":[0,0],"112":[0,0],"113":[0,0],"114":[0,0],"115":[0,0],"116":[0,0],"117":[0,0],"118":[0,0],"119":[0,0],"120":[0,0],"121":[0,0],"122":[0,0],"123":[0,0],"124":[0,0],"125":[0,0],"126":[0,0],"127":[0,0],"128":[0,0],"129":[0,0],"130":[0,0],"131":[0,0],"132":[0,0],"133":[0,0],"134":[0,0],"135":[0,0],"136":[0,0],"137":[0,0],"138":[0,0],"139":[0,0],"140":[0,0],"141":[0,0],"142":[0,0],"143":[0,0],"144":[0,0],"145":[0,0],"146":[0,0],"147":[0,0],"148":[0,0],"149":[0,0],"150":[0,0],"151":[0,0],"152":[0,0],"153":[0,0],"154":[0,0],"155":[0,0],"156":[0,0],"157":[0,0],"158":[0,0],"159":[0,0],"160":[0,0],"161":[0,0],"162":[0,0],"163":[0,0],"164":[0,0],"165":[0,0],"166":[0,0],"167":[0,0],"168":[0,0],"169":[0,0],"170":[0,0],"171":[0,0],"172":[0,0],"173":[0,0],"174":[0,0],"175":[0,0],"176":[0,0],"177":[0,14],"178":[0,13],"179":[0,0],"180":[14,14],"181":[0],"182":[0,0],"183":[0,0],"184":[0,0],"185":[0,0],"186":[0,0],"187":[0,0],"188":[0,0],"189":[0,0],"190":[0,0],"191":[0,0],"192":[0,0],"193":[0,0],"194":[0,0],"195":[0,0],"196":[0,0],"197":[0,0],"198":[0,0],"199":[0,0],"200":[0,0],"201":[0,0],"202":[0,0],"203":[0,0],"204":[0,0],"205":[0,0],"206":[0,0],"207":[0,0],"208":[0,0],"209":[0,0],"210":[0,0],"211":[0],"212":[0,0]},"_coverageSchema":"1a1c01bbd47fc00a2c39e90264f33305004495a9","hash":"d03182935e8964cbcee56aac0a1c264b0de4a460"}
}
