TN:
SF:src/App.js
FN:26,(anonymous_0)
FN:37,(anonymous_1)
FN:111,App
FNF:3
FNH:0
FNDA:0,(anonymous_0)
FNDA:0,(anonymous_1)
FNDA:0,App
DA:26,0
DA:27,0
DA:30,0
DA:31,0
DA:34,0
DA:37,0
DA:38,0
DA:40,0
DA:41,0
DA:49,0
DA:112,0
LF:11
LH:0
BRDA:30,0,0,0
BRDA:30,0,1,0
BRDA:40,1,0,0
BRDA:40,1,1,0
BRF:4
BRH:0
end_of_record
TN:
SF:src/index.js
FNF:0
FNH:0
DA:7,0
DA:8,0
DA:17,0
LF:3
LH:0
BRF:0
BRH:0
end_of_record
TN:
SF:src/reportWebVitals.js
FN:1,(anonymous_0)
FN:3,(anonymous_1)
FNF:2
FNH:0
FNDA:0,(anonymous_0)
FNDA:0,(anonymous_1)
DA:1,0
DA:2,0
DA:3,0
DA:4,0
DA:5,0
DA:6,0
DA:7,0
DA:8,0
LF:8
LH:0
BRDA:2,0,0,0
BRDA:2,0,1,0
BRDA:2,1,0,0
BRDA:2,1,1,0
BRF:4
BRH:0
end_of_record
TN:
SF:src/testUtils.js
FN:10,(anonymous_0)
FN:13,(anonymous_1)
FN:99,(anonymous_2)
FN:103,(anonymous_3)
FN:114,(anonymous_4)
FN:130,(anonymous_5)
FN:173,(anonymous_6)
FN:193,(anonymous_7)
FN:225,(anonymous_8)
FN:227,(anonymous_9)
FN:230,(anonymous_10)
FN:235,(anonymous_11)
FN:243,(anonymous_12)
FNF:13
FNH:0
FNDA:0,(anonymous_0)
FNDA:0,(anonymous_1)
FNDA:0,(anonymous_2)
FNDA:0,(anonymous_3)
FNDA:0,(anonymous_4)
FNDA:0,(anonymous_5)
FNDA:0,(anonymous_6)
FNDA:0,(anonymous_7)
FNDA:0,(anonymous_8)
FNDA:0,(anonymous_9)
FNDA:0,(anonymous_10)
FNDA:0,(anonymous_11)
FNDA:0,(anonymous_12)
DA:10,1
DA:11,0
DA:13,0
DA:14,0
DA:19,0
DA:23,1
DA:32,1
DA:40,1
DA:47,1
DA:59,1
DA:72,1
DA:76,1
DA:83,1
DA:99,1
DA:100,0
DA:103,1
DA:104,0
DA:114,1
DA:116,0
DA:126,0
DA:127,0
DA:128,0
DA:129,0
DA:130,0
DA:139,1
DA:173,1
DA:174,0
DA:175,0
DA:177,0
DA:185,0
DA:186,0
DA:187,0
DA:190,0
DA:193,1
DA:224,1
DA:226,0
DA:227,0
DA:229,0
DA:230,0
DA:236,0
DA:237,0
DA:242,0
DA:243,0
LF:43
LH:16
BRDA:10,0,0,0
BRDA:11,1,0,0
BRDA:99,2,0,0
BRDA:99,3,0,0
BRDA:99,4,0,0
BRDA:103,5,0,0
BRDA:129,6,0,0
BRDA:129,6,1,0
BRDA:173,7,0,0
BRDA:173,8,0,0
BRDA:182,9,0,0
BRDA:182,9,1,0
BRDA:185,10,0,0
BRDA:185,10,1,0
BRDA:187,11,0,0
BRDA:187,11,1,0
BRDA:236,12,0,0
BRDA:236,12,1,0
BRDA:237,13,0,0
BRDA:237,13,1,0
BRDA:237,13,2,0
BRDA:237,13,3,0
BRDA:244,14,0,0
BRDA:244,14,1,0
BRF:24
BRH:0
end_of_record
TN:
SF:src/components/BatchRegulatoryGenerator.js
FN:12,(anonymous_0)
FN:149,(anonymous_1)
FN:150,(anonymous_2)
FN:154,(anonymous_3)
FN:156,(anonymous_4)
FN:158,(anonymous_5)
FN:158,(anonymous_6)
FN:163,(anonymous_7)
FN:165,(anonymous_8)
FN:166,(anonymous_9)
FN:168,(anonymous_10)
FN:172,(anonymous_11)
FN:177,(anonymous_12)
FN:193,(anonymous_13)
FN:212,(anonymous_14)
FN:230,(anonymous_15)
FN:230,(anonymous_16)
FN:240,(anonymous_17)
FN:254,(anonymous_18)
FN:324,(anonymous_19)
FN:325,(anonymous_20)
FN:345,(anonymous_21)
FN:359,(anonymous_22)
FN:405,(anonymous_23)
FN:413,(anonymous_24)
FN:420,(anonymous_25)
FN:435,(anonymous_26)
FN:436,(anonymous_27)
FN:439,(anonymous_28)
FN:441,(anonymous_29)
FN:513,(anonymous_30)
FN:518,(anonymous_31)
FN:526,(anonymous_32)
FN:534,(anonymous_33)
FN:540,(anonymous_34)
FN:559,(anonymous_35)
FN:583,(anonymous_36)
FN:587,(anonymous_37)
FN:588,(anonymous_38)
FN:600,(anonymous_39)
FN:603,(anonymous_40)
FN:610,(anonymous_41)
FN:610,(anonymous_42)
FN:612,(anonymous_43)
FN:612,(anonymous_44)
FN:618,(anonymous_45)
FN:647,(anonymous_46)
FN:660,(anonymous_47)
FN:677,(anonymous_48)
FN:709,(anonymous_49)
FN:718,(anonymous_50)
FN:729,(anonymous_51)
FN:738,(anonymous_52)
FN:752,(anonymous_53)
FN:761,(anonymous_54)
FN:777,(anonymous_55)
FN:788,(anonymous_56)
FN:818,(anonymous_57)
FN:836,(anonymous_58)
FN:856,(anonymous_59)
FN:865,(anonymous_60)
FN:877,(anonymous_61)
FN:897,(anonymous_62)
FN:915,(anonymous_63)
FN:949,(anonymous_64)
FN:958,(anonymous_65)
FN:969,(anonymous_66)
FN:978,(anonymous_67)
FN:993,(anonymous_68)
FN:1009,(anonymous_69)
FN:1018,(anonymous_70)
FN:1044,(anonymous_71)
FN:1063,(anonymous_72)
FN:1082,(anonymous_73)
FN:1091,(anonymous_74)
FN:1118,(anonymous_75)
FN:1137,(anonymous_76)
FN:1190,(anonymous_77)
FN:1207,(anonymous_78)
FN:1231,(anonymous_79)
FN:1232,(anonymous_80)
FN:1250,(anonymous_81)
FN:1292,(anonymous_82)
FN:1384,(anonymous_83)
FN:1422,(anonymous_84)
FN:1486,(anonymous_85)
FN:1492,(anonymous_86)
FN:1498,(anonymous_87)
FN:1499,(anonymous_88)
FNF:89
FNH:0
FNDA:0,(anonymous_0)
FNDA:0,(anonymous_1)
FNDA:0,(anonymous_2)
FNDA:0,(anonymous_3)
FNDA:0,(anonymous_4)
FNDA:0,(anonymous_5)
FNDA:0,(anonymous_6)
FNDA:0,(anonymous_7)
FNDA:0,(anonymous_8)
FNDA:0,(anonymous_9)
FNDA:0,(anonymous_10)
FNDA:0,(anonymous_11)
FNDA:0,(anonymous_12)
FNDA:0,(anonymous_13)
FNDA:0,(anonymous_14)
FNDA:0,(anonymous_15)
FNDA:0,(anonymous_16)
FNDA:0,(anonymous_17)
FNDA:0,(anonymous_18)
FNDA:0,(anonymous_19)
FNDA:0,(anonymous_20)
FNDA:0,(anonymous_21)
FNDA:0,(anonymous_22)
FNDA:0,(anonymous_23)
FNDA:0,(anonymous_24)
FNDA:0,(anonymous_25)
FNDA:0,(anonymous_26)
FNDA:0,(anonymous_27)
FNDA:0,(anonymous_28)
FNDA:0,(anonymous_29)
FNDA:0,(anonymous_30)
FNDA:0,(anonymous_31)
FNDA:0,(anonymous_32)
FNDA:0,(anonymous_33)
FNDA:0,(anonymous_34)
FNDA:0,(anonymous_35)
FNDA:0,(anonymous_36)
FNDA:0,(anonymous_37)
FNDA:0,(anonymous_38)
FNDA:0,(anonymous_39)
FNDA:0,(anonymous_40)
FNDA:0,(anonymous_41)
FNDA:0,(anonymous_42)
FNDA:0,(anonymous_43)
FNDA:0,(anonymous_44)
FNDA:0,(anonymous_45)
FNDA:0,(anonymous_46)
FNDA:0,(anonymous_47)
FNDA:0,(anonymous_48)
FNDA:0,(anonymous_49)
FNDA:0,(anonymous_50)
FNDA:0,(anonymous_51)
FNDA:0,(anonymous_52)
FNDA:0,(anonymous_53)
FNDA:0,(anonymous_54)
FNDA:0,(anonymous_55)
FNDA:0,(anonymous_56)
FNDA:0,(anonymous_57)
FNDA:0,(anonymous_58)
FNDA:0,(anonymous_59)
FNDA:0,(anonymous_60)
FNDA:0,(anonymous_61)
FNDA:0,(anonymous_62)
FNDA:0,(anonymous_63)
FNDA:0,(anonymous_64)
FNDA:0,(anonymous_65)
FNDA:0,(anonymous_66)
FNDA:0,(anonymous_67)
FNDA:0,(anonymous_68)
FNDA:0,(anonymous_69)
FNDA:0,(anonymous_70)
FNDA:0,(anonymous_71)
FNDA:0,(anonymous_72)
FNDA:0,(anonymous_73)
FNDA:0,(anonymous_74)
FNDA:0,(anonymous_75)
FNDA:0,(anonymous_76)
FNDA:0,(anonymous_77)
FNDA:0,(anonymous_78)
FNDA:0,(anonymous_79)
FNDA:0,(anonymous_80)
FNDA:0,(anonymous_81)
FNDA:0,(anonymous_82)
FNDA:0,(anonymous_83)
FNDA:0,(anonymous_84)
FNDA:0,(anonymous_85)
FNDA:0,(anonymous_86)
FNDA:0,(anonymous_87)
FNDA:0,(anonymous_88)
DA:12,0
DA:13,0
DA:14,0
DA:17,0
DA:54,0
DA:57,0
DA:58,0
DA:59,0
DA:60,0
DA:61,0
DA:62,0
DA:65,0
DA:66,0
DA:69,0
DA:70,0
DA:71,0
DA:72,0
DA:73,0
DA:74,0
DA:75,0
DA:78,0
DA:79,0
DA:82,0
DA:83,0
DA:84,0
DA:85,0
DA:86,0
DA:87,0
DA:88,0
DA:89,0
DA:104,0
DA:149,0
DA:150,0
DA:154,0
DA:155,0
DA:156,0
DA:158,0
DA:163,0
DA:164,0
DA:165,0
DA:166,0
DA:168,0
DA:172,0
DA:173,0
DA:177,0
DA:179,0
DA:189,0
DA:193,0
DA:194,0
DA:197,0
DA:200,0
DA:203,0
DA:206,0
DA:207,0
DA:208,0
DA:209,0
DA:212,0
DA:221,0
DA:224,0
DA:226,0
DA:227,0
DA:230,0
DA:231,0
DA:235,0
DA:241,0
DA:244,0
DA:247,0
DA:254,0
DA:255,0
DA:258,0
DA:261,0
DA:262,0
DA:263,0
DA:266,0
DA:267,0
DA:268,0
DA:269,0
DA:270,0
DA:271,0
DA:272,0
DA:273,0
DA:275,0
DA:279,0
DA:282,0
DA:286,0
DA:287,0
DA:288,0
DA:291,0
DA:292,0
DA:293,0
DA:294,0
DA:295,0
DA:296,0
DA:299,0
DA:301,0
DA:304,0
DA:305,0
DA:306,0
DA:307,0
DA:310,0
DA:311,0
DA:312,0
DA:315,0
DA:324,0
DA:325,0
DA:327,0
DA:330,0
DA:333,0
DA:337,0
DA:338,0
DA:341,0
DA:344,0
DA:345,0
DA:359,0
DA:360,0
DA:395,0
DA:396,0
DA:397,0
DA:398,0
DA:399,0
DA:400,0
DA:401,0
DA:405,0
DA:406,0
DA:407,0
DA:408,0
DA:409,0
DA:410,0
DA:413,0
DA:414,0
DA:415,0
DA:416,0
DA:417,0
DA:418,0
DA:419,0
DA:420,0
DA:422,0
DA:423,0
DA:425,0
DA:430,0
DA:431,0
DA:432,0
DA:435,0
DA:436,0
DA:439,0
DA:440,0
DA:441,0
DA:442,0
DA:443,0
DA:444,0
DA:445,0
DA:447,0
DA:448,0
DA:449,0
DA:450,0
DA:452,0
DA:453,0
DA:454,0
DA:455,0
DA:472,0
DA:483,0
DA:489,0
DA:495,0
DA:496,0
DA:497,0
DA:503,0
DA:505,0
DA:508,0
DA:511,0
DA:513,0
DA:514,0
DA:515,0
DA:517,0
DA:518,0
DA:519,0
DA:520,0
DA:521,0
DA:522,0
DA:523,0
DA:526,0
DA:529,0
DA:534,0
DA:540,0
DA:559,0
DA:583,0
DA:588,0
DA:589,0
DA:594,0
DA:595,0
DA:596,0
DA:597,0
DA:601,0
DA:603,0
DA:610,0
DA:612,0
DA:618,0
DA:647,0
DA:660,0
DA:677,0
DA:709,0
DA:719,0
DA:729,0
DA:739,0
DA:752,0
DA:762,0
DA:777,0
DA:788,0
DA:818,0
DA:836,0
DA:856,0
DA:866,0
DA:877,0
DA:897,0
DA:915,0
DA:949,0
DA:959,0
DA:969,0
DA:979,0
DA:993,0
DA:1009,0
DA:1019,0
DA:1044,0
DA:1063,0
DA:1082,0
DA:1092,0
DA:1118,0
DA:1137,0
DA:1191,0
DA:1207,0
DA:1232,0
DA:1233,0
DA:1250,0
DA:1292,0
DA:1385,0
DA:1422,0
DA:1486,0
DA:1492,0
DA:1498,0
DA:1499,0
LF:239
LH:0
BRDA:155,0,0,0
BRDA:155,0,1,0
BRDA:194,1,0,0
BRDA:194,1,1,0
BRDA:200,2,0,0
BRDA:200,2,1,0
BRDA:231,3,0,0
BRDA:231,3,1,0
BRDA:255,4,0,0
BRDA:255,4,1,0
BRDA:266,5,0,0
BRDA:266,5,1,0
BRDA:268,6,0,0
BRDA:268,6,1,0
BRDA:268,7,0,0
BRDA:268,7,1,0
BRDA:270,8,0,0
BRDA:270,8,1,0
BRDA:272,9,0,0
BRDA:272,9,1,0
BRDA:279,10,0,0
BRDA:279,10,1,0
BRDA:279,11,0,0
BRDA:279,11,1,0
BRDA:305,12,0,0
BRDA:305,12,1,0
BRDA:325,13,0,0
BRDA:325,13,1,0
BRDA:327,14,0,0
BRDA:327,14,1,0
BRDA:344,15,0,0
BRDA:344,15,1,0
BRDA:415,16,0,0
BRDA:415,16,1,0
BRDA:415,17,0,0
BRDA:415,17,1,0
BRDA:440,18,0,0
BRDA:440,18,1,0
BRDA:452,19,0,0
BRDA:452,19,1,0
BRDA:453,20,0,0
BRDA:453,20,1,0
BRDA:454,21,0,0
BRDA:454,21,1,0
BRDA:474,22,0,0
BRDA:474,22,1,0
BRDA:474,22,2,0
BRDA:476,23,0,0
BRDA:476,23,1,0
BRDA:477,24,0,0
BRDA:477,24,1,0
BRDA:478,25,0,0
BRDA:478,25,1,0
BRDA:478,25,2,0
BRDA:479,26,0,0
BRDA:479,26,1,0
BRDA:493,27,0,0
BRDA:493,27,1,0
BRDA:496,28,0,0
BRDA:496,28,1,0
BRDA:501,29,0,0
BRDA:501,29,1,0
BRDA:511,30,0,0
BRDA:511,30,1,0
BRDA:515,31,0,0
BRDA:515,31,1,0
BRDA:517,32,0,0
BRDA:517,32,1,0
BRDA:518,33,0,0
BRDA:518,33,1,0
BRDA:519,34,0,0
BRDA:519,34,1,0
BRDA:570,35,0,0
BRDA:570,35,1,0
BRDA:575,36,0,0
BRDA:575,36,1,0
BRDA:586,37,0,0
BRDA:586,37,1,0
BRDA:586,38,0,0
BRDA:586,38,1,0
BRDA:589,39,0,0
BRDA:589,39,1,0
BRDA:589,39,2,0
BRDA:589,39,3,0
BRDA:597,40,0,0
BRDA:597,40,1,0
BRDA:602,41,0,0
BRDA:602,41,1,0
BRDA:602,42,0,0
BRDA:602,42,1,0
BRDA:610,43,0,0
BRDA:610,43,1,0
BRDA:610,44,0,0
BRDA:610,44,1,0
BRDA:610,45,0,0
BRDA:610,45,1,0
BRDA:612,46,0,0
BRDA:612,46,1,0
BRDA:612,47,0,0
BRDA:612,47,1,0
BRDA:612,48,0,0
BRDA:612,48,1,0
BRDA:1240,49,0,0
BRDA:1240,49,1,0
BRDA:1242,50,0,0
BRDA:1242,50,1,0
BRDA:1281,51,0,0
BRDA:1281,51,1,0
BRDA:1300,52,0,0
BRDA:1300,52,1,0
BRDA:1300,52,2,0
BRDA:1301,53,0,0
BRDA:1301,53,1,0
BRDA:1304,54,0,0
BRDA:1304,54,1,0
BRDA:1307,55,0,0
BRDA:1307,55,1,0
BRDA:1307,55,2,0
BRDA:1317,56,0,0
BRDA:1317,56,1,0
BRDA:1337,57,0,0
BRDA:1337,57,1,0
BRDA:1346,58,0,0
BRDA:1346,58,1,0
BRDA:1362,59,0,0
BRDA:1362,59,1,0
BRDA:1389,60,0,0
BRDA:1389,60,1,0
BRDA:1390,61,0,0
BRDA:1390,61,1,0
BRDA:1391,62,0,0
BRDA:1391,62,1,0
BRDA:1392,63,0,0
BRDA:1392,63,1,0
BRDA:1411,64,0,0
BRDA:1411,64,1,0
BRDA:1412,65,0,0
BRDA:1412,65,1,0
BRDA:1413,66,0,0
BRDA:1413,66,1,0
BRDA:1414,67,0,0
BRDA:1414,67,1,0
BRDA:1415,68,0,0
BRDA:1415,68,1,0
BRDA:1420,69,0,0
BRDA:1420,69,1,0
BRDA:1439,70,0,0
BRDA:1439,70,1,0
BRDA:1453,71,0,0
BRDA:1453,71,1,0
BRDA:1453,71,2,0
BRDA:1467,72,0,0
BRDA:1467,72,1,0
BRDA:1498,73,0,0
BRDA:1498,73,1,0
BRF:155
BRH:0
end_of_record
TN:
SF:src/components/ClinicalDossierCompiler.js
FN:5,(anonymous_0)
FN:55,(anonymous_1)
FN:56,(anonymous_2)
FN:63,(anonymous_3)
FN:73,(anonymous_4)
FN:83,(anonymous_5)
FN:89,(anonymous_6)
FN:106,(anonymous_7)
FN:107,(anonymous_8)
FN:124,(anonymous_9)
FN:125,(anonymous_10)
FN:134,(anonymous_11)
FN:151,(anonymous_12)
FN:152,(anonymous_13)
FN:164,(anonymous_14)
FN:165,(anonymous_15)
FN:166,(anonymous_16)
FN:174,(anonymous_17)
FN:175,(anonymous_18)
FN:182,(anonymous_19)
FN:185,(anonymous_20)
FN:190,(anonymous_21)
FN:191,(anonymous_22)
FN:191,(anonymous_23)
FN:194,(anonymous_24)
FN:195,(anonymous_25)
FN:201,(anonymous_26)
FN:208,(anonymous_27)
FN:215,(anonymous_28)
FN:243,(anonymous_29)
FN:247,(anonymous_30)
FN:248,(anonymous_31)
FN:251,(anonymous_32)
FN:254,(anonymous_33)
FN:257,(anonymous_34)
FN:258,(anonymous_35)
FN:259,(anonymous_36)
FN:269,(anonymous_37)
FN:278,(anonymous_38)
FN:285,(anonymous_39)
FN:292,(anonymous_40)
FN:293,(anonymous_41)
FN:294,(anonymous_42)
FN:295,(anonymous_43)
FN:324,(anonymous_44)
FN:345,(anonymous_45)
FN:349,(anonymous_46)
FN:476,(anonymous_47)
FN:478,(anonymous_48)
FN:520,(anonymous_49)
FN:564,(anonymous_50)
FN:574,(anonymous_51)
FN:582,(anonymous_52)
FN:598,(anonymous_53)
FN:650,(anonymous_54)
FNF:55
FNH:1
FNDA:21,(anonymous_0)
FNDA:0,(anonymous_1)
FNDA:0,(anonymous_2)
FNDA:0,(anonymous_3)
FNDA:0,(anonymous_4)
FNDA:0,(anonymous_5)
FNDA:0,(anonymous_6)
FNDA:0,(anonymous_7)
FNDA:0,(anonymous_8)
FNDA:0,(anonymous_9)
FNDA:0,(anonymous_10)
FNDA:0,(anonymous_11)
FNDA:0,(anonymous_12)
FNDA:0,(anonymous_13)
FNDA:0,(anonymous_14)
FNDA:0,(anonymous_15)
FNDA:0,(anonymous_16)
FNDA:0,(anonymous_17)
FNDA:0,(anonymous_18)
FNDA:0,(anonymous_19)
FNDA:0,(anonymous_20)
FNDA:0,(anonymous_21)
FNDA:0,(anonymous_22)
FNDA:0,(anonymous_23)
FNDA:0,(anonymous_24)
FNDA:0,(anonymous_25)
FNDA:0,(anonymous_26)
FNDA:0,(anonymous_27)
FNDA:0,(anonymous_28)
FNDA:0,(anonymous_29)
FNDA:0,(anonymous_30)
FNDA:0,(anonymous_31)
FNDA:0,(anonymous_32)
FNDA:0,(anonymous_33)
FNDA:0,(anonymous_34)
FNDA:0,(anonymous_35)
FNDA:0,(anonymous_36)
FNDA:0,(anonymous_37)
FNDA:0,(anonymous_38)
FNDA:0,(anonymous_39)
FNDA:0,(anonymous_40)
FNDA:0,(anonymous_41)
FNDA:0,(anonymous_42)
FNDA:0,(anonymous_43)
FNDA:0,(anonymous_44)
FNDA:0,(anonymous_45)
FNDA:0,(anonymous_46)
FNDA:0,(anonymous_47)
FNDA:0,(anonymous_48)
FNDA:0,(anonymous_49)
FNDA:0,(anonymous_50)
FNDA:0,(anonymous_51)
FNDA:0,(anonymous_52)
FNDA:0,(anonymous_53)
FNDA:0,(anonymous_54)
DA:5,1
DA:6,21
DA:7,20
DA:8,20
DA:9,20
DA:10,20
DA:11,20
DA:13,20
DA:44,20
DA:55,20
DA:56,0
DA:57,0
DA:60,0
DA:61,0
DA:62,0
DA:63,0
DA:64,0
DA:67,0
DA:73,20
DA:74,0
DA:75,0
DA:83,0
DA:85,0
DA:87,0
DA:89,0
DA:91,0
DA:103,0
DA:106,0
DA:107,0
DA:108,0
DA:114,0
DA:116,0
DA:117,0
DA:124,0
DA:125,0
DA:126,0
DA:132,0
DA:134,0
DA:135,0
DA:136,0
DA:137,0
DA:142,20
DA:152,0
DA:160,0
DA:164,0
DA:165,0
DA:166,0
DA:168,0
DA:169,0
DA:170,0
DA:174,0
DA:175,0
DA:176,0
DA:181,0
DA:182,0
DA:183,0
DA:184,0
DA:185,0
DA:190,0
DA:191,0
DA:194,0
DA:195,0
DA:196,0
DA:197,0
DA:201,0
DA:202,0
DA:205,0
DA:208,0
DA:210,0
DA:211,0
DA:215,0
DA:216,0
DA:218,0
DA:223,0
DA:227,0
DA:231,0
DA:232,0
DA:233,0
DA:236,0
DA:239,0
DA:243,0
DA:244,0
DA:246,0
DA:247,0
DA:248,0
DA:250,0
DA:251,0
DA:254,0
DA:257,0
DA:258,0
DA:259,0
DA:260,0
DA:261,0
DA:263,0
DA:264,0
DA:265,0
DA:266,0
DA:269,0
DA:270,0
DA:271,0
DA:272,0
DA:273,0
DA:274,0
DA:278,0
DA:279,0
DA:280,0
DA:281,0
DA:282,0
DA:285,0
DA:286,0
DA:287,0
DA:288,0
DA:289,0
DA:292,0
DA:293,0
DA:294,0
DA:295,0
DA:297,0
DA:305,0
DA:307,0
DA:324,0
DA:346,0
DA:349,0
DA:477,0
DA:478,0
DA:480,0
DA:521,0
DA:564,0
DA:575,0
DA:582,0
DA:598,0
DA:650,0
LF:132
LH:12
BRDA:57,0,0,0
BRDA:57,0,1,0
BRDA:61,1,0,0
BRDA:61,1,1,0
BRDA:61,2,0,0
BRDA:61,2,1,0
BRDA:74,3,0,0
BRDA:74,3,1,0
BRDA:74,4,0,0
BRDA:74,4,1,0
BRDA:95,5,0,0
BRDA:95,5,1,0
BRDA:108,6,0,0
BRDA:108,6,1,0
BRDA:126,7,0,0
BRDA:126,7,1,0
BRDA:166,8,0,0
BRDA:166,8,1,0
BRDA:168,9,0,0
BRDA:168,9,1,0
BRDA:176,10,0,0
BRDA:176,10,1,0
BRDA:181,11,0,0
BRDA:181,11,1,0
BRDA:183,12,0,0
BRDA:183,12,1,0
BRDA:196,13,0,0
BRDA:196,13,1,0
BRDA:202,14,0,0
BRDA:202,14,1,0
BRDA:227,15,0,0
BRDA:227,15,1,0
BRDA:244,16,0,0
BRDA:244,16,1,0
BRDA:261,17,0,0
BRDA:261,17,1,0
BRDA:263,18,0,0
BRDA:263,18,1,0
BRDA:263,19,0,0
BRDA:263,19,1,0
BRDA:264,20,0,0
BRDA:264,20,1,0
BRDA:265,21,0,0
BRDA:265,21,1,0
BRDA:270,22,0,0
BRDA:270,22,1,0
BRDA:270,22,2,0
BRDA:270,22,3,0
BRDA:279,23,0,0
BRDA:279,23,1,0
BRDA:280,24,0,0
BRDA:280,24,1,0
BRDA:281,25,0,0
BRDA:281,25,1,0
BRDA:286,26,0,0
BRDA:286,26,1,0
BRDA:287,27,0,0
BRDA:287,27,1,0
BRDA:288,28,0,0
BRDA:288,28,1,0
BRDA:348,29,0,0
BRDA:348,29,1,0
BRDA:353,30,0,0
BRDA:353,30,1,0
BRDA:354,31,0,0
BRDA:354,31,1,0
BRDA:357,32,0,0
BRDA:357,32,1,0
BRDA:358,33,0,0
BRDA:358,33,1,0
BRDA:367,34,0,0
BRDA:367,34,1,0
BRDA:380,35,0,0
BRDA:380,35,1,0
BRDA:389,36,0,0
BRDA:389,36,1,0
BRDA:391,37,0,0
BRDA:391,37,1,0
BRDA:395,38,0,0
BRDA:395,38,1,0
BRDA:402,39,0,0
BRDA:402,39,1,0
BRDA:405,40,0,0
BRDA:405,40,1,0
BRDA:416,41,0,0
BRDA:416,41,1,0
BRDA:430,42,0,0
BRDA:430,42,1,0
BRDA:433,43,0,0
BRDA:433,43,1,0
BRDA:437,44,0,0
BRDA:437,44,1,0
BRDA:441,45,0,0
BRDA:441,45,1,0
BRDA:485,46,0,0
BRDA:485,46,1,0
BRDA:485,47,0,0
BRDA:485,47,1,0
BRDA:494,48,0,0
BRDA:494,48,1,0
BRDA:509,49,0,0
BRDA:509,49,1,0
BRDA:537,50,0,0
BRDA:537,50,1,0
BRDA:544,51,0,0
BRDA:544,51,1,0
BRDA:553,52,0,0
BRDA:553,52,1,0
BRDA:576,53,0,0
BRDA:576,53,1,0
BRDA:580,54,0,0
BRDA:580,54,1,0
BRDA:580,54,2,0
BRDA:594,55,0,0
BRDA:594,55,1,0
BRDA:623,56,0,0
BRDA:623,56,1,0
BRDA:631,57,0,0
BRDA:631,57,1,0
BRDA:631,58,0,0
BRDA:631,58,1,0
BRDA:633,59,0,0
BRDA:633,59,1,0
BRDA:633,60,0,0
BRDA:633,60,1,0
BRDA:635,61,0,0
BRDA:635,61,1,0
BRDA:635,62,0,0
BRDA:635,62,1,0
BRDA:638,63,0,0
BRDA:638,63,1,0
BRDA:640,64,0,0
BRDA:640,64,1,0
BRDA:640,64,2,0
BRDA:650,65,0,0
BRDA:650,65,1,0
BRDA:650,65,2,0
BRDA:650,66,0,0
BRDA:650,66,1,0
BRF:139
BRH:0
end_of_record
TN:
SF:src/components/DiseaseDiagnosis.js
FN:6,(anonymous_0)
FN:138,(anonymous_1)
FN:144,(anonymous_2)
FN:167,(anonymous_3)
FN:179,(anonymous_4)
FN:184,(anonymous_5)
FNF:6
FNH:6
FNDA:15,(anonymous_0)
FNDA:1,(anonymous_1)
FNDA:2,(anonymous_2)
FNDA:180,(anonymous_3)
FNDA:1,(anonymous_4)
FNDA:1,(anonymous_5)
DA:6,1
DA:7,15
DA:10,15
DA:133,15
DA:138,1
DA:144,2
DA:168,180
DA:180,1
DA:181,1
DA:185,1
LF:10
LH:10
BRDA:177,0,0,30
BRDA:177,0,1,150
BRDA:180,1,0,1
BRDA:180,1,1,0
BRDA:204,2,0,180
BRDA:204,2,1,0
BRDA:231,3,0,30
BRDA:231,3,1,150
BRF:8
BRH:6
end_of_record
TN:
SF:src/components/HomePage.js
FN:4,(anonymous_0)
FN:59,(anonymous_1)
FNF:2
FNH:0
FNDA:0,(anonymous_0)
FNDA:0,(anonymous_1)
DA:4,0
DA:5,0
DA:48,0
DA:60,0
LF:4
LH:0
BRF:0
BRH:0
end_of_record
TN:
SF:src/components/Login.js
FN:7,(anonymous_0)
FN:15,(anonymous_1)
FN:49,(anonymous_2)
FN:62,(anonymous_3)
FNF:4
FNH:0
FNDA:0,(anonymous_0)
FNDA:0,(anonymous_1)
FNDA:0,(anonymous_2)
FNDA:0,(anonymous_3)
DA:7,0
DA:8,0
DA:9,0
DA:10,0
DA:11,0
DA:12,0
DA:13,0
DA:15,0
DA:16,0
DA:17,0
DA:18,0
DA:20,0
DA:21,0
DA:22,0
DA:23,0
DA:25,0
DA:28,0
DA:30,0
DA:34,0
DA:49,0
DA:62,0
LF:21
LH:0
BRDA:22,0,0,0
BRDA:22,0,1,0
BRDA:69,1,0,0
BRDA:69,1,1,0
BRDA:74,2,0,0
BRDA:74,2,1,0
BRDA:74,2,2,0
BRDA:76,3,0,0
BRDA:76,3,1,0
BRF:9
BRH:0
end_of_record
TN:
SF:src/components/LungCancerDetector.js
FN:21,(anonymous_0)
FN:41,(anonymous_1)
FN:44,(anonymous_2)
FN:60,(anonymous_3)
FN:74,(anonymous_4)
FN:77,(anonymous_5)
FN:78,(anonymous_6)
FN:78,(anonymous_7)
FN:83,(anonymous_8)
FN:84,(anonymous_9)
FN:84,(anonymous_10)
FN:87,(anonymous_11)
FN:100,(anonymous_12)
FN:100,(anonymous_13)
FN:146,(anonymous_14)
FN:146,(anonymous_15)
FN:160,(anonymous_16)
FN:160,(anonymous_17)
FN:173,(anonymous_18)
FN:176,(anonymous_19)
FN:185,(anonymous_20)
FN:185,(anonymous_21)
FN:196,(anonymous_22)
FN:206,(anonymous_23)
FN:240,(anonymous_24)
FN:247,(anonymous_25)
FN:252,(anonymous_26)
FN:254,(anonymous_27)
FN:257,(anonymous_28)
FN:258,(anonymous_29)
FN:269,(anonymous_30)
FN:275,(anonymous_31)
FN:284,(anonymous_32)
FN:291,(anonymous_33)
FN:321,(anonymous_34)
FN:327,(anonymous_35)
FN:358,(anonymous_36)
FN:517,(anonymous_37)
FN:523,(anonymous_38)
FN:529,(anonymous_39)
FN:574,(anonymous_40)
FN:588,(anonymous_41)
FN:639,(anonymous_42)
FN:667,(anonymous_43)
FN:673,(anonymous_44)
FN:726,(anonymous_45)
FNF:46
FNH:0
FNDA:0,(anonymous_0)
FNDA:0,(anonymous_1)
FNDA:0,(anonymous_2)
FNDA:0,(anonymous_3)
FNDA:0,(anonymous_4)
FNDA:0,(anonymous_5)
FNDA:0,(anonymous_6)
FNDA:0,(anonymous_7)
FNDA:0,(anonymous_8)
FNDA:0,(anonymous_9)
FNDA:0,(anonymous_10)
FNDA:0,(anonymous_11)
FNDA:0,(anonymous_12)
FNDA:0,(anonymous_13)
FNDA:0,(anonymous_14)
FNDA:0,(anonymous_15)
FNDA:0,(anonymous_16)
FNDA:0,(anonymous_17)
FNDA:0,(anonymous_18)
FNDA:0,(anonymous_19)
FNDA:0,(anonymous_20)
FNDA:0,(anonymous_21)
FNDA:0,(anonymous_22)
FNDA:0,(anonymous_23)
FNDA:0,(anonymous_24)
FNDA:0,(anonymous_25)
FNDA:0,(anonymous_26)
FNDA:0,(anonymous_27)
FNDA:0,(anonymous_28)
FNDA:0,(anonymous_29)
FNDA:0,(anonymous_30)
FNDA:0,(anonymous_31)
FNDA:0,(anonymous_32)
FNDA:0,(anonymous_33)
FNDA:0,(anonymous_34)
FNDA:0,(anonymous_35)
FNDA:0,(anonymous_36)
FNDA:0,(anonymous_37)
FNDA:0,(anonymous_38)
FNDA:0,(anonymous_39)
FNDA:0,(anonymous_40)
FNDA:0,(anonymous_41)
FNDA:0,(anonymous_42)
FNDA:0,(anonymous_43)
FNDA:0,(anonymous_44)
FNDA:0,(anonymous_45)
DA:21,0
DA:23,0
DA:24,0
DA:27,0
DA:28,0
DA:29,0
DA:30,0
DA:33,0
DA:34,0
DA:35,0
DA:36,0
DA:37,0
DA:38,0
DA:39,0
DA:41,0
DA:42,0
DA:44,0
DA:56,0
DA:57,0
DA:60,0
DA:61,0
DA:74,0
DA:77,0
DA:78,0
DA:79,0
DA:83,0
DA:84,0
DA:87,0
DA:88,0
DA:89,0
DA:90,0
DA:92,0
DA:94,0
DA:95,0
DA:96,0
DA:98,0
DA:100,0
DA:101,0
DA:104,0
DA:106,0
DA:108,0
DA:109,0
DA:111,0
DA:112,0
DA:113,0
DA:115,0
DA:116,0
DA:118,0
DA:122,0
DA:123,0
DA:127,0
DA:131,0
DA:143,0
DA:146,0
DA:147,0
DA:151,0
DA:152,0
DA:158,0
DA:160,0
DA:161,0
DA:165,0
DA:168,0
DA:169,0
DA:170,0
DA:173,0
DA:174,0
DA:176,0
DA:185,0
DA:187,0
DA:188,0
DA:189,0
DA:190,0
DA:191,0
DA:192,0
DA:193,0
DA:196,0
DA:197,0
DA:200,0
DA:203,0
DA:204,0
DA:206,0
DA:207,0
DA:210,0
DA:211,0
DA:215,0
DA:217,0
DA:226,0
DA:228,0
DA:235,0
DA:236,0
DA:240,0
DA:241,0
DA:242,0
DA:243,0
DA:244,0
DA:247,0
DA:249,0
DA:252,0
DA:253,0
DA:254,0
DA:255,0
DA:257,0
DA:258,0
DA:261,0
DA:264,0
DA:269,0
DA:275,0
DA:284,0
DA:291,0
DA:321,0
DA:327,0
DA:358,0
DA:517,0
DA:523,0
DA:529,0
DA:575,0
DA:588,0
DA:639,0
DA:667,0
DA:673,0
DA:726,0
LF:121
LH:0
BRDA:79,0,0,0
BRDA:79,0,1,0
BRDA:101,1,0,0
BRDA:101,1,1,0
BRDA:106,2,0,0
BRDA:106,2,1,0
BRDA:109,3,0,0
BRDA:109,3,1,0
BRDA:111,4,0,0
BRDA:111,4,1,0
BRDA:111,5,0,0
BRDA:111,5,1,0
BRDA:113,6,0,0
BRDA:113,6,1,0
BRDA:122,7,0,0
BRDA:122,7,1,0
BRDA:147,8,0,0
BRDA:147,8,1,0
BRDA:155,9,0,0
BRDA:155,9,1,0
BRDA:161,10,0,0
BRDA:161,10,1,0
BRDA:178,11,0,0
BRDA:178,11,1,0
BRDA:179,12,0,0
BRDA:179,12,1,0
BRDA:180,13,0,0
BRDA:180,13,1,0
BRDA:182,14,0,0
BRDA:182,14,1,0
BRDA:183,15,0,0
BRDA:183,15,1,0
BRDA:197,16,0,0
BRDA:197,16,1,0
BRDA:255,17,0,0
BRDA:255,17,1,0
BRDA:281,18,0,0
BRDA:281,18,1,0
BRDA:288,19,0,0
BRDA:288,19,1,0
BRDA:320,20,0,0
BRDA:320,20,1,0
BRDA:326,21,0,0
BRDA:326,21,1,0
BRDA:341,22,0,0
BRDA:341,22,1,0
BRDA:369,23,0,0
BRDA:369,23,1,0
BRDA:377,24,0,0
BRDA:377,24,1,0
BRDA:377,25,0,0
BRDA:377,25,1,0
BRDA:414,26,0,0
BRDA:414,26,1,0
BRDA:433,27,0,0
BRDA:433,27,1,0
BRDA:452,28,0,0
BRDA:452,28,1,0
BRDA:454,29,0,0
BRDA:454,29,1,0
BRDA:460,30,0,0
BRDA:460,30,1,0
BRDA:465,31,0,0
BRDA:465,31,1,0
BRDA:468,32,0,0
BRDA:468,32,1,0
BRDA:485,33,0,0
BRDA:485,33,1,0
BRDA:503,34,0,0
BRDA:503,34,1,0
BRDA:545,35,0,0
BRDA:545,35,1,0
BRDA:569,36,0,0
BRDA:569,36,1,0
BRDA:575,37,0,0
BRDA:575,37,1,0
BRDA:575,38,0,0
BRDA:575,38,1,0
BRDA:575,39,0,0
BRDA:575,39,1,0
BRDA:581,40,0,0
BRDA:581,40,1,0
BRDA:585,41,0,0
BRDA:585,41,1,0
BRDA:595,42,0,0
BRDA:595,42,1,0
BRDA:613,43,0,0
BRDA:613,43,1,0
BRDA:618,44,0,0
BRDA:618,44,1,0
BRDA:622,45,0,0
BRDA:622,45,1,0
BRDA:629,46,0,0
BRDA:629,46,1,0
BRDA:652,47,0,0
BRDA:652,47,1,0
BRDA:655,48,0,0
BRDA:655,48,1,0
BRDA:658,49,0,0
BRDA:658,49,1,0
BRDA:658,49,2,0
BRDA:682,50,0,0
BRDA:682,50,1,0
BRDA:682,50,2,0
BRDA:702,51,0,0
BRDA:702,51,1,0
BRF:106
BRH:0
end_of_record
TN:
SF:src/components/Profile.js
FN:3,(anonymous_0)
FNF:1
FNH:0
FNDA:0,(anonymous_0)
DA:3,0
DA:4,0
LF:2
LH:0
BRF:0
BRH:0
end_of_record
TN:
SF:src/components/ProtectedRoute.js
FN:6,(anonymous_0)
FNF:1
FNH:0
FNDA:0,(anonymous_0)
DA:6,0
DA:7,0
DA:9,0
DA:10,0
DA:18,0
DA:19,0
DA:22,0
LF:7
LH:0
BRDA:9,0,0,0
BRDA:9,0,1,0
BRDA:18,1,0,0
BRDA:18,1,1,0
BRF:4
BRH:0
end_of_record
TN:
SF:src/components/ProtocolGenerator.js
FN:10,(anonymous_0)
FN:128,(anonymous_1)
FN:185,(anonymous_2)
FN:223,(anonymous_3)
FN:255,(anonymous_4)
FN:272,(anonymous_5)
FN:282,(anonymous_6)
FN:336,(anonymous_7)
FN:342,(anonymous_8)
FN:375,(anonymous_9)
FN:381,(anonymous_10)
FN:421,(anonymous_11)
FN:427,(anonymous_12)
FN:449,(anonymous_13)
FN:455,(anonymous_14)
FN:465,(anonymous_15)
FN:469,(anonymous_16)
FN:470,(anonymous_17)
FN:481,(anonymous_18)
FN:484,(anonymous_19)
FN:491,(anonymous_20)
FN:491,(anonymous_21)
FN:493,(anonymous_22)
FN:493,(anonymous_23)
FN:499,(anonymous_24)
FN:515,(anonymous_25)
FN:528,(anonymous_26)
FN:540,(anonymous_27)
FN:552,(anonymous_28)
FN:569,(anonymous_29)
FN:572,(anonymous_30)
FN:583,(anonymous_31)
FN:586,(anonymous_32)
FN:601,(anonymous_33)
FN:612,(anonymous_34)
FN:625,(anonymous_35)
FN:628,(anonymous_36)
FN:639,(anonymous_37)
FN:642,(anonymous_38)
FN:660,(anonymous_39)
FN:672,(anonymous_40)
FN:684,(anonymous_41)
FN:695,(anonymous_42)
FN:698,(anonymous_43)
FN:711,(anonymous_44)
FN:722,(anonymous_45)
FN:739,(anonymous_46)
FN:742,(anonymous_47)
FN:753,(anonymous_48)
FN:756,(anonymous_49)
FN:768,(anonymous_50)
FN:779,(anonymous_51)
FN:795,(anonymous_52)
FN:806,(anonymous_53)
FN:817,(anonymous_54)
FN:820,(anonymous_55)
FN:838,(anonymous_56)
FN:851,(anonymous_57)
FN:865,(anonymous_58)
FN:878,(anonymous_59)
FN:917,(anonymous_60)
FN:923,(anonymous_61)
FN:943,(anonymous_62)
FN:945,(anonymous_63)
FN:961,(anonymous_64)
FN:964,(anonymous_65)
FN:967,(anonymous_66)
FN:970,(anonymous_67)
FN:973,(anonymous_68)
FN:998,(anonymous_69)
FN:1000,(anonymous_70)
FN:1014,(anonymous_71)
FN:1035,(anonymous_72)
FN:1040,(anonymous_73)
FN:1046,(anonymous_74)
FN:1049,(anonymous_75)
FN:1052,(anonymous_76)
FNF:77
FNH:0
FNDA:0,(anonymous_0)
FNDA:0,(anonymous_1)
FNDA:0,(anonymous_2)
FNDA:0,(anonymous_3)
FNDA:0,(anonymous_4)
FNDA:0,(anonymous_5)
FNDA:0,(anonymous_6)
FNDA:0,(anonymous_7)
FNDA:0,(anonymous_8)
FNDA:0,(anonymous_9)
FNDA:0,(anonymous_10)
FNDA:0,(anonymous_11)
FNDA:0,(anonymous_12)
FNDA:0,(anonymous_13)
FNDA:0,(anonymous_14)
FNDA:0,(anonymous_15)
FNDA:0,(anonymous_16)
FNDA:0,(anonymous_17)
FNDA:0,(anonymous_18)
FNDA:0,(anonymous_19)
FNDA:0,(anonymous_20)
FNDA:0,(anonymous_21)
FNDA:0,(anonymous_22)
FNDA:0,(anonymous_23)
FNDA:0,(anonymous_24)
FNDA:0,(anonymous_25)
FNDA:0,(anonymous_26)
FNDA:0,(anonymous_27)
FNDA:0,(anonymous_28)
FNDA:0,(anonymous_29)
FNDA:0,(anonymous_30)
FNDA:0,(anonymous_31)
FNDA:0,(anonymous_32)
FNDA:0,(anonymous_33)
FNDA:0,(anonymous_34)
FNDA:0,(anonymous_35)
FNDA:0,(anonymous_36)
FNDA:0,(anonymous_37)
FNDA:0,(anonymous_38)
FNDA:0,(anonymous_39)
FNDA:0,(anonymous_40)
FNDA:0,(anonymous_41)
FNDA:0,(anonymous_42)
FNDA:0,(anonymous_43)
FNDA:0,(anonymous_44)
FNDA:0,(anonymous_45)
FNDA:0,(anonymous_46)
FNDA:0,(anonymous_47)
FNDA:0,(anonymous_48)
FNDA:0,(anonymous_49)
FNDA:0,(anonymous_50)
FNDA:0,(anonymous_51)
FNDA:0,(anonymous_52)
FNDA:0,(anonymous_53)
FNDA:0,(anonymous_54)
FNDA:0,(anonymous_55)
FNDA:0,(anonymous_56)
FNDA:0,(anonymous_57)
FNDA:0,(anonymous_58)
FNDA:0,(anonymous_59)
FNDA:0,(anonymous_60)
FNDA:0,(anonymous_61)
FNDA:0,(anonymous_62)
FNDA:0,(anonymous_63)
FNDA:0,(anonymous_64)
FNDA:0,(anonymous_65)
FNDA:0,(anonymous_66)
FNDA:0,(anonymous_67)
FNDA:0,(anonymous_68)
FNDA:0,(anonymous_69)
FNDA:0,(anonymous_70)
FNDA:0,(anonymous_71)
FNDA:0,(anonymous_72)
FNDA:0,(anonymous_73)
FNDA:0,(anonymous_74)
FNDA:0,(anonymous_75)
FNDA:0,(anonymous_76)
DA:10,0
DA:11,0
DA:14,0
DA:15,0
DA:16,0
DA:17,0
DA:18,0
DA:19,0
DA:22,0
DA:23,0
DA:24,0
DA:25,0
DA:26,0
DA:29,0
DA:30,0
DA:31,0
DA:32,0
DA:33,0
DA:34,0
DA:37,0
DA:38,0
DA:39,0
DA:42,0
DA:43,0
DA:44,0
DA:47,0
DA:48,0
DA:49,0
DA:52,0
DA:53,0
DA:54,0
DA:55,0
DA:56,0
DA:57,0
DA:58,0
DA:59,0
DA:60,0
DA:61,0
DA:62,0
DA:63,0
DA:64,0
DA:65,0
DA:66,0
DA:67,0
DA:69,0
DA:72,0
DA:73,0
DA:76,0
DA:90,0
DA:105,0
DA:106,0
DA:107,0
DA:108,0
DA:109,0
DA:110,0
DA:111,0
DA:112,0
DA:128,0
DA:129,0
DA:130,0
DA:131,0
DA:133,0
DA:135,0
DA:178,0
DA:179,0
DA:181,0
DA:182,0
DA:185,0
DA:186,0
DA:187,0
DA:189,0
DA:190,0
DA:191,0
DA:192,0
DA:194,0
DA:195,0
DA:196,0
DA:199,0
DA:200,0
DA:210,0
DA:211,0
DA:223,0
DA:224,0
DA:230,0
DA:231,0
DA:232,0
DA:233,0
DA:236,0
DA:240,0
DA:245,0
DA:248,0
DA:249,0
DA:250,0
DA:251,0
DA:255,0
DA:256,0
DA:257,0
DA:258,0
DA:259,0
DA:260,0
DA:261,0
DA:262,0
DA:264,0
DA:265,0
DA:267,0
DA:272,0
DA:273,0
DA:274,0
DA:275,0
DA:276,0
DA:277,0
DA:278,0
DA:279,0
DA:282,0
DA:283,0
DA:284,0
DA:285,0
DA:286,0
DA:287,0
DA:288,0
DA:289,0
DA:291,0
DA:292,0
DA:293,0
DA:294,0
DA:297,0
DA:298,0
DA:299,0
DA:300,0
DA:301,0
DA:302,0
DA:305,0
DA:307,0
DA:308,0
DA:311,0
DA:313,0
DA:314,0
DA:315,0
DA:316,0
DA:320,0
DA:321,0
DA:322,0
DA:325,0
DA:328,0
DA:329,0
DA:331,0
DA:336,0
DA:337,0
DA:339,0
DA:340,0
DA:342,0
DA:344,0
DA:346,0
DA:347,0
DA:356,0
DA:358,0
DA:360,0
DA:363,0
DA:367,0
DA:371,0
DA:375,0
DA:376,0
DA:378,0
DA:379,0
DA:381,0
DA:383,0
DA:385,0
DA:386,0
DA:395,0
DA:397,0
DA:399,0
DA:400,0
DA:402,0
DA:405,0
DA:409,0
DA:413,0
DA:416,0
DA:421,0
DA:427,0
DA:449,0
DA:455,0
DA:465,0
DA:470,0
DA:471,0
DA:475,0
DA:476,0
DA:477,0
DA:478,0
DA:482,0
DA:484,0
DA:491,0
DA:493,0
DA:499,0
DA:515,0
DA:528,0
DA:540,0
DA:552,0
DA:569,0
DA:573,0
DA:583,0
DA:587,0
DA:601,0
DA:612,0
DA:625,0
DA:629,0
DA:639,0
DA:643,0
DA:660,0
DA:672,0
DA:684,0
DA:695,0
DA:699,0
DA:711,0
DA:722,0
DA:739,0
DA:743,0
DA:753,0
DA:757,0
DA:768,0
DA:779,0
DA:795,0
DA:806,0
DA:817,0
DA:821,0
DA:838,0
DA:851,0
DA:865,0
DA:878,0
DA:917,0
DA:923,0
DA:944,0
DA:946,0
DA:947,0
DA:961,0
DA:964,0
DA:967,0
DA:970,0
DA:973,0
DA:999,0
DA:1001,0
DA:1002,0
DA:1015,0
DA:1035,0
DA:1040,0
DA:1046,0
DA:1049,0
DA:1052,0
LF:247
LH:0
BRDA:139,0,0,0
BRDA:139,0,1,0
BRDA:140,1,0,0
BRDA:140,1,1,0
BRDA:141,2,0,0
BRDA:141,2,1,0
BRDA:142,3,0,0
BRDA:142,3,1,0
BRDA:143,4,0,0
BRDA:143,4,1,0
BRDA:146,5,0,0
BRDA:146,5,1,0
BRDA:147,6,0,0
BRDA:147,6,1,0
BRDA:148,7,0,0
BRDA:148,7,1,0
BRDA:149,8,0,0
BRDA:149,8,1,0
BRDA:150,9,0,0
BRDA:150,9,1,0
BRDA:153,10,0,0
BRDA:153,10,1,0
BRDA:154,11,0,0
BRDA:154,11,1,0
BRDA:155,12,0,0
BRDA:155,12,1,0
BRDA:156,13,0,0
BRDA:156,13,1,0
BRDA:157,14,0,0
BRDA:157,14,1,0
BRDA:158,15,0,0
BRDA:158,15,1,0
BRDA:161,16,0,0
BRDA:161,16,1,0
BRDA:162,17,0,0
BRDA:162,17,1,0
BRDA:163,18,0,0
BRDA:163,18,1,0
BRDA:166,19,0,0
BRDA:166,19,1,0
BRDA:167,20,0,0
BRDA:167,20,1,0
BRDA:168,21,0,0
BRDA:168,21,1,0
BRDA:171,22,0,0
BRDA:171,22,1,0
BRDA:172,23,0,0
BRDA:172,23,1,0
BRDA:173,24,0,0
BRDA:173,24,1,0
BRDA:189,25,0,0
BRDA:189,25,1,0
BRDA:189,26,0,0
BRDA:189,26,1,0
BRDA:190,27,0,0
BRDA:190,27,1,0
BRDA:190,28,0,0
BRDA:190,28,1,0
BRDA:199,29,0,0
BRDA:199,29,1,0
BRDA:210,30,0,0
BRDA:210,30,1,0
BRDA:230,31,0,0
BRDA:230,31,1,0
BRDA:230,32,0,0
BRDA:230,32,1,0
BRDA:257,33,0,0
BRDA:257,33,1,0
BRDA:257,34,0,0
BRDA:257,34,1,0
BRDA:286,35,0,0
BRDA:286,35,1,0
BRDA:288,36,0,0
BRDA:288,36,1,0
BRDA:291,37,0,0
BRDA:291,37,1,0
BRDA:313,38,0,0
BRDA:313,38,1,0
BRDA:337,39,0,0
BRDA:337,39,1,0
BRDA:346,40,0,0
BRDA:346,40,1,0
BRDA:346,41,0,0
BRDA:346,41,1,0
BRDA:346,41,2,0
BRDA:356,42,0,0
BRDA:356,42,1,0
BRDA:358,43,0,0
BRDA:358,43,1,0
BRDA:358,44,0,0
BRDA:358,44,1,0
BRDA:376,45,0,0
BRDA:376,45,1,0
BRDA:385,46,0,0
BRDA:385,46,1,0
BRDA:385,47,0,0
BRDA:385,47,1,0
BRDA:385,47,2,0
BRDA:395,48,0,0
BRDA:395,48,1,0
BRDA:397,49,0,0
BRDA:397,49,1,0
BRDA:397,50,0,0
BRDA:397,50,1,0
BRDA:400,51,0,0
BRDA:400,51,1,0
BRDA:440,52,0,0
BRDA:440,52,1,0
BRDA:443,53,0,0
BRDA:443,53,1,0
BRDA:448,54,0,0
BRDA:448,54,1,0
BRDA:454,55,0,0
BRDA:454,55,1,0
BRDA:468,56,0,0
BRDA:468,56,1,0
BRDA:468,57,0,0
BRDA:468,57,1,0
BRDA:471,58,0,0
BRDA:471,58,1,0
BRDA:471,58,2,0
BRDA:478,59,0,0
BRDA:478,59,1,0
BRDA:491,60,0,0
BRDA:491,60,1,0
BRDA:491,61,0,0
BRDA:491,61,1,0
BRDA:493,62,0,0
BRDA:493,62,1,0
BRDA:493,63,0,0
BRDA:493,63,1,0
BRDA:888,64,0,0
BRDA:888,64,1,0
BRDA:889,65,0,0
BRDA:889,65,1,0
BRDA:891,66,0,0
BRDA:891,66,1,0
BRDA:894,67,0,0
BRDA:894,67,1,0
BRDA:903,68,0,0
BRDA:903,68,1,0
BRDA:905,69,0,0
BRDA:905,69,1,0
BRDA:912,70,0,0
BRDA:912,70,1,0
BRDA:912,70,2,0
BRDA:916,71,0,0
BRDA:916,71,1,0
BRDA:922,72,0,0
BRDA:922,72,1,0
BRDA:929,73,0,0
BRDA:929,73,1,0
BRDA:929,73,2,0
BRDA:984,74,0,0
BRDA:984,74,1,0
BRDA:984,74,2,0
BRDA:989,75,0,0
BRDA:989,75,1,0
BRDA:1015,76,0,0
BRDA:1015,76,1,0
BRDA:1016,77,0,0
BRDA:1016,77,1,0
BRDA:1018,78,0,0
BRDA:1018,78,1,0
BRDA:1018,79,0,0
BRDA:1018,79,1,0
BRDA:1020,80,0,0
BRDA:1020,80,1,0
BRDA:1059,81,0,0
BRDA:1059,81,1,0
BRF:170
BRH:0
end_of_record
TN:
SF:src/components/QueryAssistant.js
FN:4,(anonymous_0)
FN:15,(anonymous_1)
FN:20,(anonymous_2)
FN:30,(anonymous_3)
FN:43,(anonymous_4)
FN:50,(anonymous_5)
FN:53,(anonymous_6)
FN:75,(anonymous_7)
FN:97,(anonymous_8)
FN:122,(anonymous_9)
FN:125,(anonymous_10)
FN:137,(anonymous_11)
FN:157,(anonymous_12)
FN:186,(anonymous_13)
FN:200,(anonymous_14)
FN:210,(anonymous_15)
FN:213,(anonymous_16)
FN:234,(anonymous_17)
FN:239,(anonymous_18)
FN:248,(anonymous_19)
FNF:20
FNH:0
FNDA:0,(anonymous_0)
FNDA:0,(anonymous_1)
FNDA:0,(anonymous_2)
FNDA:0,(anonymous_3)
FNDA:0,(anonymous_4)
FNDA:0,(anonymous_5)
FNDA:0,(anonymous_6)
FNDA:0,(anonymous_7)
FNDA:0,(anonymous_8)
FNDA:0,(anonymous_9)
FNDA:0,(anonymous_10)
FNDA:0,(anonymous_11)
FNDA:0,(anonymous_12)
FNDA:0,(anonymous_13)
FNDA:0,(anonymous_14)
FNDA:0,(anonymous_15)
FNDA:0,(anonymous_16)
FNDA:0,(anonymous_17)
FNDA:0,(anonymous_18)
FNDA:0,(anonymous_19)
DA:4,0
DA:5,0
DA:6,0
DA:7,0
DA:8,0
DA:9,0
DA:10,0
DA:11,0
DA:12,0
DA:13,0
DA:15,0
DA:16,0
DA:20,0
DA:21,0
DA:22,0
DA:23,0
DA:30,0
DA:32,0
DA:41,0
DA:43,0
DA:44,0
DA:45,0
DA:50,0
DA:51,0
DA:53,0
DA:75,0
DA:97,0
DA:122,0
DA:125,0
DA:126,0
DA:127,0
DA:128,0
DA:129,0
DA:130,0
DA:132,0
DA:134,0
DA:135,0
DA:136,0
DA:137,0
DA:145,0
DA:146,0
DA:150,0
DA:156,0
DA:157,0
DA:165,0
DA:167,0
DA:170,0
DA:174,0
DA:186,0
DA:200,0
DA:210,0
DA:214,0
DA:235,0
DA:239,0
DA:249,0
LF:55
LH:0
BRDA:23,0,0,0
BRDA:23,0,1,0
BRDA:53,1,0,0
BRDA:53,1,1,0
BRDA:75,2,0,0
BRDA:75,2,1,0
BRDA:75,2,2,0
BRDA:122,3,0,0
BRDA:122,3,1,0
BRDA:134,4,0,0
BRDA:134,4,1,0
BRDA:152,5,0,0
BRDA:152,5,1,0
BRDA:153,6,0,0
BRDA:153,6,1,0
BRDA:222,7,0,0
BRDA:222,7,1,0
BRDA:222,8,0,0
BRDA:222,8,1,0
BRDA:223,9,0,0
BRDA:223,9,1,0
BRDA:227,10,0,0
BRDA:227,10,1,0
BRDA:228,11,0,0
BRDA:228,11,1,0
BRDA:230,12,0,0
BRDA:230,12,1,0
BRDA:244,13,0,0
BRDA:244,13,1,0
BRDA:251,14,0,0
BRDA:251,14,1,0
BRF:31
BRH:0
end_of_record
TN:
SF:src/components/RegulatoryDocumentGenerator.js
FN:12,(anonymous_0)
FN:88,(anonymous_1)
FN:118,(anonymous_2)
FN:123,(anonymous_3)
FN:184,(anonymous_4)
FN:322,(anonymous_5)
FN:341,(anonymous_6)
FN:352,(anonymous_7)
FN:373,(anonymous_8)
FN:405,(anonymous_9)
FN:412,(anonymous_10)
FN:431,(anonymous_11)
FN:438,(anonymous_12)
FN:472,(anonymous_13)
FN:476,(anonymous_14)
FN:477,(anonymous_15)
FN:488,(anonymous_16)
FN:491,(anonymous_17)
FN:498,(anonymous_18)
FN:498,(anonymous_19)
FN:500,(anonymous_20)
FN:500,(anonymous_21)
FN:506,(anonymous_22)
FN:523,(anonymous_23)
FN:579,(anonymous_24)
FN:593,(anonymous_25)
FN:596,(anonymous_26)
FN:603,(anonymous_27)
FN:615,(anonymous_28)
FN:626,(anonymous_29)
FN:642,(anonymous_30)
FN:645,(anonymous_31)
FN:656,(anonymous_32)
FN:659,(anonymous_33)
FN:670,(anonymous_34)
FN:673,(anonymous_35)
FN:688,(anonymous_36)
FN:699,(anonymous_37)
FN:719,(anonymous_38)
FN:731,(anonymous_39)
FN:742,(anonymous_40)
FN:745,(anonymous_41)
FN:757,(anonymous_42)
FN:770,(anonymous_43)
FN:781,(anonymous_44)
FN:798,(anonymous_45)
FN:801,(anonymous_46)
FN:812,(anonymous_47)
FN:815,(anonymous_48)
FN:827,(anonymous_49)
FN:837,(anonymous_50)
FN:840,(anonymous_51)
FN:857,(anonymous_52)
FN:868,(anonymous_53)
FN:879,(anonymous_54)
FN:882,(anonymous_55)
FN:900,(anonymous_56)
FN:913,(anonymous_57)
FN:954,(anonymous_58)
FN:960,(anonymous_59)
FN:986,(anonymous_60)
FN:998,(anonymous_61)
FN:1009,(anonymous_62)
FNF:63
FNH:0
FNDA:0,(anonymous_0)
FNDA:0,(anonymous_1)
FNDA:0,(anonymous_2)
FNDA:0,(anonymous_3)
FNDA:0,(anonymous_4)
FNDA:0,(anonymous_5)
FNDA:0,(anonymous_6)
FNDA:0,(anonymous_7)
FNDA:0,(anonymous_8)
FNDA:0,(anonymous_9)
FNDA:0,(anonymous_10)
FNDA:0,(anonymous_11)
FNDA:0,(anonymous_12)
FNDA:0,(anonymous_13)
FNDA:0,(anonymous_14)
FNDA:0,(anonymous_15)
FNDA:0,(anonymous_16)
FNDA:0,(anonymous_17)
FNDA:0,(anonymous_18)
FNDA:0,(anonymous_19)
FNDA:0,(anonymous_20)
FNDA:0,(anonymous_21)
FNDA:0,(anonymous_22)
FNDA:0,(anonymous_23)
FNDA:0,(anonymous_24)
FNDA:0,(anonymous_25)
FNDA:0,(anonymous_26)
FNDA:0,(anonymous_27)
FNDA:0,(anonymous_28)
FNDA:0,(anonymous_29)
FNDA:0,(anonymous_30)
FNDA:0,(anonymous_31)
FNDA:0,(anonymous_32)
FNDA:0,(anonymous_33)
FNDA:0,(anonymous_34)
FNDA:0,(anonymous_35)
FNDA:0,(anonymous_36)
FNDA:0,(anonymous_37)
FNDA:0,(anonymous_38)
FNDA:0,(anonymous_39)
FNDA:0,(anonymous_40)
FNDA:0,(anonymous_41)
FNDA:0,(anonymous_42)
FNDA:0,(anonymous_43)
FNDA:0,(anonymous_44)
FNDA:0,(anonymous_45)
FNDA:0,(anonymous_46)
FNDA:0,(anonymous_47)
FNDA:0,(anonymous_48)
FNDA:0,(anonymous_49)
FNDA:0,(anonymous_50)
FNDA:0,(anonymous_51)
FNDA:0,(anonymous_52)
FNDA:0,(anonymous_53)
FNDA:0,(anonymous_54)
FNDA:0,(anonymous_55)
FNDA:0,(anonymous_56)
FNDA:0,(anonymous_57)
FNDA:0,(anonymous_58)
FNDA:0,(anonymous_59)
FNDA:0,(anonymous_60)
FNDA:0,(anonymous_61)
FNDA:0,(anonymous_62)
DA:12,0
DA:14,0
DA:15,0
DA:16,0
DA:17,0
DA:18,0
DA:21,0
DA:22,0
DA:23,0
DA:24,0
DA:27,0
DA:28,0
DA:29,0
DA:30,0
DA:31,0
DA:32,0
DA:35,0
DA:36,0
DA:37,0
DA:38,0
DA:41,0
DA:42,0
DA:43,0
DA:46,0
DA:47,0
DA:50,0
DA:51,0
DA:52,0
DA:53,0
DA:54,0
DA:55,0
DA:58,0
DA:59,0
DA:62,0
DA:63,0
DA:66,0
DA:67,0
DA:68,0
DA:69,0
DA:70,0
DA:71,0
DA:72,0
DA:73,0
DA:88,0
DA:90,0
DA:96,0
DA:98,0
DA:99,0
DA:100,0
DA:108,0
DA:109,0
DA:118,0
DA:119,0
DA:123,0
DA:124,0
DA:125,0
DA:127,0
DA:129,0
DA:169,0
DA:170,0
DA:174,0
DA:175,0
DA:178,0
DA:181,0
DA:182,0
DA:184,0
DA:185,0
DA:187,0
DA:188,0
DA:189,0
DA:190,0
DA:191,0
DA:194,0
DA:195,0
DA:196,0
DA:197,0
DA:198,0
DA:201,0
DA:204,0
DA:206,0
DA:207,0
DA:208,0
DA:211,0
DA:217,0
DA:220,0
DA:221,0
DA:222,0
DA:223,0
DA:227,0
DA:228,0
DA:229,0
DA:232,0
DA:233,0
DA:234,0
DA:237,0
DA:243,0
DA:244,0
DA:254,0
DA:256,0
DA:257,0
DA:260,0
DA:264,0
DA:266,0
DA:268,0
DA:269,0
DA:279,0
DA:281,0
DA:282,0
DA:285,0
DA:291,0
DA:292,0
DA:298,0
DA:299,0
DA:309,0
DA:311,0
DA:312,0
DA:315,0
DA:322,0
DA:323,0
DA:329,0
DA:330,0
DA:331,0
DA:332,0
DA:338,0
DA:341,0
DA:345,0
DA:346,0
DA:347,0
DA:348,0
DA:349,0
DA:350,0
DA:352,0
DA:357,0
DA:360,0
DA:366,0
DA:367,0
DA:368,0
DA:373,0
DA:374,0
DA:375,0
DA:376,0
DA:377,0
DA:380,0
DA:381,0
DA:382,0
DA:383,0
DA:384,0
DA:385,0
DA:386,0
DA:387,0
DA:388,0
DA:389,0
DA:390,0
DA:391,0
DA:392,0
DA:393,0
DA:394,0
DA:395,0
DA:396,0
DA:397,0
DA:398,0
DA:400,0
DA:401,0
DA:405,0
DA:406,0
DA:408,0
DA:410,0
DA:413,0
DA:421,0
DA:422,0
DA:423,0
DA:424,0
DA:425,0
DA:426,0
DA:427,0
DA:428,0
DA:429,0
DA:431,0
DA:432,0
DA:433,0
DA:434,0
DA:435,0
DA:436,0
DA:437,0
DA:438,0
DA:440,0
DA:441,0
DA:442,0
DA:444,0
DA:447,0
DA:452,0
DA:472,0
DA:477,0
DA:478,0
DA:482,0
DA:483,0
DA:484,0
DA:485,0
DA:489,0
DA:491,0
DA:498,0
DA:500,0
DA:506,0
DA:523,0
DA:579,0
DA:593,0
DA:597,0
DA:603,0
DA:615,0
DA:626,0
DA:642,0
DA:646,0
DA:656,0
DA:660,0
DA:670,0
DA:674,0
DA:688,0
DA:699,0
DA:719,0
DA:731,0
DA:742,0
DA:746,0
DA:757,0
DA:770,0
DA:781,0
DA:798,0
DA:802,0
DA:812,0
DA:816,0
DA:827,0
DA:837,0
DA:841,0
DA:857,0
DA:868,0
DA:879,0
DA:883,0
DA:900,0
DA:913,0
DA:954,0
DA:960,0
DA:987,0
DA:990,0
DA:991,0
DA:999,0
DA:1002,0
DA:1010,0
DA:1011,0
DA:1014,0
DA:1015,0
DA:1016,0
DA:1019,0
DA:1020,0
DA:1021,0
DA:1024,0
DA:1025,0
DA:1026,0
DA:1027,0
DA:1028,0
DA:1029,0
DA:1032,0
DA:1034,0
DA:1037,0
DA:1038,0
DA:1039,0
DA:1040,0
DA:1043,0
DA:1044,0
DA:1045,0
DA:1048,0
DA:1049,0
DA:1052,0
DA:1053,0
LF:272
LH:0
BRDA:90,0,0,0
BRDA:90,0,1,0
BRDA:98,1,0,0
BRDA:98,1,1,0
BRDA:104,2,0,0
BRDA:104,2,1,0
BRDA:108,3,0,0
BRDA:108,3,1,0
BRDA:108,4,0,0
BRDA:108,4,1,0
BRDA:133,5,0,0
BRDA:133,5,1,0
BRDA:134,6,0,0
BRDA:134,6,1,0
BRDA:135,7,0,0
BRDA:135,7,1,0
BRDA:136,8,0,0
BRDA:136,8,1,0
BRDA:139,9,0,0
BRDA:139,9,1,0
BRDA:140,10,0,0
BRDA:140,10,1,0
BRDA:141,11,0,0
BRDA:141,11,1,0
BRDA:142,12,0,0
BRDA:142,12,1,0
BRDA:145,13,0,0
BRDA:145,13,1,0
BRDA:146,14,0,0
BRDA:146,14,1,0
BRDA:147,15,0,0
BRDA:147,15,1,0
BRDA:148,16,0,0
BRDA:148,16,1,0
BRDA:149,17,0,0
BRDA:149,17,1,0
BRDA:150,18,0,0
BRDA:150,18,1,0
BRDA:153,19,0,0
BRDA:153,19,1,0
BRDA:154,20,0,0
BRDA:154,20,1,0
BRDA:155,21,0,0
BRDA:155,21,1,0
BRDA:156,22,0,0
BRDA:156,22,1,0
BRDA:159,23,0,0
BRDA:159,23,1,0
BRDA:160,24,0,0
BRDA:160,24,1,0
BRDA:161,25,0,0
BRDA:161,25,1,0
BRDA:164,26,0,0
BRDA:164,26,1,0
BRDA:165,27,0,0
BRDA:165,27,1,0
BRDA:169,28,0,0
BRDA:169,28,1,0
BRDA:169,29,0,0
BRDA:169,29,1,0
BRDA:187,30,0,0
BRDA:187,30,1,0
BRDA:195,31,0,0
BRDA:195,31,1,0
BRDA:196,32,0,0
BRDA:196,32,1,0
BRDA:204,33,0,0
BRDA:204,33,1,0
BRDA:222,34,0,0
BRDA:222,34,1,0
BRDA:222,35,0,0
BRDA:222,35,1,0
BRDA:222,35,2,0
BRDA:227,36,0,0
BRDA:227,36,1,0
BRDA:256,37,0,0
BRDA:256,37,1,0
BRDA:264,38,0,0
BRDA:264,38,1,0
BRDA:264,39,0,0
BRDA:264,39,1,0
BRDA:277,40,0,0
BRDA:277,40,1,0
BRDA:281,41,0,0
BRDA:281,41,1,0
BRDA:291,42,0,0
BRDA:291,42,1,0
BRDA:311,43,0,0
BRDA:311,43,1,0
BRDA:329,44,0,0
BRDA:329,44,1,0
BRDA:338,45,0,0
BRDA:338,45,1,0
BRDA:346,46,0,0
BRDA:346,46,1,0
BRDA:366,47,0,0
BRDA:366,47,1,0
BRDA:406,48,0,0
BRDA:406,48,1,0
BRDA:413,49,0,0
BRDA:413,49,1,0
BRDA:433,50,0,0
BRDA:433,50,1,0
BRDA:433,51,0,0
BRDA:433,51,1,0
BRDA:441,52,0,0
BRDA:441,52,1,0
BRDA:461,53,0,0
BRDA:461,53,1,0
BRDA:464,54,0,0
BRDA:464,54,1,0
BRDA:475,55,0,0
BRDA:475,55,1,0
BRDA:475,56,0,0
BRDA:475,56,1,0
BRDA:478,57,0,0
BRDA:478,57,1,0
BRDA:478,57,2,0
BRDA:485,58,0,0
BRDA:485,58,1,0
BRDA:490,59,0,0
BRDA:490,59,1,0
BRDA:498,60,0,0
BRDA:498,60,1,0
BRDA:498,61,0,0
BRDA:498,61,1,0
BRDA:500,62,0,0
BRDA:500,62,1,0
BRDA:500,63,0,0
BRDA:500,63,1,0
BRDA:511,64,0,0
BRDA:511,64,1,0
BRDA:529,65,0,0
BRDA:529,65,1,0
BRDA:586,66,0,0
BRDA:586,66,1,0
BRDA:927,67,0,0
BRDA:927,67,1,0
BRDA:928,68,0,0
BRDA:928,68,1,0
BRDA:930,69,0,0
BRDA:930,69,1,0
BRDA:930,70,0,0
BRDA:930,70,1,0
BRDA:942,71,0,0
BRDA:942,71,1,0
BRDA:944,72,0,0
BRDA:944,72,1,0
BRDA:949,73,0,0
BRDA:949,73,1,0
BRDA:953,74,0,0
BRDA:953,74,1,0
BRDA:959,75,0,0
BRDA:959,75,1,0
BRDA:967,76,0,0
BRDA:967,76,1,0
BRDA:987,77,0,0
BRDA:987,77,1,0
BRDA:1011,78,0,0
BRDA:1011,78,1,0
BRDA:1011,79,0,0
BRDA:1011,79,1,0
BRDA:1014,80,0,0
BRDA:1014,80,1,0
BRDA:1038,81,0,0
BRDA:1038,81,1,0
BRDA:1048,82,0,0
BRDA:1048,82,1,0
BRDA:1048,83,0,0
BRDA:1048,83,1,0
BRF:170
BRH:0
end_of_record
TN:
SF:src/components/RegulatoryDocuments.js
FN:43,(anonymous_0)
FN:297,(anonymous_1)
FN:304,(anonymous_2)
FN:308,(anonymous_3)
FN:322,(anonymous_4)
FN:328,(anonymous_5)
FN:356,(anonymous_6)
FN:357,(anonymous_7)
FN:361,(anonymous_8)
FN:366,(anonymous_9)
FN:373,(anonymous_10)
FN:407,(anonymous_11)
FN:416,(anonymous_12)
FN:417,(anonymous_13)
FN:418,(anonymous_14)
FN:474,(anonymous_15)
FN:477,(anonymous_16)
FN:489,(anonymous_17)
FN:494,(anonymous_18)
FN:538,(anonymous_19)
FN:541,(anonymous_20)
FNF:21
FNH:0
FNDA:0,(anonymous_0)
FNDA:0,(anonymous_1)
FNDA:0,(anonymous_2)
FNDA:0,(anonymous_3)
FNDA:0,(anonymous_4)
FNDA:0,(anonymous_5)
FNDA:0,(anonymous_6)
FNDA:0,(anonymous_7)
FNDA:0,(anonymous_8)
FNDA:0,(anonymous_9)
FNDA:0,(anonymous_10)
FNDA:0,(anonymous_11)
FNDA:0,(anonymous_12)
FNDA:0,(anonymous_13)
FNDA:0,(anonymous_14)
FNDA:0,(anonymous_15)
FNDA:0,(anonymous_16)
FNDA:0,(anonymous_17)
FNDA:0,(anonymous_18)
FNDA:0,(anonymous_19)
FNDA:0,(anonymous_20)
DA:8,0
DA:10,0
DA:18,0
DA:26,0
DA:35,0
DA:43,0
DA:44,0
DA:45,0
DA:46,0
DA:49,0
DA:297,0
DA:298,0
DA:299,0
DA:301,0
DA:304,0
DA:305,0
DA:308,0
DA:309,0
DA:317,0
DA:322,0
DA:328,0
DA:357,0
DA:358,0
DA:359,0
DA:360,0
DA:361,0
DA:362,0
DA:367,0
DA:368,0
DA:369,0
DA:371,0
DA:372,0
DA:373,0
DA:374,0
DA:408,0
DA:416,0
DA:417,0
DA:418,0
DA:475,0
DA:477,0
DA:490,0
DA:491,0
DA:492,0
DA:495,0
DA:496,0
DA:497,0
DA:538,0
DA:539,0
DA:541,0
DA:543,0
DA:553,0
LF:51
LH:0
BRDA:299,0,0,0
BRDA:299,0,1,0
BRDA:305,1,0,0
BRDA:305,1,1,0
BRDA:360,2,0,0
BRDA:360,2,1,0
BRDA:361,3,0,0
BRDA:361,3,1,0
BRDA:367,4,0,0
BRDA:367,4,1,0
BRDA:367,5,0,0
BRDA:367,5,1,0
BRDA:369,6,0,0
BRDA:369,6,1,0
BRDA:369,7,0,0
BRDA:369,7,1,0
BRDA:372,8,0,0
BRDA:372,8,1,0
BRDA:374,9,0,0
BRDA:374,9,1,0
BRDA:380,10,0,0
BRDA:380,10,1,0
BRDA:381,11,0,0
BRDA:381,11,1,0
BRDA:382,12,0,0
BRDA:382,12,1,0
BRDA:386,13,0,0
BRDA:386,13,1,0
BRDA:387,14,0,0
BRDA:387,14,1,0
BRDA:387,15,0,0
BRDA:387,15,1,0
BRDA:390,16,0,0
BRDA:390,16,1,0
BRDA:393,17,0,0
BRDA:393,17,1,0
BRDA:396,18,0,0
BRDA:396,18,1,0
BRDA:398,19,0,0
BRDA:398,19,1,0
BRDA:410,20,0,0
BRDA:410,20,1,0
BRDA:413,21,0,0
BRDA:413,21,1,0
BRDA:414,22,0,0
BRDA:414,22,1,0
BRDA:422,23,0,0
BRDA:422,23,1,0
BRDA:425,24,0,0
BRDA:425,24,1,0
BRDA:426,25,0,0
BRDA:426,25,1,0
BRDA:442,26,0,0
BRDA:442,26,1,0
BRDA:505,27,0,0
BRDA:505,27,1,0
BRF:56
BRH:0
end_of_record
TN:
SF:src/components/Settings.js
FN:3,(anonymous_0)
FNF:1
FNH:0
FNDA:0,(anonymous_0)
DA:3,0
DA:4,0
LF:2
LH:0
BRF:0
BRH:0
end_of_record
TN:
SF:src/components/SkinDiseaseDetector.js
FN:11,(anonymous_0)
FN:48,(anonymous_1)
FN:57,(anonymous_2)
FN:65,(anonymous_3)
FN:67,(anonymous_4)
FN:69,(anonymous_5)
FN:90,(anonymous_6)
FN:91,(anonymous_7)
FN:91,(anonymous_8)
FN:98,(anonymous_9)
FN:99,(anonymous_10)
FN:99,(anonymous_11)
FN:102,(anonymous_12)
FN:115,(anonymous_13)
FN:115,(anonymous_14)
FN:134,(anonymous_15)
FN:150,(anonymous_16)
FN:150,(anonymous_17)
FN:164,(anonymous_18)
FN:164,(anonymous_19)
FN:177,(anonymous_20)
FN:180,(anonymous_21)
FN:192,(anonymous_22)
FN:203,(anonymous_23)
FN:230,(anonymous_24)
FN:249,(anonymous_25)
FN:264,(anonymous_26)
FN:265,(anonymous_27)
FN:287,(anonymous_28)
FN:292,(anonymous_29)
FN:294,(anonymous_30)
FN:295,(anonymous_31)
FN:295,(anonymous_32)
FN:296,(anonymous_33)
FN:300,(anonymous_34)
FN:306,(anonymous_35)
FN:351,(anonymous_36)
FN:351,(anonymous_37)
FN:358,(anonymous_38)
FN:364,(anonymous_39)
FN:373,(anonymous_40)
FN:380,(anonymous_41)
FN:409,(anonymous_42)
FN:415,(anonymous_43)
FN:421,(anonymous_44)
FN:427,(anonymous_45)
FN:497,(anonymous_46)
FN:505,(anonymous_47)
FN:519,(anonymous_48)
FN:536,(anonymous_49)
FN:552,(anonymous_50)
FN:575,(anonymous_51)
FN:612,(anonymous_52)
FN:630,(anonymous_53)
FN:716,(anonymous_54)
FN:722,(anonymous_55)
FN:728,(anonymous_56)
FN:797,(anonymous_57)
FN:803,(anonymous_58)
FN:820,(anonymous_59)
FN:842,(anonymous_60)
FN:861,(anonymous_61)
FN:866,(anonymous_62)
FN:876,(anonymous_63)
FN:888,(anonymous_64)
FN:901,(anonymous_65)
FN:916,(anonymous_66)
FN:1044,(anonymous_67)
FN:1058,(anonymous_68)
FN:1126,(anonymous_69)
FN:1140,(anonymous_70)
FNF:71
FNH:3
FNDA:23,(anonymous_0)
FNDA:0,(anonymous_1)
FNDA:0,(anonymous_2)
FNDA:0,(anonymous_3)
FNDA:0,(anonymous_4)
FNDA:0,(anonymous_5)
FNDA:0,(anonymous_6)
FNDA:0,(anonymous_7)
FNDA:0,(anonymous_8)
FNDA:0,(anonymous_9)
FNDA:0,(anonymous_10)
FNDA:0,(anonymous_11)
FNDA:0,(anonymous_12)
FNDA:0,(anonymous_13)
FNDA:0,(anonymous_14)
FNDA:0,(anonymous_15)
FNDA:0,(anonymous_16)
FNDA:0,(anonymous_17)
FNDA:0,(anonymous_18)
FNDA:0,(anonymous_19)
FNDA:0,(anonymous_20)
FNDA:0,(anonymous_21)
FNDA:0,(anonymous_22)
FNDA:0,(anonymous_23)
FNDA:0,(anonymous_24)
FNDA:0,(anonymous_25)
FNDA:0,(anonymous_26)
FNDA:0,(anonymous_27)
FNDA:0,(anonymous_28)
FNDA:0,(anonymous_29)
FNDA:0,(anonymous_30)
FNDA:0,(anonymous_31)
FNDA:0,(anonymous_32)
FNDA:0,(anonymous_33)
FNDA:0,(anonymous_34)
FNDA:0,(anonymous_35)
FNDA:22,(anonymous_36)
FNDA:22,(anonymous_37)
FNDA:0,(anonymous_38)
FNDA:0,(anonymous_39)
FNDA:0,(anonymous_40)
FNDA:0,(anonymous_41)
FNDA:0,(anonymous_42)
FNDA:0,(anonymous_43)
FNDA:0,(anonymous_44)
FNDA:0,(anonymous_45)
FNDA:0,(anonymous_46)
FNDA:0,(anonymous_47)
FNDA:0,(anonymous_48)
FNDA:0,(anonymous_49)
FNDA:0,(anonymous_50)
FNDA:0,(anonymous_51)
FNDA:0,(anonymous_52)
FNDA:0,(anonymous_53)
FNDA:0,(anonymous_54)
FNDA:0,(anonymous_55)
FNDA:0,(anonymous_56)
FNDA:0,(anonymous_57)
FNDA:0,(anonymous_58)
FNDA:0,(anonymous_59)
FNDA:0,(anonymous_60)
FNDA:0,(anonymous_61)
FNDA:0,(anonymous_62)
FNDA:0,(anonymous_63)
FNDA:0,(anonymous_64)
FNDA:0,(anonymous_65)
FNDA:0,(anonymous_66)
FNDA:0,(anonymous_67)
FNDA:0,(anonymous_68)
FNDA:0,(anonymous_69)
FNDA:0,(anonymous_70)
DA:11,1
DA:13,23
DA:14,22
DA:17,22
DA:18,22
DA:19,22
DA:20,22
DA:22,22
DA:23,22
DA:24,22
DA:25,22
DA:26,22
DA:27,22
DA:30,22
DA:31,22
DA:32,22
DA:33,22
DA:34,22
DA:35,22
DA:36,22
DA:40,22
DA:41,22
DA:42,22
DA:45,22
DA:46,22
DA:48,22
DA:49,0
DA:50,0
DA:51,0
DA:52,0
DA:53,0
DA:57,22
DA:58,0
DA:59,0
DA:60,0
DA:61,0
DA:65,22
DA:66,0
DA:67,0
DA:69,0
DA:86,0
DA:87,0
DA:90,22
DA:91,0
DA:92,0
DA:98,22
DA:99,0
DA:102,22
DA:103,0
DA:104,0
DA:105,0
DA:107,0
DA:109,0
DA:110,0
DA:111,0
DA:113,0
DA:115,0
DA:116,0
DA:119,0
DA:120,0
DA:121,0
DA:122,0
DA:123,0
DA:124,0
DA:125,0
DA:126,0
DA:128,0
DA:134,0
DA:140,0
DA:147,0
DA:150,0
DA:151,0
DA:155,0
DA:156,0
DA:162,0
DA:164,0
DA:165,0
DA:169,0
DA:172,0
DA:173,0
DA:174,0
DA:177,22
DA:178,0
DA:180,0
DA:192,0
DA:194,0
DA:195,0
DA:196,0
DA:197,0
DA:198,0
DA:199,0
DA:200,0
DA:203,22
DA:204,0
DA:206,0
DA:209,0
DA:212,0
DA:213,0
DA:214,0
DA:215,0
DA:216,0
DA:217,0
DA:218,0
DA:219,0
DA:221,0
DA:223,0
DA:224,0
DA:230,0
DA:236,0
DA:242,0
DA:244,0
DA:249,22
DA:250,0
DA:251,0
DA:252,0
DA:254,0
DA:255,0
DA:256,0
DA:258,0
DA:259,0
DA:260,0
DA:261,0
DA:262,0
DA:264,0
DA:265,0
DA:266,0
DA:267,0
DA:271,0
DA:272,0
DA:273,0
DA:274,0
DA:275,0
DA:276,0
DA:280,0
DA:281,0
DA:283,0
DA:287,22
DA:289,0
DA:292,22
DA:293,0
DA:294,0
DA:295,0
DA:296,0
DA:297,0
DA:298,0
DA:300,0
DA:302,0
DA:306,22
DA:307,0
DA:308,0
DA:309,0
DA:310,0
DA:312,0
DA:350,22
DA:351,22
DA:353,22
DA:358,0
DA:364,0
DA:373,0
DA:380,0
DA:409,0
DA:415,0
DA:421,0
DA:427,0
DA:497,0
DA:505,0
DA:519,0
DA:536,0
DA:552,0
DA:575,0
DA:613,0
DA:631,0
DA:716,0
DA:722,0
DA:728,0
DA:797,0
DA:803,0
DA:821,0
DA:842,0
DA:861,0
DA:866,0
DA:876,0
DA:888,0
DA:901,0
DA:916,0
DA:1044,0
DA:1058,0
DA:1127,0
DA:1140,0
LF:189
LH:40
BRDA:50,0,0,0
BRDA:50,0,1,0
BRDA:59,1,0,0
BRDA:59,1,1,0
BRDA:92,2,0,0
BRDA:92,2,1,0
BRDA:116,3,0,0
BRDA:116,3,1,0
BRDA:121,4,0,0
BRDA:121,4,1,0
BRDA:122,5,0,0
BRDA:122,5,1,0
BRDA:123,6,0,0
BRDA:123,6,1,0
BRDA:124,7,0,0
BRDA:124,7,1,0
BRDA:125,8,0,0
BRDA:125,8,1,0
BRDA:126,9,0,0
BRDA:126,9,1,0
BRDA:129,10,0,0
BRDA:129,10,1,0
BRDA:134,11,0,0
BRDA:134,11,1,0
BRDA:151,12,0,0
BRDA:151,12,1,0
BRDA:165,13,0,0
BRDA:165,13,1,0
BRDA:182,14,0,0
BRDA:182,14,1,0
BRDA:183,15,0,0
BRDA:183,15,1,0
BRDA:185,16,0,0
BRDA:185,16,1,0
BRDA:186,17,0,0
BRDA:186,17,1,0
BRDA:187,18,0,0
BRDA:187,18,1,0
BRDA:188,19,0,0
BRDA:188,19,1,0
BRDA:189,20,0,0
BRDA:189,20,1,0
BRDA:190,21,0,0
BRDA:190,21,1,0
BRDA:206,22,0,0
BRDA:206,22,1,0
BRDA:206,23,0,0
BRDA:206,23,1,0
BRDA:206,23,2,0
BRDA:206,23,3,0
BRDA:206,23,4,0
BRDA:206,23,5,0
BRDA:206,23,6,0
BRDA:225,24,0,0
BRDA:225,24,1,0
BRDA:230,25,0,0
BRDA:230,25,1,0
BRDA:250,26,0,0
BRDA:250,26,1,0
BRDA:258,27,0,0
BRDA:258,27,1,0
BRDA:260,28,0,0
BRDA:260,28,1,0
BRDA:266,29,0,0
BRDA:266,29,1,0
BRDA:266,30,0,0
BRDA:266,30,1,0
BRDA:266,30,2,0
BRDA:271,31,0,0
BRDA:271,31,1,0
BRDA:272,32,0,0
BRDA:272,32,1,0
BRDA:273,33,0,0
BRDA:273,33,1,0
BRDA:274,34,0,0
BRDA:274,34,1,0
BRDA:275,35,0,0
BRDA:275,35,1,0
BRDA:276,36,0,0
BRDA:276,36,1,0
BRDA:295,37,0,0
BRDA:295,37,1,0
BRDA:297,38,0,0
BRDA:297,38,1,0
BRDA:300,39,0,0
BRDA:300,39,1,0
BRDA:350,40,0,22
BRDA:370,41,0,22
BRDA:370,41,1,0
BRDA:377,42,0,22
BRDA:377,42,1,0
BRDA:408,43,0,22
BRDA:408,43,1,0
BRDA:414,44,0,0
BRDA:414,44,1,22
BRDA:420,45,0,0
BRDA:420,45,1,22
BRDA:435,46,0,22
BRDA:435,46,1,22
BRDA:463,47,0,22
BRDA:463,47,1,0
BRDA:585,48,0,0
BRDA:585,48,1,22
BRDA:589,49,0,22
BRDA:589,49,1,0
BRDA:616,50,0,0
BRDA:616,50,1,0
BRDA:616,51,0,0
BRDA:616,51,1,0
BRDA:636,52,0,0
BRDA:636,52,1,0
BRDA:637,53,0,0
BRDA:637,53,1,0
BRDA:651,54,0,0
BRDA:651,54,1,0
BRDA:657,55,0,0
BRDA:657,55,1,0
BRDA:688,56,0,0
BRDA:688,56,1,0
BRDA:691,57,0,0
BRDA:691,57,1,0
BRDA:742,58,0,22
BRDA:742,58,1,0
BRDA:770,59,0,0
BRDA:770,59,1,0
BRDA:782,60,0,0
BRDA:782,60,1,0
BRDA:785,61,0,0
BRDA:785,61,1,0
BRDA:788,62,0,0
BRDA:788,62,1,0
BRDA:788,62,2,0
BRDA:821,63,0,0
BRDA:821,63,1,0
BRDA:821,64,0,0
BRDA:821,64,1,0
BRDA:821,65,0,0
BRDA:821,65,1,0
BRDA:931,66,0,0
BRDA:931,66,1,0
BRDA:936,67,0,0
BRDA:936,67,1,0
BRDA:947,68,0,0
BRDA:947,68,1,0
BRDA:960,69,0,0
BRDA:960,69,1,0
BRDA:960,69,2,0
BRDA:981,70,0,0
BRDA:981,70,1,0
BRDA:1022,71,0,22
BRDA:1022,71,1,0
BRDA:1063,72,0,0
BRDA:1063,72,1,0
BRDA:1072,73,0,0
BRDA:1072,73,1,0
BRDA:1092,74,0,0
BRDA:1092,74,1,0
BRDA:1113,75,0,0
BRDA:1113,75,1,0
BRDA:1154,76,0,22
BRDA:1154,76,1,0
BRF:161
BRH:14
end_of_record
TN:
SF:src/components/UnifiedRegulatoryGenerator.js
FN:16,(anonymous_0)
FN:388,(anonymous_1)
FN:457,(anonymous_2)
FN:465,(anonymous_3)
FN:480,(anonymous_4)
FN:502,(anonymous_5)
FN:512,(anonymous_6)
FN:515,(anonymous_7)
FN:516,(anonymous_8)
FN:518,(anonymous_9)
FN:519,(anonymous_10)
FN:521,(anonymous_11)
FN:543,(anonymous_12)
FN:607,(anonymous_13)
FN:618,(anonymous_14)
FN:626,(anonymous_15)
FN:635,(anonymous_16)
FN:738,(anonymous_17)
FN:743,(anonymous_18)
FN:753,(anonymous_19)
FN:758,(anonymous_20)
FN:767,(anonymous_21)
FN:779,(anonymous_22)
FN:783,(anonymous_23)
FN:886,(anonymous_24)
FN:904,(anonymous_25)
FN:914,(anonymous_26)
FN:922,(anonymous_27)
FN:929,(anonymous_28)
FN:944,(anonymous_29)
FN:945,(anonymous_30)
FN:1035,(anonymous_31)
FN:1038,(anonymous_32)
FN:1040,(anonymous_33)
FN:1042,(anonymous_34)
FN:1042,(anonymous_35)
FN:1078,(anonymous_36)
FN:1140,(anonymous_37)
FN:1165,(anonymous_38)
FN:1166,(anonymous_39)
FN:1174,(anonymous_40)
FN:1181,(anonymous_41)
FN:1215,(anonymous_42)
FN:1224,(anonymous_43)
FN:1225,(anonymous_44)
FN:1226,(anonymous_45)
FN:1283,(anonymous_46)
FN:1286,(anonymous_47)
FN:1298,(anonymous_48)
FN:1303,(anonymous_49)
FN:1358,(anonymous_50)
FN:1375,(anonymous_51)
FN:1383,(anonymous_52)
FN:1405,(anonymous_53)
FN:1417,(anonymous_54)
FN:1428,(anonymous_55)
FN:1444,(anonymous_56)
FN:1447,(anonymous_57)
FN:1458,(anonymous_58)
FN:1461,(anonymous_59)
FN:1472,(anonymous_60)
FN:1475,(anonymous_61)
FN:1486,(anonymous_62)
FN:1489,(anonymous_63)
FN:1507,(anonymous_64)
FN:1518,(anonymous_65)
FN:1528,(anonymous_66)
FN:1531,(anonymous_67)
FN:1543,(anonymous_68)
FN:1553,(anonymous_69)
FN:1564,(anonymous_70)
FN:1581,(anonymous_71)
FN:1584,(anonymous_72)
FN:1595,(anonymous_73)
FN:1598,(anonymous_74)
FN:1610,(anonymous_75)
FN:1620,(anonymous_76)
FN:1623,(anonymous_77)
FN:1640,(anonymous_78)
FN:1651,(anonymous_79)
FN:1662,(anonymous_80)
FN:1665,(anonymous_81)
FN:1683,(anonymous_82)
FN:1696,(anonymous_83)
FN:1712,(anonymous_84)
FN:1723,(anonymous_85)
FN:1734,(anonymous_86)
FN:1745,(anonymous_87)
FN:1756,(anonymous_88)
FN:1759,(anonymous_89)
FN:1805,(anonymous_90)
FN:1847,(anonymous_91)
FN:1877,(anonymous_92)
FN:1903,(anonymous_93)
FN:1906,(anonymous_94)
FN:1913,(anonymous_95)
FN:1950,(anonymous_96)
FN:1956,(anonymous_97)
FN:1982,(anonymous_98)
FN:1992,(anonymous_99)
FN:2003,(anonymous_100)
FNF:101
FNH:0
FNDA:0,(anonymous_0)
FNDA:0,(anonymous_1)
FNDA:0,(anonymous_2)
FNDA:0,(anonymous_3)
FNDA:0,(anonymous_4)
FNDA:0,(anonymous_5)
FNDA:0,(anonymous_6)
FNDA:0,(anonymous_7)
FNDA:0,(anonymous_8)
FNDA:0,(anonymous_9)
FNDA:0,(anonymous_10)
FNDA:0,(anonymous_11)
FNDA:0,(anonymous_12)
FNDA:0,(anonymous_13)
FNDA:0,(anonymous_14)
FNDA:0,(anonymous_15)
FNDA:0,(anonymous_16)
FNDA:0,(anonymous_17)
FNDA:0,(anonymous_18)
FNDA:0,(anonymous_19)
FNDA:0,(anonymous_20)
FNDA:0,(anonymous_21)
FNDA:0,(anonymous_22)
FNDA:0,(anonymous_23)
FNDA:0,(anonymous_24)
FNDA:0,(anonymous_25)
FNDA:0,(anonymous_26)
FNDA:0,(anonymous_27)
FNDA:0,(anonymous_28)
FNDA:0,(anonymous_29)
FNDA:0,(anonymous_30)
FNDA:0,(anonymous_31)
FNDA:0,(anonymous_32)
FNDA:0,(anonymous_33)
FNDA:0,(anonymous_34)
FNDA:0,(anonymous_35)
FNDA:0,(anonymous_36)
FNDA:0,(anonymous_37)
FNDA:0,(anonymous_38)
FNDA:0,(anonymous_39)
FNDA:0,(anonymous_40)
FNDA:0,(anonymous_41)
FNDA:0,(anonymous_42)
FNDA:0,(anonymous_43)
FNDA:0,(anonymous_44)
FNDA:0,(anonymous_45)
FNDA:0,(anonymous_46)
FNDA:0,(anonymous_47)
FNDA:0,(anonymous_48)
FNDA:0,(anonymous_49)
FNDA:0,(anonymous_50)
FNDA:0,(anonymous_51)
FNDA:0,(anonymous_52)
FNDA:0,(anonymous_53)
FNDA:0,(anonymous_54)
FNDA:0,(anonymous_55)
FNDA:0,(anonymous_56)
FNDA:0,(anonymous_57)
FNDA:0,(anonymous_58)
FNDA:0,(anonymous_59)
FNDA:0,(anonymous_60)
FNDA:0,(anonymous_61)
FNDA:0,(anonymous_62)
FNDA:0,(anonymous_63)
FNDA:0,(anonymous_64)
FNDA:0,(anonymous_65)
FNDA:0,(anonymous_66)
FNDA:0,(anonymous_67)
FNDA:0,(anonymous_68)
FNDA:0,(anonymous_69)
FNDA:0,(anonymous_70)
FNDA:0,(anonymous_71)
FNDA:0,(anonymous_72)
FNDA:0,(anonymous_73)
FNDA:0,(anonymous_74)
FNDA:0,(anonymous_75)
FNDA:0,(anonymous_76)
FNDA:0,(anonymous_77)
FNDA:0,(anonymous_78)
FNDA:0,(anonymous_79)
FNDA:0,(anonymous_80)
FNDA:0,(anonymous_81)
FNDA:0,(anonymous_82)
FNDA:0,(anonymous_83)
FNDA:0,(anonymous_84)
FNDA:0,(anonymous_85)
FNDA:0,(anonymous_86)
FNDA:0,(anonymous_87)
FNDA:0,(anonymous_88)
FNDA:0,(anonymous_89)
FNDA:0,(anonymous_90)
FNDA:0,(anonymous_91)
FNDA:0,(anonymous_92)
FNDA:0,(anonymous_93)
FNDA:0,(anonymous_94)
FNDA:0,(anonymous_95)
FNDA:0,(anonymous_96)
FNDA:0,(anonymous_97)
FNDA:0,(anonymous_98)
FNDA:0,(anonymous_99)
FNDA:0,(anonymous_100)
DA:14,0
DA:16,0
DA:18,0
DA:21,0
DA:29,0
DA:37,0
DA:45,0
DA:54,0
DA:302,0
DA:303,0
DA:306,0
DA:307,0
DA:308,0
DA:309,0
DA:310,0
DA:311,0
DA:312,0
DA:315,0
DA:316,0
DA:317,0
DA:318,0
DA:321,0
DA:322,0
DA:323,0
DA:324,0
DA:325,0
DA:326,0
DA:329,0
DA:330,0
DA:331,0
DA:332,0
DA:335,0
DA:336,0
DA:337,0
DA:340,0
DA:341,0
DA:344,0
DA:345,0
DA:346,0
DA:347,0
DA:348,0
DA:351,0
DA:352,0
DA:353,0
DA:354,0
DA:355,0
DA:358,0
DA:361,0
DA:362,0
DA:365,0
DA:368,0
DA:371,0
DA:372,0
DA:373,0
DA:374,0
DA:377,0
DA:378,0
DA:379,0
DA:380,0
DA:381,0
DA:382,0
DA:383,0
DA:384,0
DA:385,0
DA:388,0
DA:389,0
DA:395,0
DA:397,0
DA:398,0
DA:399,0
DA:406,0
DA:407,0
DA:414,0
DA:457,0
DA:458,0
DA:459,0
DA:461,0
DA:465,0
DA:466,0
DA:467,0
DA:474,0
DA:475,0
DA:480,0
DA:481,0
DA:482,0
DA:491,0
DA:492,0
DA:493,0
DA:494,0
DA:495,0
DA:496,0
DA:497,0
DA:498,0
DA:502,0
DA:503,0
DA:504,0
DA:506,0
DA:507,0
DA:508,0
DA:510,0
DA:512,0
DA:513,0
DA:514,0
DA:515,0
DA:516,0
DA:518,0
DA:519,0
DA:520,0
DA:521,0
DA:522,0
DA:524,0
DA:525,0
DA:526,0
DA:529,0
DA:530,0
DA:531,0
DA:532,0
DA:534,0
DA:535,0
DA:539,0
DA:543,0
DA:544,0
DA:545,0
DA:546,0
DA:548,0
DA:549,0
DA:590,0
DA:591,0
DA:594,0
DA:595,0
DA:597,0
DA:600,0
DA:601,0
DA:602,0
DA:607,0
DA:608,0
DA:609,0
DA:610,0
DA:613,0
DA:614,0
DA:615,0
DA:617,0
DA:618,0
DA:619,0
DA:621,0
DA:623,0
DA:625,0
DA:626,0
DA:632,0
DA:635,0
DA:636,0
DA:651,0
DA:654,0
DA:702,0
DA:703,0
DA:704,0
DA:706,0
DA:707,0
DA:710,0
DA:711,0
DA:724,0
DA:725,0
DA:726,0
DA:738,0
DA:743,0
DA:751,0
DA:753,0
DA:758,0
DA:767,0
DA:771,0
DA:772,0
DA:774,0
DA:779,0
DA:780,0
DA:781,0
DA:783,0
DA:784,0
DA:786,0
DA:787,0
DA:788,0
DA:789,0
DA:790,0
DA:793,0
DA:794,0
DA:795,0
DA:796,0
DA:797,0
DA:799,0
DA:801,0
DA:802,0
DA:803,0
DA:804,0
DA:806,0
DA:812,0
DA:813,0
DA:814,0
DA:815,0
DA:816,0
DA:820,0
DA:821,0
DA:822,0
DA:824,0
DA:825,0
DA:826,0
DA:829,0
DA:836,0
DA:886,0
DA:887,0
DA:893,0
DA:894,0
DA:895,0
DA:896,0
DA:902,0
DA:904,0
DA:907,0
DA:908,0
DA:909,0
DA:910,0
DA:911,0
DA:912,0
DA:914,0
DA:918,0
DA:922,0
DA:923,0
DA:924,0
DA:925,0
DA:926,0
DA:927,0
DA:928,0
DA:929,0
DA:931,0
DA:932,0
DA:933,0
DA:935,0
DA:938,0
DA:944,0
DA:945,0
DA:947,0
DA:948,0
DA:949,0
DA:952,0
DA:953,0
DA:954,0
DA:957,0
DA:960,0
DA:961,0
DA:962,0
DA:963,0
DA:966,0
DA:969,0
DA:982,0
DA:985,0
DA:986,0
DA:987,0
DA:988,0
DA:990,0
DA:991,0
DA:992,0
DA:993,0
DA:994,0
DA:995,0
DA:997,0
DA:998,0
DA:1000,0
DA:1001,0
DA:1002,0
DA:1003,0
DA:1006,0
DA:1007,0
DA:1008,0
DA:1012,0
DA:1013,0
DA:1016,0
DA:1021,0
DA:1022,0
DA:1025,0
DA:1026,0
DA:1031,0
DA:1035,0
DA:1038,0
DA:1040,0
DA:1042,0
DA:1046,0
DA:1049,0
DA:1058,0
DA:1059,0
DA:1060,0
DA:1061,0
DA:1062,0
DA:1063,0
DA:1064,0
DA:1067,0
DA:1069,0
DA:1072,0
DA:1073,0
DA:1078,0
DA:1080,0
DA:1081,0
DA:1082,0
DA:1083,0
DA:1084,0
DA:1085,0
DA:1088,0
DA:1089,0
DA:1090,0
DA:1091,0
DA:1094,0
DA:1095,0
DA:1096,0
DA:1097,0
DA:1098,0
DA:1099,0
DA:1102,0
DA:1103,0
DA:1104,0
DA:1105,0
DA:1108,0
DA:1109,0
DA:1110,0
DA:1113,0
DA:1114,0
DA:1116,0
DA:1117,0
DA:1120,0
DA:1121,0
DA:1122,0
DA:1123,0
DA:1124,0
DA:1126,0
DA:1127,0
DA:1131,0
DA:1140,0
DA:1166,0
DA:1167,0
DA:1168,0
DA:1169,0
DA:1170,0
DA:1175,0
DA:1176,0
DA:1177,0
DA:1179,0
DA:1180,0
DA:1181,0
DA:1182,0
DA:1216,0
DA:1224,0
DA:1225,0
DA:1226,0
DA:1284,0
DA:1286,0
DA:1299,0
DA:1300,0
DA:1301,0
DA:1304,0
DA:1305,0
DA:1306,0
DA:1359,0
DA:1375,0
DA:1383,0
DA:1405,0
DA:1417,0
DA:1428,0
DA:1444,0
DA:1448,0
DA:1458,0
DA:1462,0
DA:1472,0
DA:1476,0
DA:1486,0
DA:1490,0
DA:1507,0
DA:1518,0
DA:1528,0
DA:1532,0
DA:1543,0
DA:1553,0
DA:1564,0
DA:1581,0
DA:1585,0
DA:1595,0
DA:1599,0
DA:1610,0
DA:1620,0
DA:1624,0
DA:1640,0
DA:1651,0
DA:1662,0
DA:1666,0
DA:1683,0
DA:1696,0
DA:1712,0
DA:1723,0
DA:1734,0
DA:1745,0
DA:1756,0
DA:1760,0
DA:1805,0
DA:1848,0
DA:1878,0
DA:1903,0
DA:1906,0
DA:1913,0
DA:1950,0
DA:1956,0
DA:1983,0
DA:1984,0
DA:1985,0
DA:1993,0
DA:1996,0
DA:2004,0
DA:2005,0
DA:2007,0
DA:2008,0
DA:2009,0
DA:2012,0
DA:2013,0
DA:2014,0
DA:2016,0
DA:2017,0
DA:2018,0
DA:2019,0
DA:2020,0
DA:2021,0
DA:2023,0
DA:2024,0
DA:2026,0
DA:2027,0
DA:2028,0
DA:2029,0
DA:2032,0
DA:2033,0
DA:2034,0
DA:2037,0
DA:2038,0
DA:2041,0
DA:2042,0
LF:436
LH:0
BRDA:389,0,0,0
BRDA:389,0,1,0
BRDA:397,1,0,0
BRDA:397,1,1,0
BRDA:403,2,0,0
BRDA:403,2,1,0
BRDA:406,3,0,0
BRDA:406,3,1,0
BRDA:406,4,0,0
BRDA:406,4,1,0
BRDA:459,5,0,0
BRDA:459,5,1,0
BRDA:474,6,0,0
BRDA:474,6,1,0
BRDA:474,7,0,0
BRDA:474,7,1,0
BRDA:504,8,0,0
BRDA:504,8,1,0
BRDA:506,9,0,0
BRDA:506,9,1,0
BRDA:506,10,0,0
BRDA:506,10,1,0
BRDA:522,11,0,0
BRDA:522,11,1,0
BRDA:552,12,0,0
BRDA:552,12,1,0
BRDA:553,13,0,0
BRDA:553,13,1,0
BRDA:554,14,0,0
BRDA:554,14,1,0
BRDA:555,15,0,0
BRDA:555,15,1,0
BRDA:556,16,0,0
BRDA:556,16,1,0
BRDA:557,17,0,0
BRDA:557,17,1,0
BRDA:560,18,0,0
BRDA:560,18,1,0
BRDA:561,19,0,0
BRDA:561,19,1,0
BRDA:562,20,0,0
BRDA:562,20,1,0
BRDA:563,21,0,0
BRDA:563,21,1,0
BRDA:566,22,0,0
BRDA:566,22,1,0
BRDA:567,23,0,0
BRDA:567,23,1,0
BRDA:568,24,0,0
BRDA:568,24,1,0
BRDA:569,25,0,0
BRDA:569,25,1,0
BRDA:570,26,0,0
BRDA:570,26,1,0
BRDA:571,27,0,0
BRDA:571,27,1,0
BRDA:574,28,0,0
BRDA:574,28,1,0
BRDA:575,29,0,0
BRDA:575,29,1,0
BRDA:576,30,0,0
BRDA:576,30,1,0
BRDA:577,31,0,0
BRDA:577,31,1,0
BRDA:580,32,0,0
BRDA:580,32,1,0
BRDA:581,33,0,0
BRDA:581,33,1,0
BRDA:582,34,0,0
BRDA:582,34,1,0
BRDA:585,35,0,0
BRDA:585,35,1,0
BRDA:586,36,0,0
BRDA:586,36,1,0
BRDA:590,37,0,0
BRDA:590,37,1,0
BRDA:590,38,0,0
BRDA:590,38,1,0
BRDA:601,39,0,0
BRDA:601,39,1,0
BRDA:608,40,0,0
BRDA:608,40,1,0
BRDA:608,41,0,0
BRDA:608,41,1,0
BRDA:651,42,0,0
BRDA:651,42,1,0
BRDA:655,43,0,0
BRDA:655,43,1,0
BRDA:718,44,0,0
BRDA:718,44,1,0
BRDA:719,45,0,0
BRDA:719,45,1,0
BRDA:720,46,0,0
BRDA:720,46,1,0
BRDA:720,47,0,0
BRDA:720,47,1,0
BRDA:720,48,0,0
BRDA:720,48,1,0
BRDA:786,49,0,0
BRDA:786,49,1,0
BRDA:794,50,0,0
BRDA:794,50,1,0
BRDA:795,51,0,0
BRDA:795,51,1,0
BRDA:801,52,0,0
BRDA:801,52,1,0
BRDA:815,53,0,0
BRDA:815,53,1,0
BRDA:815,54,0,0
BRDA:815,54,1,0
BRDA:815,54,2,0
BRDA:820,55,0,0
BRDA:820,55,1,0
BRDA:893,56,0,0
BRDA:893,56,1,0
BRDA:902,57,0,0
BRDA:902,57,1,0
BRDA:908,58,0,0
BRDA:908,58,1,0
BRDA:924,59,0,0
BRDA:924,59,1,0
BRDA:924,60,0,0
BRDA:924,60,1,0
BRDA:932,61,0,0
BRDA:932,61,1,0
BRDA:947,62,0,0
BRDA:947,62,1,0
BRDA:962,63,0,0
BRDA:962,63,1,0
BRDA:973,64,0,0
BRDA:973,64,1,0
BRDA:976,65,0,0
BRDA:976,65,1,0
BRDA:979,66,0,0
BRDA:979,66,1,0
BRDA:1001,67,0,0
BRDA:1001,67,1,0
BRDA:1021,68,0,0
BRDA:1021,68,1,0
BRDA:1025,69,0,0
BRDA:1025,69,1,0
BRDA:1040,70,0,0
BRDA:1040,70,1,0
BRDA:1126,71,0,0
BRDA:1126,71,1,0
BRDA:1141,72,0,0
BRDA:1141,72,1,0
BRDA:1144,73,0,0
BRDA:1144,73,1,0
BRDA:1150,74,0,0
BRDA:1150,74,1,0
BRDA:1169,75,0,0
BRDA:1169,75,1,0
BRDA:1175,76,0,0
BRDA:1175,76,1,0
BRDA:1175,77,0,0
BRDA:1175,77,1,0
BRDA:1177,78,0,0
BRDA:1177,78,1,0
BRDA:1177,79,0,0
BRDA:1177,79,1,0
BRDA:1180,80,0,0
BRDA:1180,80,1,0
BRDA:1182,81,0,0
BRDA:1182,81,1,0
BRDA:1188,82,0,0
BRDA:1188,82,1,0
BRDA:1189,83,0,0
BRDA:1189,83,1,0
BRDA:1190,84,0,0
BRDA:1190,84,1,0
BRDA:1194,85,0,0
BRDA:1194,85,1,0
BRDA:1195,86,0,0
BRDA:1195,86,1,0
BRDA:1195,87,0,0
BRDA:1195,87,1,0
BRDA:1198,88,0,0
BRDA:1198,88,1,0
BRDA:1201,89,0,0
BRDA:1201,89,1,0
BRDA:1204,90,0,0
BRDA:1204,90,1,0
BRDA:1206,91,0,0
BRDA:1206,91,1,0
BRDA:1218,92,0,0
BRDA:1218,92,1,0
BRDA:1221,93,0,0
BRDA:1221,93,1,0
BRDA:1222,94,0,0
BRDA:1222,94,1,0
BRDA:1230,95,0,0
BRDA:1230,95,1,0
BRDA:1233,96,0,0
BRDA:1233,96,1,0
BRDA:1234,97,0,0
BRDA:1234,97,1,0
BRDA:1251,98,0,0
BRDA:1251,98,1,0
BRDA:1314,99,0,0
BRDA:1314,99,1,0
BRDA:1347,100,0,0
BRDA:1347,100,1,0
BRDA:1350,101,0,0
BRDA:1350,101,1,0
BRDA:1352,102,0,0
BRDA:1352,102,1,0
BRDA:1354,103,0,0
BRDA:1354,103,1,0
BRDA:1374,104,0,0
BRDA:1374,104,1,0
BRDA:1382,105,0,0
BRDA:1382,105,1,0
BRDA:1393,106,0,0
BRDA:1393,106,1,0
BRDA:1709,107,0,0
BRDA:1709,107,1,0
BRDA:1750,108,0,0
BRDA:1750,108,1,0
BRDA:1774,109,0,0
BRDA:1774,109,1,0
BRDA:1775,110,0,0
BRDA:1775,110,1,0
BRDA:1777,111,0,0
BRDA:1777,111,1,0
BRDA:1787,112,0,0
BRDA:1787,112,1,0
BRDA:1829,113,0,0
BRDA:1829,113,1,0
BRDA:1829,113,2,0
BRDA:1857,114,0,0
BRDA:1857,114,1,0
BRDA:1858,115,0,0
BRDA:1858,115,1,0
BRDA:1865,116,0,0
BRDA:1865,116,1,0
BRDA:1873,117,0,0
BRDA:1873,117,1,0
BRDA:1873,117,2,0
BRDA:1881,118,0,0
BRDA:1881,118,1,0
BRDA:1882,119,0,0
BRDA:1882,119,1,0
BRDA:1888,120,0,0
BRDA:1888,120,1,0
BRDA:1898,121,0,0
BRDA:1898,121,1,0
BRDA:1924,122,0,0
BRDA:1924,122,1,0
BRDA:1925,123,0,0
BRDA:1925,123,1,0
BRDA:1927,124,0,0
BRDA:1927,124,1,0
BRDA:1938,125,0,0
BRDA:1938,125,1,0
BRDA:1945,126,0,0
BRDA:1945,126,1,0
BRDA:1945,126,2,0
BRDA:1949,127,0,0
BRDA:1949,127,1,0
BRDA:1955,128,0,0
BRDA:1955,128,1,0
BRDA:1963,129,0,0
BRDA:1963,129,1,0
BRDA:1983,130,0,0
BRDA:1983,130,1,0
BRDA:2005,131,0,0
BRDA:2005,131,1,0
BRDA:2005,132,0,0
BRDA:2005,132,1,0
BRDA:2007,133,0,0
BRDA:2007,133,1,0
BRDA:2027,134,0,0
BRDA:2027,134,1,0
BRDA:2037,135,0,0
BRDA:2037,135,1,0
BRDA:2037,135,2,0
BRDA:2037,136,0,0
BRDA:2037,136,1,0
BRF:279
BRH:0
end_of_record
TN:
SF:src/components/UploadTab.js
FN:7,UploadTab
FN:12,(anonymous_1)
FN:32,(anonymous_2)
FN:33,(anonymous_3)
FN:79,(anonymous_4)
FNF:5
FNH:0
FNDA:0,UploadTab
FNDA:0,(anonymous_1)
FNDA:0,(anonymous_2)
FNDA:0,(anonymous_3)
FNDA:0,(anonymous_4)
DA:8,0
DA:9,0
DA:10,0
DA:12,0
DA:13,0
DA:14,0
DA:15,0
DA:17,0
DA:18,0
DA:19,0
DA:21,0
DA:23,0
DA:28,0
DA:29,0
DA:32,0
DA:33,0
DA:35,0
DA:80,0
LF:18
LH:0
BRDA:13,0,0,0
BRDA:13,0,1,0
BRDA:28,1,0,0
BRDA:48,2,0,0
BRDA:48,2,1,0
BRDA:62,3,0,0
BRDA:62,3,1,0
BRDA:68,4,0,0
BRDA:68,4,1,0
BRDA:73,5,0,0
BRDA:73,5,1,0
BRF:11
BRH:0
end_of_record
TN:
SF:src/components/common/Alert.js
FN:13,(anonymous_0)
FNF:1
FNH:0
FNDA:0,(anonymous_0)
DA:13,0
DA:21,0
DA:28,0
LF:3
LH:0
BRDA:14,0,0,0
BRDA:17,1,0,0
BRDA:34,2,0,0
BRDA:34,2,1,0
BRDA:37,3,0,0
BRDA:37,3,1,0
BRF:6
BRH:0
end_of_record
TN:
SF:src/components/common/AskLuminaPopup.js
FN:5,(anonymous_0)
FN:10,(anonymous_1)
FN:21,(anonymous_2)
FN:39,(anonymous_3)
FN:49,(anonymous_4)
FN:54,(anonymous_5)
FN:137,(anonymous_6)
FN:138,(anonymous_7)
FN:179,(anonymous_8)
FN:265,(anonymous_9)
FN:277,(anonymous_10)
FN:278,(anonymous_11)
FN:309,(anonymous_12)
FN:314,(anonymous_13)
FNF:14
FNH:1
FNDA:7,(anonymous_0)
FNDA:0,(anonymous_1)
FNDA:0,(anonymous_2)
FNDA:0,(anonymous_3)
FNDA:0,(anonymous_4)
FNDA:0,(anonymous_5)
FNDA:0,(anonymous_6)
FNDA:0,(anonymous_7)
FNDA:0,(anonymous_8)
FNDA:0,(anonymous_9)
FNDA:0,(anonymous_10)
FNDA:0,(anonymous_11)
FNDA:0,(anonymous_12)
FNDA:0,(anonymous_13)
DA:5,1
DA:6,7
DA:7,7
DA:8,7
DA:10,7
DA:11,0
DA:12,0
DA:14,0
DA:21,0
DA:22,0
DA:23,0
DA:25,0
DA:27,0
DA:32,0
DA:39,0
DA:40,0
DA:42,0
DA:43,0
DA:49,0
DA:50,0
DA:54,7
DA:55,0
DA:56,0
DA:59,7
DA:61,6
DA:137,0
DA:138,0
DA:180,0
DA:265,0
DA:277,0
DA:278,0
DA:310,0
DA:311,0
DA:315,0
LF:34
LH:8
BRDA:5,0,0,0
BRDA:12,1,0,0
BRDA:12,1,1,0
BRDA:12,2,0,0
BRDA:12,2,1,0
BRDA:29,3,0,0
BRDA:29,3,1,0
BRDA:59,4,0,1
BRDA:59,4,1,6
BRDA:145,5,0,6
BRDA:145,5,1,1
BRDA:164,6,0,6
BRDA:164,6,1,0
BRDA:184,7,0,0
BRDA:184,7,1,0
BRDA:193,8,0,0
BRDA:193,8,1,0
BRDA:194,9,0,0
BRDA:194,9,1,0
BRDA:202,10,0,0
BRDA:202,10,1,0
BRDA:205,11,0,0
BRDA:205,11,1,0
BRDA:206,12,0,0
BRDA:206,12,1,0
BRDA:217,13,0,0
BRDA:217,13,1,0
BRDA:293,14,0,6
BRDA:293,14,1,0
BRDA:302,15,0,0
BRDA:302,15,1,6
BRDA:302,16,0,6
BRDA:302,16,1,0
BRDA:303,17,0,0
BRDA:303,17,1,6
BRDA:303,18,0,6
BRDA:303,18,1,0
BRDA:310,19,0,0
BRDA:310,19,1,0
BRDA:310,20,0,0
BRDA:310,20,1,0
BRDA:323,21,0,6
BRDA:323,21,1,0
BRF:43
BRH:11
end_of_record
TN:
SF:src/components/common/BackgroundJobs.js
FN:6,(anonymous_0)
FN:17,(anonymous_1)
FN:28,(anonymous_2)
FN:108,(anonymous_3)
FN:136,(anonymous_4)
FN:142,(anonymous_5)
FN:205,(anonymous_6)
FN:232,(anonymous_7)
FN:244,(anonymous_8)
FN:248,(anonymous_9)
FN:297,(anonymous_10)
FN:341,(anonymous_11)
FN:356,(anonymous_12)
FN:360,(anonymous_13)
FN:391,(anonymous_14)
FN:396,(anonymous_15)
FNF:16
FNH:0
FNDA:0,(anonymous_0)
FNDA:0,(anonymous_1)
FNDA:0,(anonymous_2)
FNDA:0,(anonymous_3)
FNDA:0,(anonymous_4)
FNDA:0,(anonymous_5)
FNDA:0,(anonymous_6)
FNDA:0,(anonymous_7)
FNDA:0,(anonymous_8)
FNDA:0,(anonymous_9)
FNDA:0,(anonymous_10)
FNDA:0,(anonymous_11)
FNDA:0,(anonymous_12)
FNDA:0,(anonymous_13)
FNDA:0,(anonymous_14)
FNDA:0,(anonymous_15)
DA:6,0
DA:7,0
DA:8,0
DA:11,0
DA:12,0
DA:15,0
DA:17,0
DA:18,0
DA:19,0
DA:20,0
DA:22,0
DA:23,0
DA:25,0
DA:28,0
DA:29,0
DA:30,0
DA:31,0
DA:33,0
DA:34,0
DA:35,0
DA:36,0
DA:37,0
DA:38,0
DA:39,0
DA:41,0
DA:42,0
DA:43,0
DA:44,0
DA:46,0
DA:47,0
DA:48,0
DA:49,0
DA:51,0
DA:52,0
DA:53,0
DA:54,0
DA:58,0
DA:60,0
DA:61,0
DA:62,0
DA:65,0
DA:66,0
DA:67,0
DA:68,0
DA:69,0
DA:70,0
DA:73,0
DA:75,0
DA:78,0
DA:79,0
DA:80,0
DA:81,0
DA:84,0
DA:85,0
DA:86,0
DA:89,0
DA:91,0
DA:94,0
DA:95,0
DA:99,0
DA:108,0
DA:137,0
DA:138,0
DA:139,0
DA:143,0
DA:144,0
DA:145,0
DA:206,0
DA:232,0
DA:245,0
DA:246,0
DA:249,0
DA:250,0
DA:298,0
DA:341,0
DA:357,0
DA:358,0
DA:361,0
DA:362,0
DA:392,0
DA:393,0
DA:394,0
DA:397,0
DA:398,0
DA:399,0
LF:85
LH:0
BRDA:11,0,0,0
BRDA:11,0,1,0
BRDA:11,1,0,0
BRDA:11,1,1,0
BRDA:18,2,0,0
BRDA:18,2,1,0
BRDA:22,3,0,0
BRDA:22,3,1,0
BRDA:33,4,0,0
BRDA:33,4,1,0
BRDA:34,5,0,0
BRDA:34,5,1,0
BRDA:34,6,0,0
BRDA:34,6,1,0
BRDA:37,7,0,0
BRDA:37,7,1,0
BRDA:37,8,0,0
BRDA:37,8,1,0
BRDA:37,8,2,0
BRDA:38,9,0,0
BRDA:38,9,1,0
BRDA:38,10,0,0
BRDA:38,10,1,0
BRDA:41,11,0,0
BRDA:41,11,1,0
BRDA:42,12,0,0
BRDA:42,12,1,0
BRDA:42,13,0,0
BRDA:42,13,1,0
BRDA:44,14,0,0
BRDA:44,14,1,0
BRDA:46,15,0,0
BRDA:46,15,1,0
BRDA:47,16,0,0
BRDA:47,16,1,0
BRDA:47,17,0,0
BRDA:47,17,1,0
BRDA:47,17,2,0
BRDA:48,18,0,0
BRDA:48,18,1,0
BRDA:48,19,0,0
BRDA:48,19,1,0
BRDA:51,20,0,0
BRDA:51,20,1,0
BRDA:52,21,0,0
BRDA:52,21,1,0
BRDA:52,22,0,0
BRDA:52,22,1,0
BRDA:58,23,0,0
BRDA:58,23,1,0
BRDA:58,24,0,0
BRDA:58,24,1,0
BRDA:79,25,0,0
BRDA:79,25,1,0
BRDA:102,26,0,0
BRDA:102,26,1,0
BRDA:126,27,0,0
BRDA:126,27,1,0
BRDA:131,28,0,0
BRDA:131,28,1,0
BRDA:137,29,0,0
BRDA:137,29,1,0
BRDA:143,30,0,0
BRDA:143,30,1,0
BRDA:166,31,0,0
BRDA:166,31,1,0
BRDA:172,32,0,0
BRDA:172,32,1,0
BRDA:186,33,0,0
BRDA:186,33,1,0
BRDA:264,34,0,0
BRDA:264,34,1,0
BRDA:278,35,0,0
BRDA:278,35,1,0
BRDA:299,36,0,0
BRDA:299,36,1,0
BRDA:302,37,0,0
BRDA:302,37,1,0
BRDA:320,38,0,0
BRDA:320,38,1,0
BRDA:324,39,0,0
BRDA:324,39,1,0
BRDA:326,40,0,0
BRDA:326,40,1,0
BRDA:339,41,0,0
BRDA:339,41,1,0
BRDA:375,42,0,0
BRDA:375,42,1,0
BRF:88
BRH:0
end_of_record
TN:
SF:src/components/common/Button.js
FN:18,(anonymous_0)
FNF:1
FNH:1
FNDA:12,(anonymous_0)
DA:18,1
DA:31,12
DA:32,12
DA:34,12
LF:4
LH:4
BRDA:19,0,0,9
BRDA:20,1,0,12
BRDA:21,2,0,10
BRDA:22,3,0,10
BRDA:23,4,0,11
BRDA:24,5,0,12
BRDA:28,6,0,11
BRDA:31,7,0,0
BRDA:31,7,1,12
BRDA:31,8,0,0
BRDA:31,8,1,12
BRDA:32,9,0,12
BRDA:32,9,1,10
BRDA:37,10,0,2
BRDA:37,10,1,10
BRDA:39,11,0,8
BRDA:39,11,1,4
BRDA:43,12,0,12
BRDA:43,12,1,0
BRDA:43,12,2,0
BRF:20
BRH:16
end_of_record
TN:
SF:src/components/common/Card.js
FN:16,(anonymous_0)
FNF:1
FNH:0
FNDA:0,(anonymous_0)
DA:16,0
DA:26,0
LF:2
LH:0
BRDA:22,0,0,0
BRDA:23,1,0,0
BRDA:24,2,0,0
BRDA:27,3,0,0
BRDA:27,3,1,0
BRDA:28,4,0,0
BRDA:28,4,1,0
BRDA:28,4,2,0
BRDA:30,5,0,0
BRDA:30,5,1,0
BRDA:32,6,0,0
BRDA:32,6,1,0
BRDA:33,7,0,0
BRDA:33,7,1,0
BRDA:41,8,0,0
BRDA:41,8,1,0
BRF:16
BRH:0
end_of_record
TN:
SF:src/components/common/DocumentViewer.js
FN:3,(anonymous_0)
FN:33,(anonymous_1)
FNF:2
FNH:0
FNDA:0,(anonymous_0)
FNDA:0,(anonymous_1)
DA:3,0
DA:4,0
DA:5,0
DA:33,0
LF:4
LH:0
BRDA:4,0,0,0
BRDA:4,0,1,0
BRDA:31,1,0,0
BRDA:31,1,1,0
BRDA:33,2,0,0
BRDA:33,2,1,0
BRF:6
BRH:0
end_of_record
TN:
SF:src/components/common/FileUpload.js
FN:4,FileUpload
FN:7,(anonymous_1)
FNF:2
FNH:0
FNDA:0,FileUpload
FNDA:0,(anonymous_1)
DA:5,0
DA:7,0
DA:8,0
DA:9,0
DA:11,0
DA:12,0
DA:14,0
DA:15,0
DA:16,0
DA:17,0
DA:21,0
DA:23,0
DA:28,0
DA:29,0
DA:33,0
LF:15
LH:0
BRDA:9,0,0,0
BRDA:9,0,1,0
BRDA:14,1,0,0
BRDA:14,1,1,0
BRDA:14,2,0,0
BRDA:14,2,1,0
BRDA:16,3,0,0
BRDA:16,3,1,0
BRDA:45,4,0,0
BRDA:45,4,1,0
BRF:10
BRH:0
end_of_record
TN:
SF:src/components/common/FloatingButton.js
FN:3,(anonymous_0)
FN:12,(anonymous_1)
FN:27,(anonymous_2)
FN:84,(anonymous_3)
FN:93,(anonymous_4)
FN:102,(anonymous_5)
FN:106,(anonymous_6)
FN:119,(anonymous_7)
FN:123,(anonymous_8)
FNF:9
FNH:9
FNDA:20,(anonymous_0)
FNDA:20,(anonymous_1)
FNDA:20,(anonymous_2)
FNDA:1,(anonymous_3)
FNDA:1,(anonymous_4)
FNDA:1,(anonymous_5)
FNDA:1,(anonymous_6)
FNDA:1,(anonymous_7)
FNDA:1,(anonymous_8)
DA:3,1
DA:12,20
DA:13,20
DA:15,17
DA:17,1
DA:19,1
DA:21,1
DA:23,0
DA:27,20
DA:28,20
DA:30,18
DA:37,1
DA:44,1
DA:51,0
DA:60,20
DA:84,20
DA:85,1
DA:86,1
DA:93,20
DA:94,1
DA:95,1
DA:102,20
DA:103,1
DA:106,20
DA:107,1
DA:110,20
DA:120,1
DA:121,1
DA:124,1
LF:29
LH:27
BRDA:7,0,0,17
BRDA:8,1,0,19
BRDA:9,2,0,19
BRDA:10,3,0,18
BRDA:13,4,0,17
BRDA:13,4,1,1
BRDA:13,4,2,1
BRDA:13,4,3,1
BRDA:13,4,4,0
BRDA:28,5,0,18
BRDA:28,5,1,1
BRDA:28,5,2,1
BRDA:28,5,3,0
BRDA:86,6,0,1
BRDA:86,6,1,0
BRDA:88,7,0,0
BRDA:88,7,1,0
BRDA:95,8,0,1
BRDA:95,8,1,0
BRDA:97,9,0,0
BRDA:97,9,1,0
BRDA:127,10,0,20
BRDA:127,10,1,19
BRF:23
BRH:15
end_of_record
TN:
SF:src/components/common/LoadingSpinner.js
FN:12,(anonymous_0)
FNF:1
FNH:0
FNDA:0,(anonymous_0)
DA:12,0
DA:18,0
DA:24,0
DA:30,0
DA:39,0
DA:47,0
DA:48,0
DA:56,0
DA:57,0
DA:65,0
LF:10
LH:0
BRDA:13,0,0,0
BRDA:14,1,0,0
BRDA:16,2,0,0
BRDA:47,3,0,0
BRDA:47,3,1,0
BRDA:51,4,0,0
BRDA:51,4,1,0
BRDA:56,5,0,0
BRDA:56,5,1,0
BRF:9
BRH:0
end_of_record
TN:
SF:src/components/common/ResultsChart.js
FN:3,(anonymous_0)
FN:16,(anonymous_1)
FN:17,(anonymous_2)
FN:38,(anonymous_3)
FN:55,(anonymous_4)
FN:68,(anonymous_5)
FN:113,(anonymous_6)
FN:119,(anonymous_7)
FNF:8
FNH:0
FNDA:0,(anonymous_0)
FNDA:0,(anonymous_1)
FNDA:0,(anonymous_2)
FNDA:0,(anonymous_3)
FNDA:0,(anonymous_4)
FNDA:0,(anonymous_5)
FNDA:0,(anonymous_6)
FNDA:0,(anonymous_7)
DA:3,1
DA:4,0
DA:5,0
DA:8,0
DA:11,0
DA:16,0
DA:17,0
DA:19,0
DA:20,0
DA:22,0
DA:25,0
DA:27,0
DA:28,0
DA:30,0
DA:33,0
DA:34,0
DA:35,0
DA:38,0
DA:39,0
DA:40,0
DA:43,0
DA:44,0
DA:45,0
DA:46,0
DA:47,0
DA:49,0
DA:56,0
DA:57,0
DA:58,0
DA:69,0
DA:70,0
DA:71,0
DA:73,0
DA:113,0
DA:114,0
DA:119,0
DA:120,0
DA:130,0
LF:38
LH:1
BRDA:4,0,0,0
BRDA:4,0,1,0
BRDA:4,1,0,0
BRDA:4,1,1,0
BRDA:8,2,0,0
BRDA:8,2,1,0
BRDA:19,3,0,0
BRDA:19,3,1,0
BRDA:20,4,0,0
BRDA:20,4,1,0
BRDA:22,5,0,0
BRDA:22,5,1,0
BRDA:25,6,0,0
BRDA:25,6,1,0
BRDA:27,7,0,0
BRDA:27,7,1,0
BRDA:28,8,0,0
BRDA:28,8,1,0
BRDA:39,9,0,0
BRDA:39,9,1,0
BRDA:39,10,0,0
BRDA:39,10,1,0
BRDA:69,11,0,0
BRDA:69,11,1,0
BRDA:69,12,0,0
BRDA:69,12,1,0
BRDA:137,13,0,0
BRDA:137,13,1,0
BRF:28
BRH:0
end_of_record
TN:
SF:src/components/common/ResultsChat.js
FN:5,(anonymous_0)
FN:12,(anonymous_1)
FN:18,(anonymous_2)
FN:25,(anonymous_3)
FN:32,(anonymous_4)
FN:42,(anonymous_5)
FN:56,(anonymous_6)
FN:66,(anonymous_7)
FN:73,(anonymous_8)
FN:74,(anonymous_9)
FN:93,(anonymous_10)
FN:94,(anonymous_11)
FN:105,(anonymous_12)
FN:111,(anonymous_13)
FN:127,(anonymous_14)
FN:130,(anonymous_15)
FN:138,(anonymous_16)
FN:148,(anonymous_17)
FN:152,(anonymous_18)
FN:154,(anonymous_19)
FN:172,(anonymous_20)
FN:193,(anonymous_21)
FN:196,(anonymous_22)
FNF:23
FNH:0
FNDA:0,(anonymous_0)
FNDA:0,(anonymous_1)
FNDA:0,(anonymous_2)
FNDA:0,(anonymous_3)
FNDA:0,(anonymous_4)
FNDA:0,(anonymous_5)
FNDA:0,(anonymous_6)
FNDA:0,(anonymous_7)
FNDA:0,(anonymous_8)
FNDA:0,(anonymous_9)
FNDA:0,(anonymous_10)
FNDA:0,(anonymous_11)
FNDA:0,(anonymous_12)
FNDA:0,(anonymous_13)
FNDA:0,(anonymous_14)
FNDA:0,(anonymous_15)
FNDA:0,(anonymous_16)
FNDA:0,(anonymous_17)
FNDA:0,(anonymous_18)
FNDA:0,(anonymous_19)
FNDA:0,(anonymous_20)
FNDA:0,(anonymous_21)
FNDA:0,(anonymous_22)
DA:5,0
DA:6,0
DA:12,0
DA:13,0
DA:18,0
DA:19,0
DA:25,0
DA:26,0
DA:27,0
DA:28,0
DA:29,0
DA:32,0
DA:33,0
DA:34,0
DA:36,0
DA:37,0
DA:38,0
DA:40,0
DA:41,0
DA:42,0
DA:54,0
DA:55,0
DA:56,0
DA:63,0
DA:66,0
DA:67,0
DA:69,0
DA:70,0
DA:71,0
DA:73,0
DA:74,0
DA:75,0
DA:77,0
DA:79,0
DA:80,0
DA:82,0
DA:85,0
DA:86,0
DA:88,0
DA:93,0
DA:94,0
DA:95,0
DA:99,0
DA:105,0
DA:106,0
DA:107,0
DA:111,0
DA:112,0
DA:113,0
DA:115,0
DA:116,0
DA:117,0
DA:118,0
DA:119,0
DA:121,0
DA:122,0
DA:127,0
DA:129,0
DA:130,0
DA:132,0
DA:136,0
DA:138,0
DA:148,0
DA:153,0
DA:155,0
DA:173,0
DA:193,0
DA:197,0
DA:198,0
DA:199,0
LF:70
LH:0
BRDA:33,0,0,0
BRDA:33,0,1,0
BRDA:33,1,0,0
BRDA:33,1,1,0
BRDA:40,2,0,0
BRDA:40,2,1,0
BRDA:44,3,0,0
BRDA:44,3,1,0
BRDA:45,4,0,0
BRDA:45,4,1,0
BRDA:47,5,0,0
BRDA:47,5,1,0
BRDA:48,6,0,0
BRDA:48,6,1,0
BRDA:49,7,0,0
BRDA:49,7,1,0
BRDA:50,8,0,0
BRDA:50,8,1,0
BRDA:51,9,0,0
BRDA:51,9,1,0
BRDA:52,10,0,0
BRDA:52,10,1,0
BRDA:54,11,0,0
BRDA:54,11,1,0
BRDA:58,12,0,0
BRDA:58,12,1,0
BRDA:59,13,0,0
BRDA:59,13,1,0
BRDA:67,14,0,0
BRDA:67,14,1,0
BRDA:67,15,0,0
BRDA:67,15,1,0
BRDA:77,16,0,0
BRDA:77,16,1,0
BRDA:77,17,0,0
BRDA:77,17,1,0
BRDA:95,18,0,0
BRDA:95,18,1,0
BRDA:106,19,0,0
BRDA:106,19,1,0
BRDA:113,20,0,0
BRDA:113,20,1,0
BRDA:113,21,0,0
BRDA:113,21,1,0
BRDA:174,22,0,0
BRDA:174,22,1,0
BRDA:178,23,0,0
BRDA:178,23,1,0
BRDA:181,24,0,0
BRDA:181,24,1,0
BRDA:197,25,0,0
BRDA:197,25,1,0
BRDA:197,26,0,0
BRDA:197,26,1,0
BRDA:203,27,0,0
BRDA:203,27,1,0
BRF:56
BRH:0
end_of_record
TN:
SF:src/components/common/SideNav.js
FN:17,(anonymous_0)
FNF:1
FNH:0
FNDA:0,(anonymous_0)
DA:17,0
DA:18,0
DA:20,0
LF:3
LH:0
BRF:0
BRH:0
end_of_record
TN:
SF:src/components/common/index.js
FNF:0
FNH:0
LF:0
LH:0
BRF:0
BRH:0
end_of_record
TN:
SF:src/components/icons/MedicalIcons.js
FN:12,(anonymous_0)
FN:19,(anonymous_1)
FN:27,(anonymous_2)
FN:34,(anonymous_3)
FN:45,(anonymous_4)
FN:51,(anonymous_5)
FN:65,(anonymous_6)
FN:72,(anonymous_7)
FN:79,(anonymous_8)
FN:88,(anonymous_9)
FN:96,(anonymous_10)
FN:103,(anonymous_11)
FN:111,(anonymous_12)
FN:119,(anonymous_13)
FN:126,(anonymous_14)
FN:135,(anonymous_15)
FN:141,(anonymous_16)
FN:147,(anonymous_17)
FN:154,(anonymous_18)
FN:162,(anonymous_19)
FN:169,(anonymous_20)
FN:176,(anonymous_21)
FN:183,(anonymous_22)
FN:191,(anonymous_23)
FN:197,(anonymous_24)
FN:205,(anonymous_25)
FN:211,(anonymous_26)
FN:218,(anonymous_27)
FN:225,(anonymous_28)
FN:232,(anonymous_29)
FN:238,(anonymous_30)
FN:245,(anonymous_31)
FN:251,(anonymous_32)
FN:259,(anonymous_33)
FNF:34
FNH:0
FNDA:0,(anonymous_0)
FNDA:0,(anonymous_1)
FNDA:0,(anonymous_2)
FNDA:0,(anonymous_3)
FNDA:0,(anonymous_4)
FNDA:0,(anonymous_5)
FNDA:0,(anonymous_6)
FNDA:0,(anonymous_7)
FNDA:0,(anonymous_8)
FNDA:0,(anonymous_9)
FNDA:0,(anonymous_10)
FNDA:0,(anonymous_11)
FNDA:0,(anonymous_12)
FNDA:0,(anonymous_13)
FNDA:0,(anonymous_14)
FNDA:0,(anonymous_15)
FNDA:0,(anonymous_16)
FNDA:0,(anonymous_17)
FNDA:0,(anonymous_18)
FNDA:0,(anonymous_19)
FNDA:0,(anonymous_20)
FNDA:0,(anonymous_21)
FNDA:0,(anonymous_22)
FNDA:0,(anonymous_23)
FNDA:0,(anonymous_24)
FNDA:0,(anonymous_25)
FNDA:0,(anonymous_26)
FNDA:0,(anonymous_27)
FNDA:0,(anonymous_28)
FNDA:0,(anonymous_29)
FNDA:0,(anonymous_30)
FNDA:0,(anonymous_31)
FNDA:0,(anonymous_32)
FNDA:0,(anonymous_33)
DA:4,1
DA:12,1
DA:13,0
DA:19,1
DA:20,0
DA:27,1
DA:28,0
DA:34,1
DA:35,0
DA:45,1
DA:46,0
DA:51,1
DA:52,0
DA:65,1
DA:66,0
DA:72,1
DA:73,0
DA:79,1
DA:80,0
DA:88,1
DA:89,0
DA:96,1
DA:97,0
DA:103,1
DA:104,0
DA:111,1
DA:112,0
DA:119,1
DA:120,0
DA:126,1
DA:127,0
DA:135,1
DA:136,0
DA:141,1
DA:142,0
DA:147,1
DA:148,0
DA:154,1
DA:155,0
DA:162,1
DA:163,0
DA:169,1
DA:170,0
DA:176,1
DA:177,0
DA:183,1
DA:184,0
DA:191,1
DA:192,0
DA:197,1
DA:198,0
DA:205,1
DA:206,0
DA:211,1
DA:212,0
DA:218,1
DA:219,0
DA:225,1
DA:226,0
DA:232,1
DA:233,0
DA:238,1
DA:239,0
DA:245,1
DA:246,0
DA:251,1
DA:252,0
DA:259,1
DA:260,0
DA:266,1
LF:70
LH:36
BRDA:12,0,0,0
BRDA:12,1,0,0
BRDA:19,2,0,0
BRDA:19,3,0,0
BRDA:27,4,0,0
BRDA:27,5,0,0
BRDA:34,6,0,0
BRDA:34,7,0,0
BRDA:45,8,0,0
BRDA:45,9,0,0
BRDA:51,10,0,0
BRDA:51,11,0,0
BRDA:65,12,0,0
BRDA:65,13,0,0
BRDA:72,14,0,0
BRDA:72,15,0,0
BRDA:79,16,0,0
BRDA:79,17,0,0
BRDA:88,18,0,0
BRDA:88,19,0,0
BRDA:96,20,0,0
BRDA:96,21,0,0
BRDA:103,22,0,0
BRDA:103,23,0,0
BRDA:111,24,0,0
BRDA:111,25,0,0
BRDA:119,26,0,0
BRDA:119,27,0,0
BRDA:126,28,0,0
BRDA:126,29,0,0
BRDA:135,30,0,0
BRDA:135,31,0,0
BRDA:141,32,0,0
BRDA:141,33,0,0
BRDA:147,34,0,0
BRDA:147,35,0,0
BRDA:154,36,0,0
BRDA:154,37,0,0
BRDA:162,38,0,0
BRDA:162,39,0,0
BRDA:169,40,0,0
BRDA:169,41,0,0
BRDA:176,42,0,0
BRDA:176,43,0,0
BRDA:183,44,0,0
BRDA:183,45,0,0
BRDA:191,46,0,0
BRDA:191,47,0,0
BRDA:197,48,0,0
BRDA:197,49,0,0
BRDA:205,50,0,0
BRDA:205,51,0,0
BRDA:211,52,0,0
BRDA:211,53,0,0
BRDA:218,54,0,0
BRDA:218,55,0,0
BRDA:225,56,0,0
BRDA:225,57,0,0
BRDA:232,58,0,0
BRDA:232,59,0,0
BRDA:238,60,0,0
BRDA:238,61,0,0
BRDA:245,62,0,0
BRDA:245,63,0,0
BRDA:251,64,0,0
BRDA:251,65,0,0
BRDA:259,66,0,0
BRDA:259,67,0,0
BRF:68
BRH:0
end_of_record
TN:
SF:src/contexts/AuthContext.js
FN:8,(anonymous_0)
FN:12,(anonymous_1)
FN:17,(anonymous_2)
FN:26,(anonymous_3)
FN:48,(anonymous_4)
FN:70,(anonymous_5)
FNF:6
FNH:0
[...]
FNDA:0,(anonymous_6)
FNDA:0,(anonymous_7)
DA:2,0
DA:4,0
DA:5,0
DA:6,0
DA:7,0
DA:9,0
DA:59,0
DA:60,0
DA:61,0
DA:63,0
DA:198,0
DA:201,0
DA:202,0
DA:207,0
DA:208,0
DA:213,0
DA:215,0
DA:216,0
DA:218,0
DA:237,0
DA:239,0
LF:21
LH:0
BRDA:6,0,0,0
BRDA:6,0,1,0
BRDA:7,1,0,0
BRDA:7,1,1,0
BRDA:61,2,0,0
BRDA:61,2,1,0
BRDA:216,3,0,0
BRDA:216,3,1,0
BRF:8
BRH:0
end_of_record
TN:
SF:src/services/openaiService.js
FN:128,(anonymous_0)
FN:136,(anonymous_1)
FN:145,(anonymous_2)
FN:151,(anonymous_3)
FN:152,(anonymous_4)
FN:154,(anonymous_5)
FN:161,(anonymous_6)
FN:167,(anonymous_7)
FN:211,(anonymous_8)
FN:236,(anonymous_9)
FN:264,(anonymous_10)
FN:350,(anonymous_11)
FN:467,(anonymous_12)
FN:540,(anonymous_13)
FN:617,(anonymous_14)
FN:663,(anonymous_15)
FN:664,(anonymous_16)
FN:682,(anonymous_17)
FN:729,(anonymous_18)
FN:730,(anonymous_19)
FN:748,(anonymous_20)
FN:792,(anonymous_21)
FN:793,(anonymous_22)
FN:815,(anonymous_23)
FN:893,(anonymous_24)
FN:970,(anonymous_25)
FN:1004,(anonymous_26)
FN:1005,(anonymous_27)
FN:1030,(anonymous_28)
FN:1072,(anonymous_29)
FN:1073,(anonymous_30)
FN:1091,(anonymous_31)
FN:1133,(anonymous_32)
FN:1134,(anonymous_33)
FN:1153,(anonymous_34)
FN:1195,(anonymous_35)
FN:1196,(anonymous_36)
FN:1219,(anonymous_37)
FN:1261,(anonymous_38)
FN:1262,(anonymous_39)
FN:1281,(anonymous_40)
FN:1323,(anonymous_41)
FN:1324,(anonymous_42)
FN:1347,(anonymous_43)
FN:1389,(anonymous_44)
FN:1390,(anonymous_45)
FN:1409,(anonymous_46)
FN:1450,(anonymous_47)
FN:1451,(anonymous_48)
FN:1470,(anonymous_49)
FN:1511,(anonymous_50)
FN:1512,(anonymous_51)
FN:1535,(anonymous_52)
FN:1577,(anonymous_53)
FN:1578,(anonymous_54)
FN:1597,(anonymous_55)
FN:1639,(anonymous_56)
FN:1640,(anonymous_57)
FN:1663,(anonymous_58)
FN:1709,(anonymous_59)
FN:1710,(anonymous_60)
FN:1729,(anonymous_61)
FN:1766,(anonymous_62)
FN:1767,(anonymous_63)
FN:1786,(anonymous_64)
FN:1829,(anonymous_65)
FN:1830,(anonymous_66)
FN:1853,(anonymous_67)
FN:1897,(anonymous_68)
FN:1898,(anonymous_69)
FN:1917,(anonymous_70)
FN:1954,(anonymous_71)
FN:1955,(anonymous_72)
FN:1974,(anonymous_73)
FN:2017,(anonymous_74)
FN:2018,(anonymous_75)
FN:2041,(anonymous_76)
FN:2083,(anonymous_77)
FN:2084,(anonymous_78)
FN:2103,(anonymous_79)
FN:2145,(anonymous_80)
FN:2146,(anonymous_81)
FN:2165,(anonymous_82)
FN:2205,(anonymous_83)
FN:2206,(anonymous_84)
FN:2229,(anonymous_85)
FN:2273,(anonymous_86)
FN:2274,(anonymous_87)
FN:2293,(anonymous_88)
FN:2334,(anonymous_89)
FN:2335,(anonymous_90)
FN:2354,(anonymous_91)
FN:2393,(anonymous_92)
FN:2394,(anonymous_93)
FN:2417,(anonymous_94)
FN:2461,(anonymous_95)
FN:2462,(anonymous_96)
FN:2481,(anonymous_97)
FN:2522,(anonymous_98)
FN:2523,(anonymous_99)
FN:2546,(anonymous_100)
FN:2590,(anonymous_101)
FN:2591,(anonymous_102)
FN:2610,(anonymous_103)
FN:2651,(anonymous_104)
FN:2652,(anonymous_105)
FN:2671,(anonymous_106)
FN:2714,(anonymous_107)
FN:2715,(anonymous_108)
FN:2738,(anonymous_109)
FN:2780,(anonymous_110)
FN:2781,(anonymous_111)
FN:2800,(anonymous_112)
FN:2842,(anonymous_113)
FN:2843,(anonymous_114)
FN:2866,(anonymous_115)
FN:2908,(anonymous_116)
FN:2909,(anonymous_117)
FN:2928,(anonymous_118)
FN:2970,(anonymous_119)
FN:2971,(anonymous_120)
FN:2990,(anonymous_121)
FN:3030,(anonymous_122)
FN:3031,(anonymous_123)
FN:3050,(anonymous_124)
FN:3092,(anonymous_125)
FN:3093,(anonymous_126)
FN:3112,(anonymous_127)
FN:3153,(anonymous_128)
FN:3154,(anonymous_129)
FN:3173,(anonymous_130)
FN:3198,(anonymous_131)
FN:3199,(anonymous_132)
FN:3218,(anonymous_133)
FN:3235,(anonymous_134)
FN:3236,(anonymous_135)
FN:3253,(anonymous_136)
FN:3270,(anonymous_137)
FN:3271,(anonymous_138)
FN:3288,(anonymous_139)
FN:3305,(anonymous_140)
FN:3306,(anonymous_141)
FN:3327,(anonymous_142)
FN:3351,(anonymous_143)
FN:3352,(anonymous_144)
FN:3371,(anonymous_145)
FN:3395,(anonymous_146)
FN:3396,(anonymous_147)
FN:3415,(anonymous_148)
FN:3440,(anonymous_149)
FN:3441,(anonymous_150)
FN:3460,(anonymous_151)
FN:3485,(anonymous_152)
FN:3486,(anonymous_153)
FN:3505,(anonymous_154)
FN:3530,(anonymous_155)
FN:3531,(anonymous_156)
FN:3550,(anonymous_157)
FN:3575,(anonymous_158)
FN:3576,(anonymous_159)
FN:3595,(anonymous_160)
FN:3620,(anonymous_161)
FN:3621,(anonymous_162)
FN:3640,(anonymous_163)
FN:3665,(anonymous_164)
FN:3666,(anonymous_165)
FN:3686,(anonymous_166)
FN:3696,(anonymous_167)
FN:3729,(anonymous_168)
FN:3976,(anonymous_169)
FN:3981,(anonymous_170)
FNF:171
FNH:2
FNDA:0,(anonymous_0)
FNDA:0,(anonymous_1)
FNDA:0,(anonymous_2)
FNDA:0,(anonymous_3)
FNDA:0,(anonymous_4)
FNDA:0,(anonymous_5)
FNDA:0,(anonymous_6)
FNDA:0,(anonymous_7)
FNDA:0,(anonymous_8)
FNDA:0,(anonymous_9)
FNDA:0,(anonymous_10)
FNDA:0,(anonymous_11)
FNDA:0,(anonymous_12)
FNDA:0,(anonymous_13)
FNDA:0,(anonymous_14)
FNDA:0,(anonymous_15)
FNDA:0,(anonymous_16)
FNDA:0,(anonymous_17)
FNDA:0,(anonymous_18)
FNDA:0,(anonymous_19)
FNDA:0,(anonymous_20)
FNDA:0,(anonymous_21)
FNDA:0,(anonymous_22)
FNDA:0,(anonymous_23)
FNDA:0,(anonymous_24)
FNDA:0,(anonymous_25)
FNDA:0,(anonymous_26)
FNDA:0,(anonymous_27)
FNDA:0,(anonymous_28)
FNDA:0,(anonymous_29)
FNDA:0,(anonymous_30)
FNDA:0,(anonymous_31)
FNDA:0,(anonymous_32)
FNDA:0,(anonymous_33)
FNDA:0,(anonymous_34)
FNDA:0,(anonymous_35)
FNDA:0,(anonymous_36)
FNDA:0,(anonymous_37)
FNDA:0,(anonymous_38)
FNDA:0,(anonymous_39)
FNDA:0,(anonymous_40)
FNDA:0,(anonymous_41)
FNDA:0,(anonymous_42)
FNDA:0,(anonymous_43)
FNDA:0,(anonymous_44)
FNDA:0,(anonymous_45)
FNDA:0,(anonymous_46)
FNDA:0,(anonymous_47)
FNDA:0,(anonymous_48)
FNDA:0,(anonymous_49)
FNDA:0,(anonymous_50)
FNDA:0,(anonymous_51)
FNDA:0,(anonymous_52)
FNDA:0,(anonymous_53)
FNDA:0,(anonymous_54)
FNDA:0,(anonymous_55)
FNDA:0,(anonymous_56)
FNDA:0,(anonymous_57)
FNDA:0,(anonymous_58)
FNDA:0,(anonymous_59)
FNDA:0,(anonymous_60)
FNDA:0,(anonymous_61)
FNDA:0,(anonymous_62)
FNDA:0,(anonymous_63)
FNDA:0,(anonymous_64)
FNDA:0,(anonymous_65)
FNDA:0,(anonymous_66)
FNDA:0,(anonymous_67)
FNDA:0,(anonymous_68)
FNDA:0,(anonymous_69)
FNDA:0,(anonymous_70)
FNDA:0,(anonymous_71)
FNDA:0,(anonymous_72)
FNDA:0,(anonymous_73)
FNDA:0,(anonymous_74)
FNDA:0,(anonymous_75)
FNDA:0,(anonymous_76)
FNDA:0,(anonymous_77)
FNDA:0,(anonymous_78)
FNDA:0,(anonymous_79)
FNDA:0,(anonymous_80)
FNDA:0,(anonymous_81)
FNDA:0,(anonymous_82)
FNDA:0,(anonymous_83)
FNDA:0,(anonymous_84)
FNDA:0,(anonymous_85)
FNDA:0,(anonymous_86)
FNDA:0,(anonymous_87)
FNDA:0,(anonymous_88)
FNDA:0,(anonymous_89)
FNDA:0,(anonymous_90)
FNDA:0,(anonymous_91)
FNDA:0,(anonymous_92)
FNDA:0,(anonymous_93)
FNDA:0,(anonymous_94)
FNDA:0,(anonymous_95)
FNDA:0,(anonymous_96)
FNDA:0,(anonymous_97)
FNDA:0,(anonymous_98)
FNDA:0,(anonymous_99)
FNDA:0,(anonymous_100)
FNDA:0,(anonymous_101)
FNDA:0,(anonymous_102)
FNDA:0,(anonymous_103)
FNDA:0,(anonymous_104)
FNDA:0,(anonymous_105)
FNDA:0,(anonymous_106)
FNDA:0,(anonymous_107)
FNDA:0,(anonymous_108)
FNDA:0,(anonymous_109)
FNDA:0,(anonymous_110)
FNDA:0,(anonymous_111)
FNDA:0,(anonymous_112)
FNDA:0,(anonymous_113)
FNDA:0,(anonymous_114)
FNDA:0,(anonymous_115)
FNDA:0,(anonymous_116)
FNDA:0,(anonymous_117)
FNDA:0,(anonymous_118)
FNDA:0,(anonymous_119)
FNDA:0,(anonymous_120)
FNDA:0,(anonymous_121)
FNDA:0,(anonymous_122)
FNDA:0,(anonymous_123)
FNDA:0,(anonymous_124)
FNDA:0,(anonymous_125)
FNDA:0,(anonymous_126)
FNDA:0,(anonymous_127)
FNDA:0,(anonymous_128)
FNDA:0,(anonymous_129)
FNDA:0,(anonymous_130)
FNDA:0,(anonymous_131)
FNDA:0,(anonymous_132)
FNDA:0,(anonymous_133)
FNDA:0,(anonymous_134)
FNDA:0,(anonymous_135)
FNDA:0,(anonymous_136)
FNDA:0,(anonymous_137)
FNDA:0,(anonymous_138)
FNDA:0,(anonymous_139)
FNDA:0,(anonymous_140)
FNDA:0,(anonymous_141)
FNDA:0,(anonymous_142)
FNDA:0,(anonymous_143)
FNDA:0,(anonymous_144)
FNDA:0,(anonymous_145)
FNDA:0,(anonymous_146)
FNDA:0,(anonymous_147)
FNDA:0,(anonymous_148)
FNDA:0,(anonymous_149)
FNDA:0,(anonymous_150)
FNDA:0,(anonymous_151)
FNDA:0,(anonymous_152)
FNDA:0,(anonymous_153)
FNDA:0,(anonymous_154)
FNDA:0,(anonymous_155)
FNDA:0,(anonymous_156)
FNDA:0,(anonymous_157)
FNDA:0,(anonymous_158)
FNDA:0,(anonymous_159)
FNDA:0,(anonymous_160)
FNDA:0,(anonymous_161)
FNDA:0,(anonymous_162)
FNDA:0,(anonymous_163)
FNDA:0,(anonymous_164)
FNDA:0,(anonymous_165)
FNDA:14,(anonymous_166)
FNDA:65,(anonymous_167)
FNDA:0,(anonymous_168)
FNDA:0,(anonymous_169)
FNDA:0,(anonymous_170)
DA:5,2
DA:9,2
DA:58,2
DA:104,2
DA:115,2
DA:128,2
DA:129,0
DA:130,0
DA:131,0
DA:134,0
DA:135,0
DA:136,0
DA:138,0
DA:139,0
DA:142,0
DA:145,2
DA:146,0
DA:147,0
DA:150,0
DA:151,0
DA:153,0
DA:154,0
DA:155,0
DA:158,0
DA:161,2
DA:162,0
DA:163,0
DA:164,0
DA:167,2
DA:168,0
DA:169,0
DA:171,0
DA:199,2
DA:207,2
DA:212,0
DA:213,0
DA:214,0
DA:216,0
DA:217,0
DA:226,0
DA:229,0
DA:237,0
DA:238,0
DA:254,0
DA:257,0
DA:265,0
DA:267,0
DA:268,0
DA:271,0
DA:274,0
DA:299,0
DA:307,0
DA:323,0
DA:328,0
DA:339,0
DA:351,0
DA:353,0
DA:354,0
DA:357,0
DA:360,0
DA:396,0
DA:432,0
DA:434,0
DA:435,0
DA:437,0
DA:438,0
DA:440,0
DA:441,0
DA:444,0
DA:445,0
DA:448,0
DA:449,0
DA:450,0
DA:451,0
DA:454,0
DA:459,0
DA:460,0
DA:468,0
DA:470,0
DA:471,0
DA:474,0
DA:477,0
DA:500,0
DA:528,0
DA:532,0
DA:533,0
DA:541,0
DA:543,0
DA:544,0
DA:547,0
DA:550,0
DA:574,0
DA:603,0
DA:605,0
DA:606,0
DA:618,0
DA:619,0
DA:664,0
DA:672,0
DA:674,0
DA:675,0
DA:683,0
DA:684,0
DA:730,0
DA:738,0
DA:740,0
DA:741,0
DA:749,0
DA:750,0
DA:793,0
DA:801,0
DA:803,0
DA:804,0
DA:816,0
DA:818,0
DA:819,0
DA:822,0
DA:825,0
DA:850,0
DA:881,0
DA:885,0
DA:886,0
DA:894,0
DA:896,0
DA:897,0
DA:900,0
DA:903,0
DA:927,0
DA:958,0
DA:962,0
DA:963,0
DA:971,0
DA:972,0
DA:1005,0
DA:1014,0
DA:1018,0
DA:1019,0
DA:1031,0
DA:1032,0
DA:1073,0
DA:1081,0
DA:1083,0
DA:1084,0
DA:1092,0
DA:1093,0
DA:1134,0
DA:1143,0
DA:1145,0
DA:1146,0
DA:1154,0
DA:1155,0
DA:1196,0
DA:1205,0
DA:1207,0
DA:1208,0
DA:1220,0
DA:1221,0
DA:1262,0
DA:1271,0
DA:1273,0
DA:1274,0
DA:1282,0
DA:1283,0
DA:1324,0
DA:1333,0
DA:1335,0
DA:1336,0
DA:1348,0
DA:1349,0
DA:1390,0
DA:1399,0
DA:1401,0
DA:1402,0
DA:1410,0
DA:1411,0
DA:1451,0
DA:1460,0
DA:1462,0
DA:1463,0
DA:1471,0
DA:1472,0
DA:1512,0
DA:1521,0
DA:1523,0
DA:1524,0
DA:1536,0
DA:1537,0
DA:1578,0
DA:1587,0
DA:1589,0
DA:1590,0
DA:1598,0
DA:1599,0
DA:1640,0
DA:1649,0
DA:1651,0
DA:1652,0
DA:1664,0
DA:1665,0
DA:1710,0
DA:1719,0
DA:1721,0
DA:1722,0
DA:1730,0
DA:1731,0
DA:1767,0
DA:1776,0
DA:1778,0
DA:1779,0
DA:1787,0
DA:1788,0
DA:1830,0
DA:1839,0
DA:1841,0
DA:1842,0
DA:1854,0
DA:1855,0
DA:1898,0
DA:1907,0
DA:1909,0
DA:1910,0
DA:1918,0
DA:1919,0
DA:1955,0
DA:1964,0
DA:1966,0
DA:1967,0
DA:1975,0
DA:1976,0
DA:2018,0
DA:2027,0
DA:2029,0
DA:2030,0
DA:2042,0
DA:2043,0
DA:2084,0
DA:2093,0
DA:2095,0
DA:2096,0
DA:2104,0
DA:2105,0
DA:2146,0
DA:2155,0
DA:2157,0
DA:2158,0
DA:2166,0
DA:2167,0
DA:2206,0
DA:2215,0
DA:2217,0
DA:2218,0
DA:2230,0
DA:2231,0
DA:2274,0
DA:2283,0
DA:2285,0
DA:2286,0
DA:2294,0
DA:2295,0
DA:2335,0
DA:2344,0
DA:2346,0
DA:2347,0
DA:2355,0
DA:2356,0
DA:2394,0
DA:2403,0
DA:2405,0
DA:2406,0
DA:2418,0
DA:2419,0
DA:2462,0
DA:2471,0
DA:2473,0
DA:2474,0
DA:2482,0
DA:2483,0
DA:2523,0
DA:2532,0
DA:2534,0
DA:2535,0
DA:2547,0
DA:2548,0
DA:2591,0
DA:2600,0
DA:2602,0
DA:2603,0
DA:2611,0
DA:2612,0
DA:2652,0
DA:2661,0
DA:2663,0
DA:2664,0
DA:2672,0
DA:2673,0
DA:2715,0
DA:2724,0
DA:2726,0
DA:2727,0
DA:2739,0
DA:2740,0
DA:2781,0
DA:2790,0
DA:2792,0
DA:2793,0
DA:2801,0
DA:2802,0
DA:2843,0
DA:2852,0
DA:2854,0
DA:2855,0
DA:2867,0
DA:2868,0
DA:2909,0
DA:2918,0
DA:2920,0
DA:2921,0
DA:2929,0
DA:2930,0
DA:2971,0
DA:2980,0
DA:2982,0
DA:2983,0
DA:2991,0
DA:2992,0
DA:3031,0
DA:3040,0
DA:3042,0
DA:3043,0
DA:3051,0
DA:3052,0
DA:3093,0
DA:3102,0
DA:3104,0
DA:3105,0
DA:3113,0
DA:3114,0
DA:3154,0
DA:3163,0
DA:3165,0
DA:3166,0
DA:3174,0
DA:3175,0
DA:3199,0
DA:3208,0
DA:3210,0
DA:3211,0
DA:3219,0
DA:3220,0
DA:3236,0
DA:3243,0
DA:3245,0
DA:3246,0
DA:3254,0
DA:3255,0
DA:3271,0
DA:3278,0
DA:3280,0
DA:3281,0
DA:3289,0
DA:3290,0
DA:3306,0
DA:3313,0
DA:3315,0
DA:3316,0
DA:3328,0
DA:3329,0
DA:3352,0
DA:3361,0
DA:3363,0
DA:3364,0
DA:3372,0
DA:3373,0
DA:3396,0
DA:3405,0
DA:3407,0
DA:3408,0
DA:3416,0
DA:3417,0
DA:3441,0
DA:3450,0
DA:3452,0
DA:3453,0
DA:3461,0
DA:3462,0
DA:3486,0
DA:3495,0
DA:3497,0
DA:3498,0
DA:3506,0
DA:3507,0
DA:3531,0
DA:3540,0
DA:3542,0
DA:3543,0
DA:3551,0
DA:3552,0
DA:3576,0
DA:3585,0
DA:3587,0
DA:3588,0
DA:3596,0
DA:3597,0
DA:3621,0
DA:3630,0
DA:3632,0
DA:3633,0
DA:3641,0
DA:3642,0
DA:3666,0
DA:3675,0
DA:3677,0
DA:3678,0
DA:3687,14
DA:3689,14
DA:3690,0
DA:3694,14
DA:3695,14
DA:3696,13
DA:3697,65
DA:3698,65
DA:3701,13
DA:3702,0
DA:3707,13
DA:3722,0
DA:3724,14
DA:3725,14
DA:3730,0
DA:3741,0
DA:3744,0
DA:3797,0
DA:3803,0
DA:3806,0
DA:3807,0
DA:3812,0
DA:3813,0
DA:3816,0
DA:3825,0
DA:3827,0
DA:3894,0
DA:3901,0
DA:3902,0
DA:3905,0
DA:3906,0
DA:3911,0
DA:3941,0
DA:3944,0
DA:3977,0
DA:3978,0
DA:3981,0
DA:3986,0
DA:4016,0
DA:4019,0
LF:453
LH:22
BRDA:130,0,0,0
BRDA:130,0,1,0
BRDA:134,1,0,0
BRDA:134,1,1,0
BRDA:135,2,0,0
BRDA:135,2,1,0
BRDA:138,3,0,0
BRDA:138,3,1,0
BRDA:146,4,0,0
BRDA:146,4,1,0
BRDA:146,5,0,0
BRDA:146,5,1,0
BRDA:151,6,0,0
BRDA:151,6,1,0
BRDA:158,7,0,0
BRDA:158,7,1,0
BRDA:163,8,0,0
BRDA:163,8,1,0
BRDA:169,9,0,0
BRDA:169,9,1,0
BRDA:179,10,0,0
BRDA:179,10,1,0
BRDA:299,11,0,0
BRDA:299,11,1,0
BRDA:333,12,0,0
BRDA:333,12,1,0
BRDA:440,13,0,0
BRDA:440,13,1,0
BRDA:440,14,0,0
BRDA:440,14,1,0
BRDA:444,15,0,0
BRDA:444,15,1,0
BRDA:444,16,0,0
BRDA:444,16,1,0
BRDA:448,17,0,0
BRDA:448,17,1,0
BRDA:448,18,0,0
BRDA:448,18,1,0
BRDA:451,19,0,0
BRDA:451,19,1,0
BRDA:455,20,0,0
BRDA:455,20,1,0
BRDA:456,21,0,0
BRDA:456,21,1,0
BRDA:459,22,0,0
BRDA:459,22,1,0
BRDA:532,23,0,0
BRDA:532,23,1,0
BRDA:605,24,0,0
BRDA:605,24,1,0
BRDA:663,25,0,0
BRDA:663,25,1,0
BRDA:664,26,0,0
BRDA:664,26,1,0
BRDA:674,27,0,0
BRDA:674,27,1,0
BRDA:729,28,0,0
BRDA:729,28,1,0
BRDA:730,29,0,0
BRDA:730,29,1,0
BRDA:740,30,0,0
BRDA:740,30,1,0
BRDA:792,31,0,0
BRDA:792,31,1,0
BRDA:793,32,0,0
BRDA:793,32,1,0
BRDA:803,33,0,0
BRDA:803,33,1,0
BRDA:885,34,0,0
BRDA:885,34,1,0
BRDA:962,35,0,0
BRDA:962,35,1,0
BRDA:1004,36,0,0
BRDA:1004,36,1,0
BRDA:1005,37,0,0
BRDA:1005,37,1,0
BRDA:1018,38,0,0
BRDA:1018,38,1,0
BRDA:1072,39,0,0
BRDA:1072,39,1,0
BRDA:1073,40,0,0
BRDA:1073,40,1,0
BRDA:1083,41,0,0
BRDA:1083,41,1,0
BRDA:1133,42,0,0
BRDA:1133,42,1,0
BRDA:1134,43,0,0
BRDA:1134,43,1,0
BRDA:1145,44,0,0
BRDA:1145,44,1,0
BRDA:1195,45,0,0
BRDA:1195,45,1,0
BRDA:1196,46,0,0
BRDA:1196,46,1,0
BRDA:1207,47,0,0
BRDA:1207,47,1,0
BRDA:1261,48,0,0
BRDA:1261,48,1,0
BRDA:1262,49,0,0
BRDA:1262,49,1,0
BRDA:1273,50,0,0
BRDA:1273,50,1,0
BRDA:1323,51,0,0
BRDA:1323,51,1,0
BRDA:1324,52,0,0
BRDA:1324,52,1,0
BRDA:1335,53,0,0
BRDA:1335,53,1,0
BRDA:1389,54,0,0
BRDA:1389,54,1,0
BRDA:1390,55,0,0
BRDA:1390,55,1,0
BRDA:1401,56,0,0
BRDA:1401,56,1,0
BRDA:1450,57,0,0
BRDA:1450,57,1,0
BRDA:1451,58,0,0
BRDA:1451,58,1,0
BRDA:1462,59,0,0
BRDA:1462,59,1,0
BRDA:1511,60,0,0
BRDA:1511,60,1,0
BRDA:1512,61,0,0
BRDA:1512,61,1,0
BRDA:1523,62,0,0
BRDA:1523,62,1,0
BRDA:1577,63,0,0
BRDA:1577,63,1,0
BRDA:1578,64,0,0
BRDA:1578,64,1,0
BRDA:1589,65,0,0
BRDA:1589,65,1,0
BRDA:1639,66,0,0
BRDA:1639,66,1,0
BRDA:1640,67,0,0
BRDA:1640,67,1,0
BRDA:1651,68,0,0
BRDA:1651,68,1,0
BRDA:1709,69,0,0
BRDA:1709,69,1,0
BRDA:1710,70,0,0
BRDA:1710,70,1,0
BRDA:1721,71,0,0
BRDA:1721,71,1,0
BRDA:1766,72,0,0
BRDA:1766,72,1,0
BRDA:1767,73,0,0
BRDA:1767,73,1,0
BRDA:1778,74,0,0
BRDA:1778,74,1,0
BRDA:1829,75,0,0
BRDA:1829,75,1,0
BRDA:1830,76,0,0
BRDA:1830,76,1,0
BRDA:1841,77,0,0
BRDA:1841,77,1,0
BRDA:1897,78,0,0
BRDA:1897,78,1,0
BRDA:1898,79,0,0
BRDA:1898,79,1,0
BRDA:1909,80,0,0
BRDA:1909,80,1,0
BRDA:1954,81,0,0
BRDA:1954,81,1,0
BRDA:1955,82,0,0
BRDA:1955,82,1,0
BRDA:1966,83,0,0
BRDA:1966,83,1,0
BRDA:2017,84,0,0
BRDA:2017,84,1,0
BRDA:2018,85,0,0
BRDA:2018,85,1,0
BRDA:2029,86,0,0
BRDA:2029,86,1,0
BRDA:2083,87,0,0
BRDA:2083,87,1,0
BRDA:2084,88,0,0
BRDA:2084,88,1,0
BRDA:2095,89,0,0
BRDA:2095,89,1,0
BRDA:2145,90,0,0
BRDA:2145,90,1,0
BRDA:2146,91,0,0
BRDA:2146,91,1,0
BRDA:2157,92,0,0
BRDA:2157,92,1,0
BRDA:2205,93,0,0
BRDA:2205,93,1,0
BRDA:2206,94,0,0
BRDA:2206,94,1,0
BRDA:2217,95,0,0
BRDA:2217,95,1,0
BRDA:2273,96,0,0
BRDA:2273,96,1,0
BRDA:2274,97,0,0
BRDA:2274,97,1,0
BRDA:2285,98,0,0
BRDA:2285,98,1,0
BRDA:2334,99,0,0
BRDA:2334,99,1,0
BRDA:2335,100,0,0
BRDA:2335,100,1,0
BRDA:2346,101,0,0
BRDA:2346,101,1,0
BRDA:2393,102,0,0
BRDA:2393,102,1,0
BRDA:2394,103,0,0
BRDA:2394,103,1,0
BRDA:2405,104,0,0
BRDA:2405,104,1,0
BRDA:2461,105,0,0
BRDA:2461,105,1,0
BRDA:2462,106,0,0
BRDA:2462,106,1,0
BRDA:2473,107,0,0
BRDA:2473,107,1,0
BRDA:2522,108,0,0
BRDA:2522,108,1,0
BRDA:2523,109,0,0
BRDA:2523,109,1,0
BRDA:2534,110,0,0
BRDA:2534,110,1,0
BRDA:2590,111,0,0
BRDA:2590,111,1,0
BRDA:2591,112,0,0
BRDA:2591,112,1,0
BRDA:2602,113,0,0
BRDA:2602,113,1,0
BRDA:2651,114,0,0
BRDA:2651,114,1,0
BRDA:2652,115,0,0
BRDA:2652,115,1,0
BRDA:2663,116,0,0
BRDA:2663,116,1,0
BRDA:2714,117,0,0
BRDA:2714,117,1,0
BRDA:2715,118,0,0
BRDA:2715,118,1,0
BRDA:2726,119,0,0
BRDA:2726,119,1,0
BRDA:2780,120,0,0
BRDA:2780,120,1,0
BRDA:2781,121,0,0
BRDA:2781,121,1,0
BRDA:2792,122,0,0
BRDA:2792,122,1,0
BRDA:2842,123,0,0
BRDA:2842,123,1,0
BRDA:2843,124,0,0
BRDA:2843,124,1,0
BRDA:2854,125,0,0
BRDA:2854,125,1,0
BRDA:2908,126,0,0
BRDA:2908,126,1,0
BRDA:2909,127,0,0
BRDA:2909,127,1,0
BRDA:2920,128,0,0
BRDA:2920,128,1,0
BRDA:2970,129,0,0
BRDA:2970,129,1,0
BRDA:2971,130,0,0
BRDA:2971,130,1,0
BRDA:2982,131,0,0
BRDA:2982,131,1,0
BRDA:3030,132,0,0
BRDA:3030,132,1,0
BRDA:3031,133,0,0
BRDA:3031,133,1,0
BRDA:3042,134,0,0
BRDA:3042,134,1,0
BRDA:3092,135,0,0
BRDA:3092,135,1,0
BRDA:3093,136,0,0
BRDA:3093,136,1,0
BRDA:3104,137,0,0
BRDA:3104,137,1,0
BRDA:3153,138,0,0
BRDA:3153,138,1,0
BRDA:3154,139,0,0
BRDA:3154,139,1,0
BRDA:3165,140,0,0
BRDA:3165,140,1,0
BRDA:3198,141,0,0
BRDA:3198,141,1,0
BRDA:3199,142,0,0
BRDA:3199,142,1,0
BRDA:3210,143,0,0
BRDA:3210,143,1,0
BRDA:3235,144,0,0
BRDA:3235,144,1,0
BRDA:3236,145,0,0
BRDA:3236,145,1,0
BRDA:3245,146,0,0
BRDA:3245,146,1,0
BRDA:3270,147,0,0
BRDA:3270,147,1,0
BRDA:3271,148,0,0
BRDA:3271,148,1,0
BRDA:3280,149,0,0
BRDA:3280,149,1,0
BRDA:3305,150,0,0
BRDA:3305,150,1,0
BRDA:3306,151,0,0
BRDA:3306,151,1,0
BRDA:3315,152,0,0
BRDA:3315,152,1,0
BRDA:3351,153,0,0
BRDA:3351,153,1,0
BRDA:3352,154,0,0
BRDA:3352,154,1,0
BRDA:3363,155,0,0
BRDA:3363,155,1,0
BRDA:3395,156,0,0
BRDA:3395,156,1,0
BRDA:3396,157,0,0
BRDA:3396,157,1,0
BRDA:3407,158,0,0
BRDA:3407,158,1,0
BRDA:3440,159,0,0
BRDA:3440,159,1,0
BRDA:3441,160,0,0
BRDA:3441,160,1,0
BRDA:3452,161,0,0
BRDA:3452,161,1,0
BRDA:3485,162,0,0
BRDA:3485,162,1,0
BRDA:3486,163,0,0
BRDA:3486,163,1,0
BRDA:3497,164,0,0
BRDA:3497,164,1,0
BRDA:3530,165,0,0
BRDA:3530,165,1,0
BRDA:3531,166,0,0
BRDA:3531,166,1,0
BRDA:3542,167,0,0
BRDA:3542,167,1,0
BRDA:3575,168,0,0
BRDA:3575,168,1,0
BRDA:3576,169,0,0
BRDA:3576,169,1,0
BRDA:3587,170,0,0
BRDA:3587,170,1,0
BRDA:3620,171,0,0
BRDA:3620,171,1,0
BRDA:3621,172,0,0
BRDA:3621,172,1,0
BRDA:3632,173,0,0
BRDA:3632,173,1,0
BRDA:3665,174,0,0
BRDA:3665,174,1,0
BRDA:3666,175,0,0
BRDA:3666,175,1,0
BRDA:3677,176,0,0
BRDA:3677,176,1,0
BRDA:3689,177,0,0
BRDA:3689,177,1,14
BRDA:3701,178,0,0
BRDA:3701,178,1,13
BRDA:3716,179,0,0
BRDA:3716,179,1,0
BRDA:3724,180,0,14
BRDA:3724,180,1,14
BRDA:3740,181,0,0
BRDA:3807,182,0,0
BRDA:3807,182,1,0
BRDA:3813,183,0,0
BRDA:3813,183,1,0
BRDA:3825,184,0,0
BRDA:3825,184,1,0
BRDA:3830,185,0,0
BRDA:3830,185,1,0
BRDA:3831,186,0,0
BRDA:3831,186,1,0
BRDA:3833,187,0,0
BRDA:3833,187,1,0
BRDA:3834,188,0,0
BRDA:3834,188,1,0
BRDA:3858,189,0,0
BRDA:3858,189,1,0
BRDA:3859,190,0,0
BRDA:3859,190,1,0
BRDA:3905,191,0,0
BRDA:3905,191,1,0
BRDA:3907,192,0,0
BRDA:3907,192,1,0
BRDA:3912,193,0,0
BRDA:3912,193,1,0
BRDA:3914,194,0,0
BRDA:3914,194,1,0
BRDA:3915,195,0,0
BRDA:3915,195,1,0
BRDA:3916,196,0,0
BRDA:3916,196,1,0
BRDA:3917,197,0,0
BRDA:3917,197,1,0
BRDA:3918,198,0,0
BRDA:3918,198,1,0
BRDA:3919,199,0,0
BRDA:3919,199,1,0
BRDA:3920,200,0,0
BRDA:3920,200,1,0
BRDA:3921,201,0,0
BRDA:3921,201,1,0
BRDA:3922,202,0,0
BRDA:3922,202,1,0
BRDA:3923,203,0,0
BRDA:3923,203,1,0
BRDA:3924,204,0,0
BRDA:3924,204,1,0
BRDA:3925,205,0,0
BRDA:3925,205,1,0
BRDA:3934,206,0,0
BRDA:3934,206,1,0
BRDA:3941,207,0,0
BRDA:3941,207,1,0
BRDA:3952,208,0,0
BRDA:3952,208,1,0
BRDA:3966,209,0,0
BRDA:3966,209,1,0
BRDA:3967,210,0,0
BRDA:3967,210,1,0
BRDA:3978,211,0,0
BRDA:3982,212,0,0
BRDA:3982,212,1,0
BRF:424
BRH:4
end_of_record
